<?xml version="1.0" encoding="UTF-8"?>
<TestRun id="6896f1f7-8da6-42ea-9174-12fd7d41e559" name="eclorina@ITSM1033954 2012-10-11 22:59:35" runUser="ACADEMIC\eclorina" xmlns="http://microsoft.com/schemas/VisualStudio/TeamTest/2010">
  <TestSettings name="Local" id="f6f5894d-bf36-4e2e-b51c-eaefe52a5be0">
    <Description>These are default test settings for a local test run.</Description>
    <Deployment userDeploymentRoot="C:\Users\eclorina\Dropbox\Public\Term3\.NET Programming\NETEdwardClorina\TestResults" useDefaultDeploymentRoot="false" enabled="false" runDeploymentRoot="eclorina_ITSM1033954 2012-10-11 22_59_35">
      <DeploymentItem filename="C:\Users\eclorina\Dropbox\Public\Term3\.NET Programming\NETEdwardClorina\NETEdwardClorina\bin\Debug\NETEdwardClorina.exe" />
      <DeploymentItem filename="C:\Users\eclorina\Dropbox\Public\Term3\.NET Programming\NETEdwardClorina\BusinessTier\bin\Debug\BusinessTier.dll" />
    </Deployment>
    <Execution>
      <TestTypeSpecific />
      <AgentRule name="Execution Agents">
      </AgentRule>
    </Execution>
  </TestSettings>
  <Times creation="2012-10-11T22:59:35.7492820-05:00" queuing="2012-10-11T22:59:36.7013364-05:00" start="2012-10-11T22:59:36.8283437-05:00" finish="2012-10-11T22:59:53.7613122-05:00" />
  <ResultSummary outcome="Error">
    <Counters total="1" executed="1" error="0" failed="0" timeout="0" aborted="1" inconclusive="0" passedButRunAborted="0" notRunnable="0" notExecuted="0" disconnected="0" warning="0" passed="0" completed="0" inProgress="0" pending="0" />
    <RunInfos>
      <RunInfo computerName="ITSM1033954" outcome="Warning" timestamp="2012-10-11T22:59:35.7972847-05:00">
        <Text>Deployment is currently disabled. The deployment item 'NETEdwardClorina.exe' on test 'EdwardClorinaTest.frmServiceTest.textLeaveChangedTest_Numeric' was not deployed.</Text>
      </RunInfo>
      <RunInfo computerName="ITSM1033954" outcome="Error" timestamp="2012-10-11T22:59:53.7603121-05:00">
        <Text>Test host process exited unexpectedly.</Text>
      </RunInfo>
    </RunInfos>
  </ResultSummary>
  <TestDefinitions>
    <UnitTest name="textLeaveChangedTest_Numeric" storage="c:\users\eclorina\dropbox\public\term3\.net programming\netedwardclorina\edwardclorinatest\bin\debug\edwardclorinatest.dll" id="5742311f-0f22-487a-e746-358c37201c0a">
      <DeploymentItems>
        <DeploymentItem filename="NETEdwardClorina.exe" />
      </DeploymentItems>
      <Execution id="2d9141bf-9a1e-4aa5-b75b-6f58cc7638ff" />
      <TestMethod codeBase="C:/Users/eclorina/Dropbox/Public/Term3/.NET Programming/NETEdwardClorina/EdwardClorinaTest/bin/Debug/EdwardClorinaTest.DLL" adapterTypeName="Microsoft.VisualStudio.TestTools.TestTypes.Unit.UnitTestAdapter, Microsoft.VisualStudio.QualityTools.Tips.UnitTest.Adapter, Version=10.0.0.0, Culture=neutral, PublicKeyToken=b03f5f7f11d50a3a" className="EdwardClorinaTest.frmServiceTest, EdwardClorinaTest, Version=1.0.0.0, Culture=neutral, PublicKeyToken=null" name="textLeaveChangedTest_Numeric" />
    </UnitTest>
  </TestDefinitions>
  <TestLists>
    <TestList name="Results Not in a List" id="8c84fa94-04c1-424b-9868-57a2d4851a1d" />
    <TestList name="All Loaded Results" id="19431567-8539-422a-85d7-44ee4e166bda" />
  </TestLists>
  <TestEntries>
    <TestEntry testId="5742311f-0f22-487a-e746-358c37201c0a" executionId="2d9141bf-9a1e-4aa5-b75b-6f58cc7638ff" testListId="8c84fa94-04c1-424b-9868-57a2d4851a1d" />
  </TestEntries>
  <Results>
    <UnitTestResult executionId="2d9141bf-9a1e-4aa5-b75b-6f58cc7638ff" testId="5742311f-0f22-487a-e746-358c37201c0a" testName="textLeaveChangedTest_Numeric" computerName="ITSM1033954" duration="00:00:16.8249623" startTime="2012-10-11T22:59:36.9363499-05:00" endTime="2012-10-11T22:59:53.7613122-05:00" testType="13cdc9d9-ddb5-4fa4-a97d-d965ccfc6d4b" outcome="Aborted" testListId="8c84fa94-04c1-424b-9868-57a2d4851a1d" relativeResultsDirectory="2d9141bf-9a1e-4aa5-b75b-6f58cc7638ff">
    </UnitTestResult>
  </Results>
</TestRun>