<?xml version="1.0" encoding="UTF-8"?>
<TestRun id="b44b1d77-fb33-43ad-b8dd-de09b508cf67" name="eclorina@ITSM1033954 2012-11-09 08:28:46" runUser="ACADEMIC\eclorina" xmlns="http://microsoft.com/schemas/VisualStudio/TeamTest/2010">
  <TestSettings name="Local" id="f6f5894d-bf36-4e2e-b51c-eaefe52a5be0">
    <Description>These are default test settings for a local test run.</Description>
    <Deployment enabled="false" runDeploymentRoot="eclorina_ITSM1033954 2012-11-09 08_28_46">
      <DeploymentItem filename="C:\Users\eclorina\Dropbox\Public\Term3\.NET Programming\NETEdwardClorina\NETEdwardClorina\bin\Debug\NETEdwardClorina.exe" />
      <DeploymentItem filename="C:\Users\eclorina\Dropbox\Public\Term3\.NET Programming\NETEdwardClorina\BusinessTier\bin\Debug\BusinessTier.dll" />
    </Deployment>
    <Execution>
      <TestTypeSpecific />
      <AgentRule name="Execution Agents">
      </AgentRule>
    </Execution>
  </TestSettings>
  <Times creation="2012-11-09T08:28:46.5049892-06:00" queuing="2012-11-09T08:28:46.5529940-06:00" start="2012-11-09T08:28:46.5649952-06:00" finish="2012-11-09T08:28:46.8670254-06:00" />
  <ResultSummary outcome="Completed">
    <Counters total="1" executed="1" passed="1" error="0" failed="0" timeout="0" aborted="0" inconclusive="0" passedButRunAborted="0" notRunnable="0" notExecuted="0" disconnected="0" warning="0" completed="0" inProgress="0" pending="0" />
  </ResultSummary>
  <TestDefinitions>
    <UnitTest name="readFiles_Interior" storage="c:\users\eclorina\dropbox\public\term3\.net programming\netedwardclorina\edwardclorinatest\bin\debug\edwardclorinatest.dll" id="2d782757-5b4c-948a-a178-65a1ee0cc3e9">
      <Execution id="62254613-7af4-472b-aea2-91a045f677ea" />
      <TestMethod codeBase="C:/Users/eclorina/Dropbox/Public/Term3/.NET Programming/NETEdwardClorina/EdwardClorinaTest/bin/Debug/EdwardClorinaTest.DLL" adapterTypeName="Microsoft.VisualStudio.TestTools.TestTypes.Unit.UnitTestAdapter, Microsoft.VisualStudio.QualityTools.Tips.UnitTest.Adapter, Version=10.0.0.0, Culture=neutral, PublicKeyToken=b03f5f7f11d50a3a" className="EdwardClorinaTest.frmCarWashTest, EdwardClorinaTest, Version=1.0.0.0, Culture=neutral, PublicKeyToken=null" name="readFiles_Interior" />
    </UnitTest>
  </TestDefinitions>
  <TestLists>
    <TestList name="Results Not in a List" id="8c84fa94-04c1-424b-9868-57a2d4851a1d" />
    <TestList name="All Loaded Results" id="19431567-8539-422a-85d7-44ee4e166bda" />
  </TestLists>
  <TestEntries>
    <TestEntry testId="2d782757-5b4c-948a-a178-65a1ee0cc3e9" executionId="62254613-7af4-472b-aea2-91a045f677ea" testListId="8c84fa94-04c1-424b-9868-57a2d4851a1d" />
  </TestEntries>
  <Results>
    <UnitTestResult executionId="62254613-7af4-472b-aea2-91a045f677ea" testId="2d782757-5b4c-948a-a178-65a1ee0cc3e9" testName="readFiles_Interior" computerName="ITSM1033954" duration="00:00:00.0494796" startTime="2012-11-09T08:28:46.5729960-06:00" endTime="2012-11-09T08:28:46.8080195-06:00" testType="13cdc9d9-ddb5-4fa4-a97d-d965ccfc6d4b" outcome="Passed" testListId="8c84fa94-04c1-424b-9868-57a2d4851a1d" relativeResultsDirectory="62254613-7af4-472b-aea2-91a045f677ea">
    </UnitTestResult>
  </Results>
</TestRun>