<?xml version="1.0" encoding="UTF-8"?>
<TestRun id="8f255bac-e7e1-411b-86ed-a1051dce62a0" name="eclorina@ITSM1033954 2012-10-05 08:41:29" runUser="ACADEMIC\eclorina" xmlns="http://microsoft.com/schemas/VisualStudio/TeamTest/2010">
  <TestSettings name="Local" id="f6f5894d-bf36-4e2e-b51c-eaefe52a5be0">
    <Description>These are default test settings for a local test run.</Description>
    <Deployment enabled="false" runDeploymentRoot="eclorina_ITSM1033954 2012-10-05 08_41_29">
      <DeploymentItem filename="C:\Users\eclorina\Dropbox\Public\Term3\.NET Programming\NETEdwardClorina\NETEdwardClorina\bin\Debug\NETEdwardClorina.exe" />
    </Deployment>
    <Execution>
      <TestTypeSpecific />
      <AgentRule name="Execution Agents">
      </AgentRule>
    </Execution>
  </TestSettings>
  <Times creation="2012-10-05T08:41:29.8608239-05:00" queuing="2012-10-05T08:41:33.2820195-05:00" start="2012-10-05T08:41:33.3470233-05:00" finish="2012-10-05T08:41:34.4200846-05:00" />
  <ResultSummary outcome="Warning">
    <Counters total="40" executed="40" passed="40" error="0" failed="0" timeout="0" aborted="0" inconclusive="0" passedButRunAborted="0" notRunnable="0" notExecuted="0" disconnected="0" warning="0" completed="0" inProgress="0" pending="0" />
    <RunInfos>
      <RunInfo computerName="ITSM1033954" outcome="Warning" timestamp="2012-10-05T08:41:31.5369197-05:00">
        <Text>Deployment is currently disabled. The deployment item 'NETEdwardClorina.exe' on test 'EdwardClorinaTest.frmEstimateTest.calculateTest_yearsMax' was not deployed.</Text>
      </RunInfo>
    </RunInfos>
  </ResultSummary>
  <TestDefinitions>
    <UnitTest name="calculateTest_yearsMax" storage="c:\users\eclorina\dropbox\public\term3\.net programming\netedwardclorina\edwardclorinatest\bin\debug\edwardclorinatest.dll" id="52dd2c69-511c-e3c3-9151-3221a6eb0905">
      <DeploymentItems>
        <DeploymentItem filename="NETEdwardClorina.exe" />
      </DeploymentItems>
      <Execution id="3b124e4f-6c8c-48ae-b302-73b4a810b341" />
      <TestMethod codeBase="C:/Users/eclorina/Dropbox/Public/Term3/.NET Programming/NETEdwardClorina/EdwardClorinaTest/bin/Debug/EdwardClorinaTest.DLL" adapterTypeName="Microsoft.VisualStudio.TestTools.TestTypes.Unit.UnitTestAdapter, Microsoft.VisualStudio.QualityTools.Tips.UnitTest.Adapter, Version=10.0.0.0, Culture=neutral, PublicKeyToken=b03f5f7f11d50a3a" className="EdwardClorinaTest.frmEstimateTest, EdwardClorinaTest, Version=1.0.0.0, Culture=neutral, PublicKeyToken=null" name="calculateTest_yearsMax" />
    </UnitTest>
    <UnitTest name="btnCalculate_NoTradeInTest" storage="c:\users\eclorina\dropbox\public\term3\.net programming\netedwardclorina\edwardclorinatest\bin\debug\edwardclorinatest.dll" id="13f17089-26b6-adac-d056-369110824fa8">
      <DeploymentItems>
        <DeploymentItem filename="NETEdwardClorina.exe" />
      </DeploymentItems>
      <Execution id="c08a041a-dd7c-4df0-ac0c-9dbf722a3178" />
      <TestMethod codeBase="C:/Users/eclorina/Dropbox/Public/Term3/.NET Programming/NETEdwardClorina/EdwardClorinaTest/bin/Debug/EdwardClorinaTest.DLL" adapterTypeName="Microsoft.VisualStudio.TestTools.TestTypes.Unit.UnitTestAdapter, Microsoft.VisualStudio.QualityTools.Tips.UnitTest.Adapter, Version=10.0.0.0, Culture=neutral, PublicKeyToken=b03f5f7f11d50a3a" className="EdwardClorinaTest.frmEstimateTest, EdwardClorinaTest, Version=1.0.0.0, Culture=neutral, PublicKeyToken=null" name="btnCalculate_NoTradeInTest" />
    </UnitTest>
    <UnitTest name="txtSelectAllTradeIn_EnterTest" storage="c:\users\eclorina\dropbox\public\term3\.net programming\netedwardclorina\edwardclorinatest\bin\debug\edwardclorinatest.dll" id="f5e539bb-191e-2c18-e7c9-abe35728d6a4">
      <DeploymentItems>
        <DeploymentItem filename="NETEdwardClorina.exe" />
      </DeploymentItems>
      <Execution id="0a1a42cc-6671-4094-946c-3d8fe4a17056" />
      <TestMethod codeBase="C:/Users/eclorina/Dropbox/Public/Term3/.NET Programming/NETEdwardClorina/EdwardClorinaTest/bin/Debug/EdwardClorinaTest.DLL" adapterTypeName="Microsoft.VisualStudio.TestTools.TestTypes.Unit.UnitTestAdapter, Microsoft.VisualStudio.QualityTools.Tips.UnitTest.Adapter, Version=10.0.0.0, Culture=neutral, PublicKeyToken=b03f5f7f11d50a3a" className="EdwardClorinaTest.frmEstimateTest, EdwardClorinaTest, Version=1.0.0.0, Culture=neutral, PublicKeyToken=null" name="txtSelectAllTradeIn_EnterTest" />
    </UnitTest>
    <UnitTest name="btnCalculate_MultipleTest" storage="c:\users\eclorina\dropbox\public\term3\.net programming\netedwardclorina\edwardclorinatest\bin\debug\edwardclorinatest.dll" id="6ca4807f-540d-c6a8-7b1c-625d17427524">
      <DeploymentItems>
        <DeploymentItem filename="NETEdwardClorina.exe" />
      </DeploymentItems>
      <Execution id="9288663e-2bce-40ba-b38b-4174e5081e6d" />
      <TestMethod codeBase="C:/Users/eclorina/Dropbox/Public/Term3/.NET Programming/NETEdwardClorina/EdwardClorinaTest/bin/Debug/EdwardClorinaTest.DLL" adapterTypeName="Microsoft.VisualStudio.TestTools.TestTypes.Unit.UnitTestAdapter, Microsoft.VisualStudio.QualityTools.Tips.UnitTest.Adapter, Version=10.0.0.0, Culture=neutral, PublicKeyToken=b03f5f7f11d50a3a" className="EdwardClorinaTest.frmEstimateTest, EdwardClorinaTest, Version=1.0.0.0, Culture=neutral, PublicKeyToken=null" name="btnCalculate_MultipleTest" />
    </UnitTest>
    <UnitTest name="radChangedCustomDetail_CheckedChangedTest" storage="c:\users\eclorina\dropbox\public\term3\.net programming\netedwardclorina\edwardclorinatest\bin\debug\edwardclorinatest.dll" id="9222fecf-4f1e-8c35-74ae-f7b601608fd1">
      <DeploymentItems>
        <DeploymentItem filename="NETEdwardClorina.exe" />
      </DeploymentItems>
      <Execution id="40227a60-8797-4ad8-8ab3-ee5418c8f274" />
      <TestMethod codeBase="C:/Users/eclorina/Dropbox/Public/Term3/.NET Programming/NETEdwardClorina/EdwardClorinaTest/bin/Debug/EdwardClorinaTest.DLL" adapterTypeName="Microsoft.VisualStudio.TestTools.TestTypes.Unit.UnitTestAdapter, Microsoft.VisualStudio.QualityTools.Tips.UnitTest.Adapter, Version=10.0.0.0, Culture=neutral, PublicKeyToken=b03f5f7f11d50a3a" className="EdwardClorinaTest.frmEstimateTest, EdwardClorinaTest, Version=1.0.0.0, Culture=neutral, PublicKeyToken=null" name="radChangedCustomDetail_CheckedChangedTest" />
    </UnitTest>
    <UnitTest name="calculateTest" storage="c:\users\eclorina\dropbox\public\term3\.net programming\netedwardclorina\edwardclorinatest\bin\debug\edwardclorinatest.dll" id="d3751965-96b3-454e-9878-5e9c8b111963">
      <DeploymentItems>
        <DeploymentItem filename="NETEdwardClorina.exe" />
      </DeploymentItems>
      <Execution id="df823379-5a25-4c5d-a346-a25444b55087" />
      <TestMethod codeBase="C:/Users/eclorina/Dropbox/Public/Term3/.NET Programming/NETEdwardClorina/EdwardClorinaTest/bin/Debug/EdwardClorinaTest.DLL" adapterTypeName="Microsoft.VisualStudio.TestTools.TestTypes.Unit.UnitTestAdapter, Microsoft.VisualStudio.QualityTools.Tips.UnitTest.Adapter, Version=10.0.0.0, Culture=neutral, PublicKeyToken=b03f5f7f11d50a3a" className="EdwardClorinaTest.frmEstimateTest, EdwardClorinaTest, Version=1.0.0.0, Culture=neutral, PublicKeyToken=null" name="calculateTest" />
    </UnitTest>
    <UnitTest name="enableFinanceTest_False" storage="c:\users\eclorina\dropbox\public\term3\.net programming\netedwardclorina\edwardclorinatest\bin\debug\edwardclorinatest.dll" id="4b548cbb-f070-3eab-57a1-27b52b5758f9">
      <DeploymentItems>
        <DeploymentItem filename="NETEdwardClorina.exe" />
      </DeploymentItems>
      <Execution id="c5ca41e4-f664-4495-a820-1fc7d5f9f310" />
      <TestMethod codeBase="C:/Users/eclorina/Dropbox/Public/Term3/.NET Programming/NETEdwardClorina/EdwardClorinaTest/bin/Debug/EdwardClorinaTest.DLL" adapterTypeName="Microsoft.VisualStudio.TestTools.TestTypes.Unit.UnitTestAdapter, Microsoft.VisualStudio.QualityTools.Tips.UnitTest.Adapter, Version=10.0.0.0, Culture=neutral, PublicKeyToken=b03f5f7f11d50a3a" className="EdwardClorinaTest.frmEstimateTest, EdwardClorinaTest, Version=1.0.0.0, Culture=neutral, PublicKeyToken=null" name="enableFinanceTest_False" />
    </UnitTest>
    <UnitTest name="chkChangedNone_CheckedChangedTest" storage="c:\users\eclorina\dropbox\public\term3\.net programming\netedwardclorina\edwardclorinatest\bin\debug\edwardclorinatest.dll" id="617cfebc-4eb5-27fe-13e8-77be2a6a1d90">
      <DeploymentItems>
        <DeploymentItem filename="NETEdwardClorina.exe" />
      </DeploymentItems>
      <Execution id="0aba9eb1-3e9b-40e4-931b-cfaac8b81e40" />
      <TestMethod codeBase="C:/Users/eclorina/Dropbox/Public/Term3/.NET Programming/NETEdwardClorina/EdwardClorinaTest/bin/Debug/EdwardClorinaTest.DLL" adapterTypeName="Microsoft.VisualStudio.TestTools.TestTypes.Unit.UnitTestAdapter, Microsoft.VisualStudio.QualityTools.Tips.UnitTest.Adapter, Version=10.0.0.0, Culture=neutral, PublicKeyToken=b03f5f7f11d50a3a" className="EdwardClorinaTest.frmEstimateTest, EdwardClorinaTest, Version=1.0.0.0, Culture=neutral, PublicKeyToken=null" name="chkChangedNone_CheckedChangedTest" />
    </UnitTest>
    <UnitTest name="btnCalculate_NoAccessoriesTest" storage="c:\users\eclorina\dropbox\public\term3\.net programming\netedwardclorina\edwardclorinatest\bin\debug\edwardclorinatest.dll" id="69d8cdff-358e-e0a2-86a1-f09ba854ef17">
      <DeploymentItems>
        <DeploymentItem filename="NETEdwardClorina.exe" />
      </DeploymentItems>
      <Execution id="48b75d1b-41b1-4004-bed9-29c4de816697" />
      <TestMethod codeBase="C:/Users/eclorina/Dropbox/Public/Term3/.NET Programming/NETEdwardClorina/EdwardClorinaTest/bin/Debug/EdwardClorinaTest.DLL" adapterTypeName="Microsoft.VisualStudio.TestTools.TestTypes.Unit.UnitTestAdapter, Microsoft.VisualStudio.QualityTools.Tips.UnitTest.Adapter, Version=10.0.0.0, Culture=neutral, PublicKeyToken=b03f5f7f11d50a3a" className="EdwardClorinaTest.frmEstimateTest, EdwardClorinaTest, Version=1.0.0.0, Culture=neutral, PublicKeyToken=null" name="btnCalculate_NoAccessoriesTest" />
    </UnitTest>
    <UnitTest name="quoteEnabledTrue_Test" storage="c:\users\eclorina\dropbox\public\term3\.net programming\netedwardclorina\edwardclorinatest\bin\debug\edwardclorinatest.dll" id="9488ef8e-9ae3-80b4-8035-92743c3f0ce1">
      <DeploymentItems>
        <DeploymentItem filename="NETEdwardClorina.exe" />
      </DeploymentItems>
      <Execution id="2be8c8c6-10c8-469a-8a09-fc36646d58b6" />
      <TestMethod codeBase="C:/Users/eclorina/Dropbox/Public/Term3/.NET Programming/NETEdwardClorina/EdwardClorinaTest/bin/Debug/EdwardClorinaTest.DLL" adapterTypeName="Microsoft.VisualStudio.TestTools.TestTypes.Unit.UnitTestAdapter, Microsoft.VisualStudio.QualityTools.Tips.UnitTest.Adapter, Version=10.0.0.0, Culture=neutral, PublicKeyToken=b03f5f7f11d50a3a" className="EdwardClorinaTest.frmEstimateTest, EdwardClorinaTest, Version=1.0.0.0, Culture=neutral, PublicKeyToken=null" name="quoteEnabledTrue_Test" />
    </UnitTest>
    <UnitTest name="chkChangedStereo_CheckedChangedTest" storage="c:\users\eclorina\dropbox\public\term3\.net programming\netedwardclorina\edwardclorinatest\bin\debug\edwardclorinatest.dll" id="70d6e0ce-7904-51f5-973e-2b44a102aeb7">
      <DeploymentItems>
        <DeploymentItem filename="NETEdwardClorina.exe" />
      </DeploymentItems>
      <Execution id="3da58241-365f-4be7-a56a-255dbd16c71a" />
      <TestMethod codeBase="C:/Users/eclorina/Dropbox/Public/Term3/.NET Programming/NETEdwardClorina/EdwardClorinaTest/bin/Debug/EdwardClorinaTest.DLL" adapterTypeName="Microsoft.VisualStudio.TestTools.TestTypes.Unit.UnitTestAdapter, Microsoft.VisualStudio.QualityTools.Tips.UnitTest.Adapter, Version=10.0.0.0, Culture=neutral, PublicKeyToken=b03f5f7f11d50a3a" className="EdwardClorinaTest.frmEstimateTest, EdwardClorinaTest, Version=1.0.0.0, Culture=neutral, PublicKeyToken=null" name="chkChangedStereo_CheckedChangedTest" />
    </UnitTest>
    <UnitTest name="txtChangedOrLeaveSalePrice_NonNumericTest" storage="c:\users\eclorina\dropbox\public\term3\.net programming\netedwardclorina\edwardclorinatest\bin\debug\edwardclorinatest.dll" id="f044e7ce-e9b7-f039-4105-5cd881f28baa">
      <DeploymentItems>
        <DeploymentItem filename="NETEdwardClorina.exe" />
      </DeploymentItems>
      <Execution id="071d3a44-4b4c-46b7-822a-9627e82d0700" />
      <TestMethod codeBase="C:/Users/eclorina/Dropbox/Public/Term3/.NET Programming/NETEdwardClorina/EdwardClorinaTest/bin/Debug/EdwardClorinaTest.DLL" adapterTypeName="Microsoft.VisualStudio.TestTools.TestTypes.Unit.UnitTestAdapter, Microsoft.VisualStudio.QualityTools.Tips.UnitTest.Adapter, Version=10.0.0.0, Culture=neutral, PublicKeyToken=b03f5f7f11d50a3a" className="EdwardClorinaTest.frmEstimateTest, EdwardClorinaTest, Version=1.0.0.0, Culture=neutral, PublicKeyToken=null" name="txtChangedOrLeaveSalePrice_NonNumericTest" />
    </UnitTest>
    <UnitTest name="chkChangedStereoCompNav_CheckedChangedTest" storage="c:\users\eclorina\dropbox\public\term3\.net programming\netedwardclorina\edwardclorinatest\bin\debug\edwardclorinatest.dll" id="2f816674-c6d9-d0be-6071-220f254803ac">
      <DeploymentItems>
        <DeploymentItem filename="NETEdwardClorina.exe" />
      </DeploymentItems>
      <Execution id="e95fcaad-357f-4696-8af2-d1966fa9351d" />
      <TestMethod codeBase="C:/Users/eclorina/Dropbox/Public/Term3/.NET Programming/NETEdwardClorina/EdwardClorinaTest/bin/Debug/EdwardClorinaTest.DLL" adapterTypeName="Microsoft.VisualStudio.TestTools.TestTypes.Unit.UnitTestAdapter, Microsoft.VisualStudio.QualityTools.Tips.UnitTest.Adapter, Version=10.0.0.0, Culture=neutral, PublicKeyToken=b03f5f7f11d50a3a" className="EdwardClorinaTest.frmEstimateTest, EdwardClorinaTest, Version=1.0.0.0, Culture=neutral, PublicKeyToken=null" name="chkChangedStereoCompNav_CheckedChangedTest" />
    </UnitTest>
    <UnitTest name="radChangedStandard_CheckedChangedTest" storage="c:\users\eclorina\dropbox\public\term3\.net programming\netedwardclorina\edwardclorinatest\bin\debug\edwardclorinatest.dll" id="45a8c117-d6a9-1d87-84b9-04e419370e4a">
      <DeploymentItems>
        <DeploymentItem filename="NETEdwardClorina.exe" />
      </DeploymentItems>
      <Execution id="58612c7e-25c8-4492-829e-0f29c7b478ac" />
      <TestMethod codeBase="C:/Users/eclorina/Dropbox/Public/Term3/.NET Programming/NETEdwardClorina/EdwardClorinaTest/bin/Debug/EdwardClorinaTest.DLL" adapterTypeName="Microsoft.VisualStudio.TestTools.TestTypes.Unit.UnitTestAdapter, Microsoft.VisualStudio.QualityTools.Tips.UnitTest.Adapter, Version=10.0.0.0, Culture=neutral, PublicKeyToken=b03f5f7f11d50a3a" className="EdwardClorinaTest.frmEstimateTest, EdwardClorinaTest, Version=1.0.0.0, Culture=neutral, PublicKeyToken=null" name="radChangedStandard_CheckedChangedTest" />
    </UnitTest>
    <UnitTest name="clearEnabledFalse_Test" storage="c:\users\eclorina\dropbox\public\term3\.net programming\netedwardclorina\edwardclorinatest\bin\debug\edwardclorinatest.dll" id="c59c3d8e-53e2-98e1-00f9-0e1cb81123e2">
      <DeploymentItems>
        <DeploymentItem filename="NETEdwardClorina.exe" />
      </DeploymentItems>
      <Execution id="39e24ad0-b96e-41e5-9c68-d987d38b9759" />
      <TestMethod codeBase="C:/Users/eclorina/Dropbox/Public/Term3/.NET Programming/NETEdwardClorina/EdwardClorinaTest/bin/Debug/EdwardClorinaTest.DLL" adapterTypeName="Microsoft.VisualStudio.TestTools.TestTypes.Unit.UnitTestAdapter, Microsoft.VisualStudio.QualityTools.Tips.UnitTest.Adapter, Version=10.0.0.0, Culture=neutral, PublicKeyToken=b03f5f7f11d50a3a" className="EdwardClorinaTest.frmEstimateTest, EdwardClorinaTest, Version=1.0.0.0, Culture=neutral, PublicKeyToken=null" name="clearEnabledFalse_Test" />
    </UnitTest>
    <UnitTest name="btnCalculate_HigherTradeInTest" storage="c:\users\eclorina\dropbox\public\term3\.net programming\netedwardclorina\edwardclorinatest\bin\debug\edwardclorinatest.dll" id="5565d732-dad7-4a06-da1f-b46e76896158">
      <DeploymentItems>
        <DeploymentItem filename="NETEdwardClorina.exe" />
      </DeploymentItems>
      <Execution id="4ecf808c-b6a5-4ff8-aac9-3c9519d67004" />
      <TestMethod codeBase="C:/Users/eclorina/Dropbox/Public/Term3/.NET Programming/NETEdwardClorina/EdwardClorinaTest/bin/Debug/EdwardClorinaTest.DLL" adapterTypeName="Microsoft.VisualStudio.TestTools.TestTypes.Unit.UnitTestAdapter, Microsoft.VisualStudio.QualityTools.Tips.UnitTest.Adapter, Version=10.0.0.0, Culture=neutral, PublicKeyToken=b03f5f7f11d50a3a" className="EdwardClorinaTest.frmEstimateTest, EdwardClorinaTest, Version=1.0.0.0, Culture=neutral, PublicKeyToken=null" name="btnCalculate_HigherTradeInTest" />
    </UnitTest>
    <UnitTest name="chkChangedLeather_CheckedChangedTest" storage="c:\users\eclorina\dropbox\public\term3\.net programming\netedwardclorina\edwardclorinatest\bin\debug\edwardclorinatest.dll" id="651ee12c-eead-caed-365a-cef57fe49640">
      <DeploymentItems>
        <DeploymentItem filename="NETEdwardClorina.exe" />
      </DeploymentItems>
      <Execution id="ec0916fe-761c-49f5-b089-624b349613e4" />
      <TestMethod codeBase="C:/Users/eclorina/Dropbox/Public/Term3/.NET Programming/NETEdwardClorina/EdwardClorinaTest/bin/Debug/EdwardClorinaTest.DLL" adapterTypeName="Microsoft.VisualStudio.TestTools.TestTypes.Unit.UnitTestAdapter, Microsoft.VisualStudio.QualityTools.Tips.UnitTest.Adapter, Version=10.0.0.0, Culture=neutral, PublicKeyToken=b03f5f7f11d50a3a" className="EdwardClorinaTest.frmEstimateTest, EdwardClorinaTest, Version=1.0.0.0, Culture=neutral, PublicKeyToken=null" name="chkChangedLeather_CheckedChangedTest" />
    </UnitTest>
    <UnitTest name="chkChangedAll_CheckedChangedTest" storage="c:\users\eclorina\dropbox\public\term3\.net programming\netedwardclorina\edwardclorinatest\bin\debug\edwardclorinatest.dll" id="a2ae5d1a-bef5-cd1a-fd2f-d198f86dae11">
      <DeploymentItems>
        <DeploymentItem filename="NETEdwardClorina.exe" />
      </DeploymentItems>
      <Execution id="a4b2f995-a3aa-45c7-9e18-03ac3f9c3e7d" />
      <TestMethod codeBase="C:/Users/eclorina/Dropbox/Public/Term3/.NET Programming/NETEdwardClorina/EdwardClorinaTest/bin/Debug/EdwardClorinaTest.DLL" adapterTypeName="Microsoft.VisualStudio.TestTools.TestTypes.Unit.UnitTestAdapter, Microsoft.VisualStudio.QualityTools.Tips.UnitTest.Adapter, Version=10.0.0.0, Culture=neutral, PublicKeyToken=b03f5f7f11d50a3a" className="EdwardClorinaTest.frmEstimateTest, EdwardClorinaTest, Version=1.0.0.0, Culture=neutral, PublicKeyToken=null" name="chkChangedAll_CheckedChangedTest" />
    </UnitTest>
    <UnitTest name="chkChangedStereoLeather_CheckedChangedTest" storage="c:\users\eclorina\dropbox\public\term3\.net programming\netedwardclorina\edwardclorinatest\bin\debug\edwardclorinatest.dll" id="d22b8720-2396-59f9-5495-600f2fe852ef">
      <DeploymentItems>
        <DeploymentItem filename="NETEdwardClorina.exe" />
      </DeploymentItems>
      <Execution id="ad05bf9c-cb9a-4752-ae55-b4aca1c8ae82" />
      <TestMethod codeBase="C:/Users/eclorina/Dropbox/Public/Term3/.NET Programming/NETEdwardClorina/EdwardClorinaTest/bin/Debug/EdwardClorinaTest.DLL" adapterTypeName="Microsoft.VisualStudio.TestTools.TestTypes.Unit.UnitTestAdapter, Microsoft.VisualStudio.QualityTools.Tips.UnitTest.Adapter, Version=10.0.0.0, Culture=neutral, PublicKeyToken=b03f5f7f11d50a3a" className="EdwardClorinaTest.frmEstimateTest, EdwardClorinaTest, Version=1.0.0.0, Culture=neutral, PublicKeyToken=null" name="chkChangedStereoLeather_CheckedChangedTest" />
    </UnitTest>
    <UnitTest name="clearEnabledTrue_Test" storage="c:\users\eclorina\dropbox\public\term3\.net programming\netedwardclorina\edwardclorinatest\bin\debug\edwardclorinatest.dll" id="9c124bcf-e619-5c77-498a-2ac79e8694f1">
      <DeploymentItems>
        <DeploymentItem filename="NETEdwardClorina.exe" />
      </DeploymentItems>
      <Execution id="44805ecc-c34e-44a3-86cc-6c1bcd4b5802" />
      <TestMethod codeBase="C:/Users/eclorina/Dropbox/Public/Term3/.NET Programming/NETEdwardClorina/EdwardClorinaTest/bin/Debug/EdwardClorinaTest.DLL" adapterTypeName="Microsoft.VisualStudio.TestTools.TestTypes.Unit.UnitTestAdapter, Microsoft.VisualStudio.QualityTools.Tips.UnitTest.Adapter, Version=10.0.0.0, Culture=neutral, PublicKeyToken=b03f5f7f11d50a3a" className="EdwardClorinaTest.frmEstimateTest, EdwardClorinaTest, Version=1.0.0.0, Culture=neutral, PublicKeyToken=null" name="clearEnabledTrue_Test" />
    </UnitTest>
    <UnitTest name="txtChangedOrLeave_NumericTest" storage="c:\users\eclorina\dropbox\public\term3\.net programming\netedwardclorina\edwardclorinatest\bin\debug\edwardclorinatest.dll" id="fb655678-719d-c498-3c6f-d378ca9161c3">
      <DeploymentItems>
        <DeploymentItem filename="NETEdwardClorina.exe" />
      </DeploymentItems>
      <Execution id="f6882b83-2d66-4d1e-a012-8c7682bccab6" />
      <TestMethod codeBase="C:/Users/eclorina/Dropbox/Public/Term3/.NET Programming/NETEdwardClorina/EdwardClorinaTest/bin/Debug/EdwardClorinaTest.DLL" adapterTypeName="Microsoft.VisualStudio.TestTools.TestTypes.Unit.UnitTestAdapter, Microsoft.VisualStudio.QualityTools.Tips.UnitTest.Adapter, Version=10.0.0.0, Culture=neutral, PublicKeyToken=b03f5f7f11d50a3a" className="EdwardClorinaTest.frmEstimateTest, EdwardClorinaTest, Version=1.0.0.0, Culture=neutral, PublicKeyToken=null" name="txtChangedOrLeave_NumericTest" />
    </UnitTest>
    <UnitTest name="AcceptQuoteToolStripMenuItem_Test" storage="c:\users\eclorina\dropbox\public\term3\.net programming\netedwardclorina\edwardclorinatest\bin\debug\edwardclorinatest.dll" id="6648b852-8b96-323d-69bc-7e6c3f8c5422">
      <DeploymentItems>
        <DeploymentItem filename="NETEdwardClorina.exe" />
      </DeploymentItems>
      <Execution id="29e9a94f-bb19-4e1b-a6c7-a08e3ef49cce" />
      <TestMethod codeBase="C:/Users/eclorina/Dropbox/Public/Term3/.NET Programming/NETEdwardClorina/EdwardClorinaTest/bin/Debug/EdwardClorinaTest.DLL" adapterTypeName="Microsoft.VisualStudio.TestTools.TestTypes.Unit.UnitTestAdapter, Microsoft.VisualStudio.QualityTools.Tips.UnitTest.Adapter, Version=10.0.0.0, Culture=neutral, PublicKeyToken=b03f5f7f11d50a3a" className="EdwardClorinaTest.frmEstimateTest, EdwardClorinaTest, Version=1.0.0.0, Culture=neutral, PublicKeyToken=null" name="AcceptQuoteToolStripMenuItem_Test" />
    </UnitTest>
    <UnitTest name="calculateTest_yearsMin" storage="c:\users\eclorina\dropbox\public\term3\.net programming\netedwardclorina\edwardclorinatest\bin\debug\edwardclorinatest.dll" id="002a1621-eddc-ca64-2bf0-0344f5ea638f">
      <DeploymentItems>
        <DeploymentItem filename="NETEdwardClorina.exe" />
      </DeploymentItems>
      <Execution id="267b99f6-5ce9-41c5-bc6f-f8fc714d954a" />
      <TestMethod codeBase="C:/Users/eclorina/Dropbox/Public/Term3/.NET Programming/NETEdwardClorina/EdwardClorinaTest/bin/Debug/EdwardClorinaTest.DLL" adapterTypeName="Microsoft.VisualStudio.TestTools.TestTypes.Unit.UnitTestAdapter, Microsoft.VisualStudio.QualityTools.Tips.UnitTest.Adapter, Version=10.0.0.0, Culture=neutral, PublicKeyToken=b03f5f7f11d50a3a" className="EdwardClorinaTest.frmEstimateTest, EdwardClorinaTest, Version=1.0.0.0, Culture=neutral, PublicKeyToken=null" name="calculateTest_yearsMin" />
    </UnitTest>
    <UnitTest name="radChangedPearlized_CheckedChangedTest" storage="c:\users\eclorina\dropbox\public\term3\.net programming\netedwardclorina\edwardclorinatest\bin\debug\edwardclorinatest.dll" id="93e7a9d2-7f5d-6f59-bcd8-4a5a6ea7b55a">
      <DeploymentItems>
        <DeploymentItem filename="NETEdwardClorina.exe" />
      </DeploymentItems>
      <Execution id="b6732cec-3e0c-40fa-a3e1-e053e53633dc" />
      <TestMethod codeBase="C:/Users/eclorina/Dropbox/Public/Term3/.NET Programming/NETEdwardClorina/EdwardClorinaTest/bin/Debug/EdwardClorinaTest.DLL" adapterTypeName="Microsoft.VisualStudio.TestTools.TestTypes.Unit.UnitTestAdapter, Microsoft.VisualStudio.QualityTools.Tips.UnitTest.Adapter, Version=10.0.0.0, Culture=neutral, PublicKeyToken=b03f5f7f11d50a3a" className="EdwardClorinaTest.frmEstimateTest, EdwardClorinaTest, Version=1.0.0.0, Culture=neutral, PublicKeyToken=null" name="radChangedPearlized_CheckedChangedTest" />
    </UnitTest>
    <UnitTest name="enableFinanceTest_TrueYears" storage="c:\users\eclorina\dropbox\public\term3\.net programming\netedwardclorina\edwardclorinatest\bin\debug\edwardclorinatest.dll" id="a8a322f5-7852-0d39-ef34-d922cd11f707">
      <DeploymentItems>
        <DeploymentItem filename="NETEdwardClorina.exe" />
      </DeploymentItems>
      <Execution id="231554e3-385f-4e94-9b82-ea53ed73a056" />
      <TestMethod codeBase="C:/Users/eclorina/Dropbox/Public/Term3/.NET Programming/NETEdwardClorina/EdwardClorinaTest/bin/Debug/EdwardClorinaTest.DLL" adapterTypeName="Microsoft.VisualStudio.TestTools.TestTypes.Unit.UnitTestAdapter, Microsoft.VisualStudio.QualityTools.Tips.UnitTest.Adapter, Version=10.0.0.0, Culture=neutral, PublicKeyToken=b03f5f7f11d50a3a" className="EdwardClorinaTest.frmEstimateTest, EdwardClorinaTest, Version=1.0.0.0, Culture=neutral, PublicKeyToken=null" name="enableFinanceTest_TrueYears" />
    </UnitTest>
    <UnitTest name="calculateTest_rateMin" storage="c:\users\eclorina\dropbox\public\term3\.net programming\netedwardclorina\edwardclorinatest\bin\debug\edwardclorinatest.dll" id="e8bb5cd8-bc3c-2c60-2e53-498c41282682">
      <DeploymentItems>
        <DeploymentItem filename="NETEdwardClorina.exe" />
      </DeploymentItems>
      <Execution id="9b981a24-24c6-42ac-bf72-92c8186ee044" />
      <TestMethod codeBase="C:/Users/eclorina/Dropbox/Public/Term3/.NET Programming/NETEdwardClorina/EdwardClorinaTest/bin/Debug/EdwardClorinaTest.DLL" adapterTypeName="Microsoft.VisualStudio.TestTools.TestTypes.Unit.UnitTestAdapter, Microsoft.VisualStudio.QualityTools.Tips.UnitTest.Adapter, Version=10.0.0.0, Culture=neutral, PublicKeyToken=b03f5f7f11d50a3a" className="EdwardClorinaTest.frmEstimateTest, EdwardClorinaTest, Version=1.0.0.0, Culture=neutral, PublicKeyToken=null" name="calculateTest_rateMin" />
    </UnitTest>
    <UnitTest name="txtChangedOrLeaveTradeIn_NonNumericTest" storage="c:\users\eclorina\dropbox\public\term3\.net programming\netedwardclorina\edwardclorinatest\bin\debug\edwardclorinatest.dll" id="b8e8abfa-5cbf-81ad-8c99-afde5d754357">
      <DeploymentItems>
        <DeploymentItem filename="NETEdwardClorina.exe" />
      </DeploymentItems>
      <Execution id="35678b7c-286a-45f5-af8a-937e9c03b51c" />
      <TestMethod codeBase="C:/Users/eclorina/Dropbox/Public/Term3/.NET Programming/NETEdwardClorina/EdwardClorinaTest/bin/Debug/EdwardClorinaTest.DLL" adapterTypeName="Microsoft.VisualStudio.TestTools.TestTypes.Unit.UnitTestAdapter, Microsoft.VisualStudio.QualityTools.Tips.UnitTest.Adapter, Version=10.0.0.0, Culture=neutral, PublicKeyToken=b03f5f7f11d50a3a" className="EdwardClorinaTest.frmEstimateTest, EdwardClorinaTest, Version=1.0.0.0, Culture=neutral, PublicKeyToken=null" name="txtChangedOrLeaveTradeIn_NonNumericTest" />
    </UnitTest>
    <UnitTest name="txtChangedOrLeave_NumericEmptyTest" storage="c:\users\eclorina\dropbox\public\term3\.net programming\netedwardclorina\edwardclorinatest\bin\debug\edwardclorinatest.dll" id="ab334e8e-f28f-213a-6463-fae243bae4e6">
      <DeploymentItems>
        <DeploymentItem filename="NETEdwardClorina.exe" />
      </DeploymentItems>
      <Execution id="aec5c167-9219-4856-b75c-149208a38955" />
      <TestMethod codeBase="C:/Users/eclorina/Dropbox/Public/Term3/.NET Programming/NETEdwardClorina/EdwardClorinaTest/bin/Debug/EdwardClorinaTest.DLL" adapterTypeName="Microsoft.VisualStudio.TestTools.TestTypes.Unit.UnitTestAdapter, Microsoft.VisualStudio.QualityTools.Tips.UnitTest.Adapter, Version=10.0.0.0, Culture=neutral, PublicKeyToken=b03f5f7f11d50a3a" className="EdwardClorinaTest.frmEstimateTest, EdwardClorinaTest, Version=1.0.0.0, Culture=neutral, PublicKeyToken=null" name="txtChangedOrLeave_NumericEmptyTest" />
    </UnitTest>
    <UnitTest name="chkChangedCompNav_CheckedChangedTest" storage="c:\users\eclorina\dropbox\public\term3\.net programming\netedwardclorina\edwardclorinatest\bin\debug\edwardclorinatest.dll" id="a6211a8f-d89b-fdcf-9a15-1658106b675d">
      <DeploymentItems>
        <DeploymentItem filename="NETEdwardClorina.exe" />
      </DeploymentItems>
      <Execution id="4d66dbee-2cc2-4349-95f8-ea80d4e9cc1b" />
      <TestMethod codeBase="C:/Users/eclorina/Dropbox/Public/Term3/.NET Programming/NETEdwardClorina/EdwardClorinaTest/bin/Debug/EdwardClorinaTest.DLL" adapterTypeName="Microsoft.VisualStudio.TestTools.TestTypes.Unit.UnitTestAdapter, Microsoft.VisualStudio.QualityTools.Tips.UnitTest.Adapter, Version=10.0.0.0, Culture=neutral, PublicKeyToken=b03f5f7f11d50a3a" className="EdwardClorinaTest.frmEstimateTest, EdwardClorinaTest, Version=1.0.0.0, Culture=neutral, PublicKeyToken=null" name="chkChangedCompNav_CheckedChangedTest" />
    </UnitTest>
    <UnitTest name="btnClear_ClickTest" storage="c:\users\eclorina\dropbox\public\term3\.net programming\netedwardclorina\edwardclorinatest\bin\debug\edwardclorinatest.dll" id="ec7265e3-81b1-17df-a549-5c473eaebdd5">
      <DeploymentItems>
        <DeploymentItem filename="NETEdwardClorina.exe" />
      </DeploymentItems>
      <Execution id="dd5db44a-892a-4c93-a28b-c988dc4aad1f" />
      <TestMethod codeBase="C:/Users/eclorina/Dropbox/Public/Term3/.NET Programming/NETEdwardClorina/EdwardClorinaTest/bin/Debug/EdwardClorinaTest.DLL" adapterTypeName="Microsoft.VisualStudio.TestTools.TestTypes.Unit.UnitTestAdapter, Microsoft.VisualStudio.QualityTools.Tips.UnitTest.Adapter, Version=10.0.0.0, Culture=neutral, PublicKeyToken=b03f5f7f11d50a3a" className="EdwardClorinaTest.frmEstimateTest, EdwardClorinaTest, Version=1.0.0.0, Culture=neutral, PublicKeyToken=null" name="btnClear_ClickTest" />
    </UnitTest>
    <UnitTest name="hsbYearsInterestRate_Rate" storage="c:\users\eclorina\dropbox\public\term3\.net programming\netedwardclorina\edwardclorinatest\bin\debug\edwardclorinatest.dll" id="e4c7774b-a1bb-357f-84d5-37861d25edbf">
      <DeploymentItems>
        <DeploymentItem filename="NETEdwardClorina.exe" />
      </DeploymentItems>
      <Execution id="364ce728-98fc-4967-b0d0-f81b193bae6e" />
      <TestMethod codeBase="C:/Users/eclorina/Dropbox/Public/Term3/.NET Programming/NETEdwardClorina/EdwardClorinaTest/bin/Debug/EdwardClorinaTest.DLL" adapterTypeName="Microsoft.VisualStudio.TestTools.TestTypes.Unit.UnitTestAdapter, Microsoft.VisualStudio.QualityTools.Tips.UnitTest.Adapter, Version=10.0.0.0, Culture=neutral, PublicKeyToken=b03f5f7f11d50a3a" className="EdwardClorinaTest.frmEstimateTest, EdwardClorinaTest, Version=1.0.0.0, Culture=neutral, PublicKeyToken=null" name="hsbYearsInterestRate_Rate" />
    </UnitTest>
    <UnitTest name="txtSelectAllCustomerName_EnterTest" storage="c:\users\eclorina\dropbox\public\term3\.net programming\netedwardclorina\edwardclorinatest\bin\debug\edwardclorinatest.dll" id="aa3baa45-ea4a-aae1-2cb7-8c1a5b6fbbcf">
      <DeploymentItems>
        <DeploymentItem filename="NETEdwardClorina.exe" />
      </DeploymentItems>
      <Execution id="804868e8-2d45-4fd4-838d-17edb5c2ebf9" />
      <TestMethod codeBase="C:/Users/eclorina/Dropbox/Public/Term3/.NET Programming/NETEdwardClorina/EdwardClorinaTest/bin/Debug/EdwardClorinaTest.DLL" adapterTypeName="Microsoft.VisualStudio.TestTools.TestTypes.Unit.UnitTestAdapter, Microsoft.VisualStudio.QualityTools.Tips.UnitTest.Adapter, Version=10.0.0.0, Culture=neutral, PublicKeyToken=b03f5f7f11d50a3a" className="EdwardClorinaTest.frmEstimateTest, EdwardClorinaTest, Version=1.0.0.0, Culture=neutral, PublicKeyToken=null" name="txtSelectAllCustomerName_EnterTest" />
    </UnitTest>
    <UnitTest name="hsbYearsInterestRate_Years" storage="c:\users\eclorina\dropbox\public\term3\.net programming\netedwardclorina\edwardclorinatest\bin\debug\edwardclorinatest.dll" id="f3995e10-0f0e-0072-ebba-5cc4aa6e8c6a">
      <DeploymentItems>
        <DeploymentItem filename="NETEdwardClorina.exe" />
      </DeploymentItems>
      <Execution id="3d260cd0-ed36-4b3f-ab97-b45063ec17bb" />
      <TestMethod codeBase="C:/Users/eclorina/Dropbox/Public/Term3/.NET Programming/NETEdwardClorina/EdwardClorinaTest/bin/Debug/EdwardClorinaTest.DLL" adapterTypeName="Microsoft.VisualStudio.TestTools.TestTypes.Unit.UnitTestAdapter, Microsoft.VisualStudio.QualityTools.Tips.UnitTest.Adapter, Version=10.0.0.0, Culture=neutral, PublicKeyToken=b03f5f7f11d50a3a" className="EdwardClorinaTest.frmEstimateTest, EdwardClorinaTest, Version=1.0.0.0, Culture=neutral, PublicKeyToken=null" name="hsbYearsInterestRate_Years" />
    </UnitTest>
    <UnitTest name="calculateTest_rateMax" storage="c:\users\eclorina\dropbox\public\term3\.net programming\netedwardclorina\edwardclorinatest\bin\debug\edwardclorinatest.dll" id="fa8c2ce7-c1b4-4f04-a1e9-f63fe05d2d18">
      <DeploymentItems>
        <DeploymentItem filename="NETEdwardClorina.exe" />
      </DeploymentItems>
      <Execution id="0edb11e9-fad7-439a-8121-b339747d33e4" />
      <TestMethod codeBase="C:/Users/eclorina/Dropbox/Public/Term3/.NET Programming/NETEdwardClorina/EdwardClorinaTest/bin/Debug/EdwardClorinaTest.DLL" adapterTypeName="Microsoft.VisualStudio.TestTools.TestTypes.Unit.UnitTestAdapter, Microsoft.VisualStudio.QualityTools.Tips.UnitTest.Adapter, Version=10.0.0.0, Culture=neutral, PublicKeyToken=b03f5f7f11d50a3a" className="EdwardClorinaTest.frmEstimateTest, EdwardClorinaTest, Version=1.0.0.0, Culture=neutral, PublicKeyToken=null" name="calculateTest_rateMax" />
    </UnitTest>
    <UnitTest name="enableFinanceTest_TrueBoolean" storage="c:\users\eclorina\dropbox\public\term3\.net programming\netedwardclorina\edwardclorinatest\bin\debug\edwardclorinatest.dll" id="35e5c4cd-e54b-ee29-c2c0-12fb7a2dc4ae">
      <DeploymentItems>
        <DeploymentItem filename="NETEdwardClorina.exe" />
      </DeploymentItems>
      <Execution id="db251cd9-698f-4a26-b958-2cf3793f3fa2" />
      <TestMethod codeBase="C:/Users/eclorina/Dropbox/Public/Term3/.NET Programming/NETEdwardClorina/EdwardClorinaTest/bin/Debug/EdwardClorinaTest.DLL" adapterTypeName="Microsoft.VisualStudio.TestTools.TestTypes.Unit.UnitTestAdapter, Microsoft.VisualStudio.QualityTools.Tips.UnitTest.Adapter, Version=10.0.0.0, Culture=neutral, PublicKeyToken=b03f5f7f11d50a3a" className="EdwardClorinaTest.frmEstimateTest, EdwardClorinaTest, Version=1.0.0.0, Culture=neutral, PublicKeyToken=null" name="enableFinanceTest_TrueBoolean" />
    </UnitTest>
    <UnitTest name="chkChangedLeatherCompNav_CheckedChangedTest" storage="c:\users\eclorina\dropbox\public\term3\.net programming\netedwardclorina\edwardclorinatest\bin\debug\edwardclorinatest.dll" id="3a4e6860-488c-74df-4062-971e5320d6a6">
      <DeploymentItems>
        <DeploymentItem filename="NETEdwardClorina.exe" />
      </DeploymentItems>
      <Execution id="63ddf3f4-0a7b-4920-80dd-21f1f5fb9eda" />
      <TestMethod codeBase="C:/Users/eclorina/Dropbox/Public/Term3/.NET Programming/NETEdwardClorina/EdwardClorinaTest/bin/Debug/EdwardClorinaTest.DLL" adapterTypeName="Microsoft.VisualStudio.TestTools.TestTypes.Unit.UnitTestAdapter, Microsoft.VisualStudio.QualityTools.Tips.UnitTest.Adapter, Version=10.0.0.0, Culture=neutral, PublicKeyToken=b03f5f7f11d50a3a" className="EdwardClorinaTest.frmEstimateTest, EdwardClorinaTest, Version=1.0.0.0, Culture=neutral, PublicKeyToken=null" name="chkChangedLeatherCompNav_CheckedChangedTest" />
    </UnitTest>
    <UnitTest name="calculateTest_noAmountDue" storage="c:\users\eclorina\dropbox\public\term3\.net programming\netedwardclorina\edwardclorinatest\bin\debug\edwardclorinatest.dll" id="dbcb17e9-71e9-a092-ad4c-10c8eb1858d3">
      <DeploymentItems>
        <DeploymentItem filename="NETEdwardClorina.exe" />
      </DeploymentItems>
      <Execution id="07a990ad-2776-4686-8e7e-ecb5bf44d3f4" />
      <TestMethod codeBase="C:/Users/eclorina/Dropbox/Public/Term3/.NET Programming/NETEdwardClorina/EdwardClorinaTest/bin/Debug/EdwardClorinaTest.DLL" adapterTypeName="Microsoft.VisualStudio.TestTools.TestTypes.Unit.UnitTestAdapter, Microsoft.VisualStudio.QualityTools.Tips.UnitTest.Adapter, Version=10.0.0.0, Culture=neutral, PublicKeyToken=b03f5f7f11d50a3a" className="EdwardClorinaTest.frmEstimateTest, EdwardClorinaTest, Version=1.0.0.0, Culture=neutral, PublicKeyToken=null" name="calculateTest_noAmountDue" />
    </UnitTest>
    <UnitTest name="quoteEnabledFalse_Test" storage="c:\users\eclorina\dropbox\public\term3\.net programming\netedwardclorina\edwardclorinatest\bin\debug\edwardclorinatest.dll" id="d5280dcd-6a77-7c8a-8e6a-27b6b0335f02">
      <DeploymentItems>
        <DeploymentItem filename="NETEdwardClorina.exe" />
      </DeploymentItems>
      <Execution id="0eb3110f-7357-4525-8c19-0f19a08e5f78" />
      <TestMethod codeBase="C:/Users/eclorina/Dropbox/Public/Term3/.NET Programming/NETEdwardClorina/EdwardClorinaTest/bin/Debug/EdwardClorinaTest.DLL" adapterTypeName="Microsoft.VisualStudio.TestTools.TestTypes.Unit.UnitTestAdapter, Microsoft.VisualStudio.QualityTools.Tips.UnitTest.Adapter, Version=10.0.0.0, Culture=neutral, PublicKeyToken=b03f5f7f11d50a3a" className="EdwardClorinaTest.frmEstimateTest, EdwardClorinaTest, Version=1.0.0.0, Culture=neutral, PublicKeyToken=null" name="quoteEnabledFalse_Test" />
    </UnitTest>
    <UnitTest name="btnCalculate_AllTest" storage="c:\users\eclorina\dropbox\public\term3\.net programming\netedwardclorina\edwardclorinatest\bin\debug\edwardclorinatest.dll" id="1c39960a-2e3b-95aa-d587-38a5239ff5b5">
      <DeploymentItems>
        <DeploymentItem filename="NETEdwardClorina.exe" />
      </DeploymentItems>
      <Execution id="13890714-4cfe-4638-951c-3373c8613028" />
      <TestMethod codeBase="C:/Users/eclorina/Dropbox/Public/Term3/.NET Programming/NETEdwardClorina/EdwardClorinaTest/bin/Debug/EdwardClorinaTest.DLL" adapterTypeName="Microsoft.VisualStudio.TestTools.TestTypes.Unit.UnitTestAdapter, Microsoft.VisualStudio.QualityTools.Tips.UnitTest.Adapter, Version=10.0.0.0, Culture=neutral, PublicKeyToken=b03f5f7f11d50a3a" className="EdwardClorinaTest.frmEstimateTest, EdwardClorinaTest, Version=1.0.0.0, Culture=neutral, PublicKeyToken=null" name="btnCalculate_AllTest" />
    </UnitTest>
    <UnitTest name="txtSelectAllSalePrice_EnterTest" storage="c:\users\eclorina\dropbox\public\term3\.net programming\netedwardclorina\edwardclorinatest\bin\debug\edwardclorinatest.dll" id="aec8b30e-86a2-1110-317c-162519fee187">
      <DeploymentItems>
        <DeploymentItem filename="NETEdwardClorina.exe" />
      </DeploymentItems>
      <Execution id="08eba44b-117b-4947-af95-1e181d13f08e" />
      <TestMethod codeBase="C:/Users/eclorina/Dropbox/Public/Term3/.NET Programming/NETEdwardClorina/EdwardClorinaTest/bin/Debug/EdwardClorinaTest.DLL" adapterTypeName="Microsoft.VisualStudio.TestTools.TestTypes.Unit.UnitTestAdapter, Microsoft.VisualStudio.QualityTools.Tips.UnitTest.Adapter, Version=10.0.0.0, Culture=neutral, PublicKeyToken=b03f5f7f11d50a3a" className="EdwardClorinaTest.frmEstimateTest, EdwardClorinaTest, Version=1.0.0.0, Culture=neutral, PublicKeyToken=null" name="txtSelectAllSalePrice_EnterTest" />
    </UnitTest>
  </TestDefinitions>
  <TestLists>
    <TestList name="Results Not in a List" id="8c84fa94-04c1-424b-9868-57a2d4851a1d" />
    <TestList name="All Loaded Results" id="19431567-8539-422a-85d7-44ee4e166bda" />
  </TestLists>
  <TestEntries>
    <TestEntry testId="002a1621-eddc-ca64-2bf0-0344f5ea638f" executionId="267b99f6-5ce9-41c5-bc6f-f8fc714d954a" testListId="8c84fa94-04c1-424b-9868-57a2d4851a1d" />
    <TestEntry testId="13f17089-26b6-adac-d056-369110824fa8" executionId="c08a041a-dd7c-4df0-ac0c-9dbf722a3178" testListId="8c84fa94-04c1-424b-9868-57a2d4851a1d" />
    <TestEntry testId="1c39960a-2e3b-95aa-d587-38a5239ff5b5" executionId="13890714-4cfe-4638-951c-3373c8613028" testListId="8c84fa94-04c1-424b-9868-57a2d4851a1d" />
    <TestEntry testId="2f816674-c6d9-d0be-6071-220f254803ac" executionId="e95fcaad-357f-4696-8af2-d1966fa9351d" testListId="8c84fa94-04c1-424b-9868-57a2d4851a1d" />
    <TestEntry testId="35e5c4cd-e54b-ee29-c2c0-12fb7a2dc4ae" executionId="db251cd9-698f-4a26-b958-2cf3793f3fa2" testListId="8c84fa94-04c1-424b-9868-57a2d4851a1d" />
    <TestEntry testId="3a4e6860-488c-74df-4062-971e5320d6a6" executionId="63ddf3f4-0a7b-4920-80dd-21f1f5fb9eda" testListId="8c84fa94-04c1-424b-9868-57a2d4851a1d" />
    <TestEntry testId="45a8c117-d6a9-1d87-84b9-04e419370e4a" executionId="58612c7e-25c8-4492-829e-0f29c7b478ac" testListId="8c84fa94-04c1-424b-9868-57a2d4851a1d" />
    <TestEntry testId="4b548cbb-f070-3eab-57a1-27b52b5758f9" executionId="c5ca41e4-f664-4495-a820-1fc7d5f9f310" testListId="8c84fa94-04c1-424b-9868-57a2d4851a1d" />
    <TestEntry testId="52dd2c69-511c-e3c3-9151-3221a6eb0905" executionId="3b124e4f-6c8c-48ae-b302-73b4a810b341" testListId="8c84fa94-04c1-424b-9868-57a2d4851a1d" />
    <TestEntry testId="5565d732-dad7-4a06-da1f-b46e76896158" executionId="4ecf808c-b6a5-4ff8-aac9-3c9519d67004" testListId="8c84fa94-04c1-424b-9868-57a2d4851a1d" />
    <TestEntry testId="617cfebc-4eb5-27fe-13e8-77be2a6a1d90" executionId="0aba9eb1-3e9b-40e4-931b-cfaac8b81e40" testListId="8c84fa94-04c1-424b-9868-57a2d4851a1d" />
    <TestEntry testId="651ee12c-eead-caed-365a-cef57fe49640" executionId="ec0916fe-761c-49f5-b089-624b349613e4" testListId="8c84fa94-04c1-424b-9868-57a2d4851a1d" />
    <TestEntry testId="6648b852-8b96-323d-69bc-7e6c3f8c5422" executionId="29e9a94f-bb19-4e1b-a6c7-a08e3ef49cce" testListId="8c84fa94-04c1-424b-9868-57a2d4851a1d" />
    <TestEntry testId="69d8cdff-358e-e0a2-86a1-f09ba854ef17" executionId="48b75d1b-41b1-4004-bed9-29c4de816697" testListId="8c84fa94-04c1-424b-9868-57a2d4851a1d" />
    <TestEntry testId="6ca4807f-540d-c6a8-7b1c-625d17427524" executionId="9288663e-2bce-40ba-b38b-4174e5081e6d" testListId="8c84fa94-04c1-424b-9868-57a2d4851a1d" />
    <TestEntry testId="70d6e0ce-7904-51f5-973e-2b44a102aeb7" executionId="3da58241-365f-4be7-a56a-255dbd16c71a" testListId="8c84fa94-04c1-424b-9868-57a2d4851a1d" />
    <TestEntry testId="9222fecf-4f1e-8c35-74ae-f7b601608fd1" executionId="40227a60-8797-4ad8-8ab3-ee5418c8f274" testListId="8c84fa94-04c1-424b-9868-57a2d4851a1d" />
    <TestEntry testId="93e7a9d2-7f5d-6f59-bcd8-4a5a6ea7b55a" executionId="b6732cec-3e0c-40fa-a3e1-e053e53633dc" testListId="8c84fa94-04c1-424b-9868-57a2d4851a1d" />
    <TestEntry testId="9488ef8e-9ae3-80b4-8035-92743c3f0ce1" executionId="2be8c8c6-10c8-469a-8a09-fc36646d58b6" testListId="8c84fa94-04c1-424b-9868-57a2d4851a1d" />
    <TestEntry testId="9c124bcf-e619-5c77-498a-2ac79e8694f1" executionId="44805ecc-c34e-44a3-86cc-6c1bcd4b5802" testListId="8c84fa94-04c1-424b-9868-57a2d4851a1d" />
    <TestEntry testId="a2ae5d1a-bef5-cd1a-fd2f-d198f86dae11" executionId="a4b2f995-a3aa-45c7-9e18-03ac3f9c3e7d" testListId="8c84fa94-04c1-424b-9868-57a2d4851a1d" />
    <TestEntry testId="a6211a8f-d89b-fdcf-9a15-1658106b675d" executionId="4d66dbee-2cc2-4349-95f8-ea80d4e9cc1b" testListId="8c84fa94-04c1-424b-9868-57a2d4851a1d" />
    <TestEntry testId="a8a322f5-7852-0d39-ef34-d922cd11f707" executionId="231554e3-385f-4e94-9b82-ea53ed73a056" testListId="8c84fa94-04c1-424b-9868-57a2d4851a1d" />
    <TestEntry testId="aa3baa45-ea4a-aae1-2cb7-8c1a5b6fbbcf" executionId="804868e8-2d45-4fd4-838d-17edb5c2ebf9" testListId="8c84fa94-04c1-424b-9868-57a2d4851a1d" />
    <TestEntry testId="ab334e8e-f28f-213a-6463-fae243bae4e6" executionId="aec5c167-9219-4856-b75c-149208a38955" testListId="8c84fa94-04c1-424b-9868-57a2d4851a1d" />
    <TestEntry testId="aec8b30e-86a2-1110-317c-162519fee187" executionId="08eba44b-117b-4947-af95-1e181d13f08e" testListId="8c84fa94-04c1-424b-9868-57a2d4851a1d" />
    <TestEntry testId="b8e8abfa-5cbf-81ad-8c99-afde5d754357" executionId="35678b7c-286a-45f5-af8a-937e9c03b51c" testListId="8c84fa94-04c1-424b-9868-57a2d4851a1d" />
    <TestEntry testId="c59c3d8e-53e2-98e1-00f9-0e1cb81123e2" executionId="39e24ad0-b96e-41e5-9c68-d987d38b9759" testListId="8c84fa94-04c1-424b-9868-57a2d4851a1d" />
    <TestEntry testId="d22b8720-2396-59f9-5495-600f2fe852ef" executionId="ad05bf9c-cb9a-4752-ae55-b4aca1c8ae82" testListId="8c84fa94-04c1-424b-9868-57a2d4851a1d" />
    <TestEntry testId="d3751965-96b3-454e-9878-5e9c8b111963" executionId="df823379-5a25-4c5d-a346-a25444b55087" testListId="8c84fa94-04c1-424b-9868-57a2d4851a1d" />
    <TestEntry testId="d5280dcd-6a77-7c8a-8e6a-27b6b0335f02" executionId="0eb3110f-7357-4525-8c19-0f19a08e5f78" testListId="8c84fa94-04c1-424b-9868-57a2d4851a1d" />
    <TestEntry testId="dbcb17e9-71e9-a092-ad4c-10c8eb1858d3" executionId="07a990ad-2776-4686-8e7e-ecb5bf44d3f4" testListId="8c84fa94-04c1-424b-9868-57a2d4851a1d" />
    <TestEntry testId="e4c7774b-a1bb-357f-84d5-37861d25edbf" executionId="364ce728-98fc-4967-b0d0-f81b193bae6e" testListId="8c84fa94-04c1-424b-9868-57a2d4851a1d" />
    <TestEntry testId="e8bb5cd8-bc3c-2c60-2e53-498c41282682" executionId="9b981a24-24c6-42ac-bf72-92c8186ee044" testListId="8c84fa94-04c1-424b-9868-57a2d4851a1d" />
    <TestEntry testId="ec7265e3-81b1-17df-a549-5c473eaebdd5" executionId="dd5db44a-892a-4c93-a28b-c988dc4aad1f" testListId="8c84fa94-04c1-424b-9868-57a2d4851a1d" />
    <TestEntry testId="f044e7ce-e9b7-f039-4105-5cd881f28baa" executionId="071d3a44-4b4c-46b7-822a-9627e82d0700" testListId="8c84fa94-04c1-424b-9868-57a2d4851a1d" />
    <TestEntry testId="f3995e10-0f0e-0072-ebba-5cc4aa6e8c6a" executionId="3d260cd0-ed36-4b3f-ab97-b45063ec17bb" testListId="8c84fa94-04c1-424b-9868-57a2d4851a1d" />
    <TestEntry testId="f5e539bb-191e-2c18-e7c9-abe35728d6a4" executionId="0a1a42cc-6671-4094-946c-3d8fe4a17056" testListId="8c84fa94-04c1-424b-9868-57a2d4851a1d" />
    <TestEntry testId="fa8c2ce7-c1b4-4f04-a1e9-f63fe05d2d18" executionId="0edb11e9-fad7-439a-8121-b339747d33e4" testListId="8c84fa94-04c1-424b-9868-57a2d4851a1d" />
    <TestEntry testId="fb655678-719d-c498-3c6f-d378ca9161c3" executionId="f6882b83-2d66-4d1e-a012-8c7682bccab6" testListId="8c84fa94-04c1-424b-9868-57a2d4851a1d" />
  </TestEntries>
  <Results>
    <UnitTestResult executionId="267b99f6-5ce9-41c5-bc6f-f8fc714d954a" testId="002a1621-eddc-ca64-2bf0-0344f5ea638f" testName="calculateTest_yearsMin" computerName="ITSM1033954" duration="00:00:00.0701930" startTime="2012-10-05T08:41:33.3620241-05:00" endTime="2012-10-05T08:41:33.7000434-05:00" testType="13cdc9d9-ddb5-4fa4-a97d-d965ccfc6d4b" outcome="Passed" testListId="8c84fa94-04c1-424b-9868-57a2d4851a1d" relativeResultsDirectory="267b99f6-5ce9-41c5-bc6f-f8fc714d954a">
    </UnitTestResult>
    <UnitTestResult executionId="c08a041a-dd7c-4df0-ac0c-9dbf722a3178" testId="13f17089-26b6-adac-d056-369110824fa8" testName="btnCalculate_NoTradeInTest" computerName="ITSM1033954" duration="00:00:00.0221272" startTime="2012-10-05T08:41:33.7090440-05:00" endTime="2012-10-05T08:41:33.7370456-05:00" testType="13cdc9d9-ddb5-4fa4-a97d-d965ccfc6d4b" outcome="Passed" testListId="8c84fa94-04c1-424b-9868-57a2d4851a1d" relativeResultsDirectory="c08a041a-dd7c-4df0-ac0c-9dbf722a3178">
    </UnitTestResult>
    <UnitTestResult executionId="13890714-4cfe-4638-951c-3373c8613028" testId="1c39960a-2e3b-95aa-d587-38a5239ff5b5" testName="btnCalculate_AllTest" computerName="ITSM1033954" duration="00:00:00.0073524" startTime="2012-10-05T08:41:33.7390457-05:00" endTime="2012-10-05T08:41:33.7520464-05:00" testType="13cdc9d9-ddb5-4fa4-a97d-d965ccfc6d4b" outcome="Passed" testListId="8c84fa94-04c1-424b-9868-57a2d4851a1d" relativeResultsDirectory="13890714-4cfe-4638-951c-3373c8613028">
    </UnitTestResult>
    <UnitTestResult executionId="e95fcaad-357f-4696-8af2-d1966fa9351d" testId="2f816674-c6d9-d0be-6071-220f254803ac" testName="chkChangedStereoCompNav_CheckedChangedTest" computerName="ITSM1033954" duration="00:00:00.0072533" startTime="2012-10-05T08:41:33.7570467-05:00" endTime="2012-10-05T08:41:33.7690474-05:00" testType="13cdc9d9-ddb5-4fa4-a97d-d965ccfc6d4b" outcome="Passed" testListId="8c84fa94-04c1-424b-9868-57a2d4851a1d" relativeResultsDirectory="e95fcaad-357f-4696-8af2-d1966fa9351d">
    </UnitTestResult>
    <UnitTestResult executionId="db251cd9-698f-4a26-b958-2cf3793f3fa2" testId="35e5c4cd-e54b-ee29-c2c0-12fb7a2dc4ae" testName="enableFinanceTest_TrueBoolean" computerName="ITSM1033954" duration="00:00:00.0081328" startTime="2012-10-05T08:41:33.7710475-05:00" endTime="2012-10-05T08:41:33.7850483-05:00" testType="13cdc9d9-ddb5-4fa4-a97d-d965ccfc6d4b" outcome="Passed" testListId="8c84fa94-04c1-424b-9868-57a2d4851a1d" relativeResultsDirectory="db251cd9-698f-4a26-b958-2cf3793f3fa2">
    </UnitTestResult>
    <UnitTestResult executionId="63ddf3f4-0a7b-4920-80dd-21f1f5fb9eda" testId="3a4e6860-488c-74df-4062-971e5320d6a6" testName="chkChangedLeatherCompNav_CheckedChangedTest" computerName="ITSM1033954" duration="00:00:00.0063796" startTime="2012-10-05T08:41:33.7870484-05:00" endTime="2012-10-05T08:41:33.7980490-05:00" testType="13cdc9d9-ddb5-4fa4-a97d-d965ccfc6d4b" outcome="Passed" testListId="8c84fa94-04c1-424b-9868-57a2d4851a1d" relativeResultsDirectory="63ddf3f4-0a7b-4920-80dd-21f1f5fb9eda">
    </UnitTestResult>
    <UnitTestResult executionId="58612c7e-25c8-4492-829e-0f29c7b478ac" testId="45a8c117-d6a9-1d87-84b9-04e419370e4a" testName="radChangedStandard_CheckedChangedTest" computerName="ITSM1033954" duration="00:00:00.0070587" startTime="2012-10-05T08:41:33.8010492-05:00" endTime="2012-10-05T08:41:33.8140500-05:00" testType="13cdc9d9-ddb5-4fa4-a97d-d965ccfc6d4b" outcome="Passed" testListId="8c84fa94-04c1-424b-9868-57a2d4851a1d" relativeResultsDirectory="58612c7e-25c8-4492-829e-0f29c7b478ac">
    </UnitTestResult>
    <UnitTestResult executionId="c5ca41e4-f664-4495-a820-1fc7d5f9f310" testId="4b548cbb-f070-3eab-57a1-27b52b5758f9" testName="enableFinanceTest_False" computerName="ITSM1033954" duration="00:00:00.0058580" startTime="2012-10-05T08:41:33.8180502-05:00" endTime="2012-10-05T08:41:33.8290508-05:00" testType="13cdc9d9-ddb5-4fa4-a97d-d965ccfc6d4b" outcome="Passed" testListId="8c84fa94-04c1-424b-9868-57a2d4851a1d" relativeResultsDirectory="c5ca41e4-f664-4495-a820-1fc7d5f9f310">
    </UnitTestResult>
    <UnitTestResult executionId="3b124e4f-6c8c-48ae-b302-73b4a810b341" testId="52dd2c69-511c-e3c3-9151-3221a6eb0905" testName="calculateTest_yearsMax" computerName="ITSM1033954" duration="00:00:00.0070315" startTime="2012-10-05T08:41:33.8310509-05:00" endTime="2012-10-05T08:41:33.8430516-05:00" testType="13cdc9d9-ddb5-4fa4-a97d-d965ccfc6d4b" outcome="Passed" testListId="8c84fa94-04c1-424b-9868-57a2d4851a1d" relativeResultsDirectory="3b124e4f-6c8c-48ae-b302-73b4a810b341">
    </UnitTestResult>
    <UnitTestResult executionId="4ecf808c-b6a5-4ff8-aac9-3c9519d67004" testId="5565d732-dad7-4a06-da1f-b46e76896158" testName="btnCalculate_HigherTradeInTest" computerName="ITSM1033954" duration="00:00:00.0062881" startTime="2012-10-05T08:41:33.8450517-05:00" endTime="2012-10-05T08:41:33.8580525-05:00" testType="13cdc9d9-ddb5-4fa4-a97d-d965ccfc6d4b" outcome="Passed" testListId="8c84fa94-04c1-424b-9868-57a2d4851a1d" relativeResultsDirectory="4ecf808c-b6a5-4ff8-aac9-3c9519d67004">
    </UnitTestResult>
    <UnitTestResult executionId="0aba9eb1-3e9b-40e4-931b-cfaac8b81e40" testId="617cfebc-4eb5-27fe-13e8-77be2a6a1d90" testName="chkChangedNone_CheckedChangedTest" computerName="ITSM1033954" duration="00:00:00.0059722" startTime="2012-10-05T08:41:33.8610527-05:00" endTime="2012-10-05T08:41:33.8720533-05:00" testType="13cdc9d9-ddb5-4fa4-a97d-d965ccfc6d4b" outcome="Passed" testListId="8c84fa94-04c1-424b-9868-57a2d4851a1d" relativeResultsDirectory="0aba9eb1-3e9b-40e4-931b-cfaac8b81e40">
    </UnitTestResult>
    <UnitTestResult executionId="ec0916fe-761c-49f5-b089-624b349613e4" testId="651ee12c-eead-caed-365a-cef57fe49640" testName="chkChangedLeather_CheckedChangedTest" computerName="ITSM1033954" duration="00:00:00.0060021" startTime="2012-10-05T08:41:33.8770536-05:00" endTime="2012-10-05T08:41:33.8880542-05:00" testType="13cdc9d9-ddb5-4fa4-a97d-d965ccfc6d4b" outcome="Passed" testListId="8c84fa94-04c1-424b-9868-57a2d4851a1d" relativeResultsDirectory="ec0916fe-761c-49f5-b089-624b349613e4">
    </UnitTestResult>
    <UnitTestResult executionId="29e9a94f-bb19-4e1b-a6c7-a08e3ef49cce" testId="6648b852-8b96-323d-69bc-7e6c3f8c5422" testName="AcceptQuoteToolStripMenuItem_Test" computerName="ITSM1033954" duration="00:00:00.0163067" startTime="2012-10-05T08:41:33.8920544-05:00" endTime="2012-10-05T08:41:33.9130556-05:00" testType="13cdc9d9-ddb5-4fa4-a97d-d965ccfc6d4b" outcome="Passed" testListId="8c84fa94-04c1-424b-9868-57a2d4851a1d" relativeResultsDirectory="29e9a94f-bb19-4e1b-a6c7-a08e3ef49cce">
    </UnitTestResult>
    <UnitTestResult executionId="48b75d1b-41b1-4004-bed9-29c4de816697" testId="69d8cdff-358e-e0a2-86a1-f09ba854ef17" testName="btnCalculate_NoAccessoriesTest" computerName="ITSM1033954" duration="00:00:00.0063595" startTime="2012-10-05T08:41:33.9160558-05:00" endTime="2012-10-05T08:41:33.9280565-05:00" testType="13cdc9d9-ddb5-4fa4-a97d-d965ccfc6d4b" outcome="Passed" testListId="8c84fa94-04c1-424b-9868-57a2d4851a1d" relativeResultsDirectory="48b75d1b-41b1-4004-bed9-29c4de816697">
    </UnitTestResult>
    <UnitTestResult executionId="9288663e-2bce-40ba-b38b-4174e5081e6d" testId="6ca4807f-540d-c6a8-7b1c-625d17427524" testName="btnCalculate_MultipleTest" computerName="ITSM1033954" duration="00:00:00.0063042" startTime="2012-10-05T08:41:33.9300566-05:00" endTime="2012-10-05T08:41:33.9420573-05:00" testType="13cdc9d9-ddb5-4fa4-a97d-d965ccfc6d4b" outcome="Passed" testListId="8c84fa94-04c1-424b-9868-57a2d4851a1d" relativeResultsDirectory="9288663e-2bce-40ba-b38b-4174e5081e6d">
    </UnitTestResult>
    <UnitTestResult executionId="3da58241-365f-4be7-a56a-255dbd16c71a" testId="70d6e0ce-7904-51f5-973e-2b44a102aeb7" testName="chkChangedStereo_CheckedChangedTest" computerName="ITSM1033954" duration="00:00:00.0057901" startTime="2012-10-05T08:41:33.9430573-05:00" endTime="2012-10-05T08:41:33.9540580-05:00" testType="13cdc9d9-ddb5-4fa4-a97d-d965ccfc6d4b" outcome="Passed" testListId="8c84fa94-04c1-424b-9868-57a2d4851a1d" relativeResultsDirectory="3da58241-365f-4be7-a56a-255dbd16c71a">
    </UnitTestResult>
    <UnitTestResult executionId="40227a60-8797-4ad8-8ab3-ee5418c8f274" testId="9222fecf-4f1e-8c35-74ae-f7b601608fd1" testName="radChangedCustomDetail_CheckedChangedTest" computerName="ITSM1033954" duration="00:00:00.0063220" startTime="2012-10-05T08:41:33.9560581-05:00" endTime="2012-10-05T08:41:33.9680588-05:00" testType="13cdc9d9-ddb5-4fa4-a97d-d965ccfc6d4b" outcome="Passed" testListId="8c84fa94-04c1-424b-9868-57a2d4851a1d" relativeResultsDirectory="40227a60-8797-4ad8-8ab3-ee5418c8f274">
    </UnitTestResult>
    <UnitTestResult executionId="b6732cec-3e0c-40fa-a3e1-e053e53633dc" testId="93e7a9d2-7f5d-6f59-bcd8-4a5a6ea7b55a" testName="radChangedPearlized_CheckedChangedTest" computerName="ITSM1033954" duration="00:00:00.0059102" startTime="2012-10-05T08:41:33.9690588-05:00" endTime="2012-10-05T08:41:33.9800595-05:00" testType="13cdc9d9-ddb5-4fa4-a97d-d965ccfc6d4b" outcome="Passed" testListId="8c84fa94-04c1-424b-9868-57a2d4851a1d" relativeResultsDirectory="b6732cec-3e0c-40fa-a3e1-e053e53633dc">
    </UnitTestResult>
    <UnitTestResult executionId="2be8c8c6-10c8-469a-8a09-fc36646d58b6" testId="9488ef8e-9ae3-80b4-8035-92743c3f0ce1" testName="quoteEnabledTrue_Test" computerName="ITSM1033954" duration="00:00:00.0067098" startTime="2012-10-05T08:41:33.9820596-05:00" endTime="2012-10-05T08:41:33.9940603-05:00" testType="13cdc9d9-ddb5-4fa4-a97d-d965ccfc6d4b" outcome="Passed" testListId="8c84fa94-04c1-424b-9868-57a2d4851a1d" relativeResultsDirectory="2be8c8c6-10c8-469a-8a09-fc36646d58b6">
    </UnitTestResult>
    <UnitTestResult executionId="44805ecc-c34e-44a3-86cc-6c1bcd4b5802" testId="9c124bcf-e619-5c77-498a-2ac79e8694f1" testName="clearEnabledTrue_Test" computerName="ITSM1033954" duration="00:00:00.0070195" startTime="2012-10-05T08:41:33.9950603-05:00" endTime="2012-10-05T08:41:34.0090611-05:00" testType="13cdc9d9-ddb5-4fa4-a97d-d965ccfc6d4b" outcome="Passed" testListId="8c84fa94-04c1-424b-9868-57a2d4851a1d" relativeResultsDirectory="44805ecc-c34e-44a3-86cc-6c1bcd4b5802">
    </UnitTestResult>
    <UnitTestResult executionId="a4b2f995-a3aa-45c7-9e18-03ac3f9c3e7d" testId="a2ae5d1a-bef5-cd1a-fd2f-d198f86dae11" testName="chkChangedAll_CheckedChangedTest" computerName="ITSM1033954" duration="00:00:00.0138333" startTime="2012-10-05T08:41:34.0120613-05:00" endTime="2012-10-05T08:41:34.0340625-05:00" testType="13cdc9d9-ddb5-4fa4-a97d-d965ccfc6d4b" outcome="Passed" testListId="8c84fa94-04c1-424b-9868-57a2d4851a1d" relativeResultsDirectory="a4b2f995-a3aa-45c7-9e18-03ac3f9c3e7d">
    </UnitTestResult>
    <UnitTestResult executionId="4d66dbee-2cc2-4349-95f8-ea80d4e9cc1b" testId="a6211a8f-d89b-fdcf-9a15-1658106b675d" testName="chkChangedCompNav_CheckedChangedTest" computerName="ITSM1033954" duration="00:00:00.0061360" startTime="2012-10-05T08:41:34.0360627-05:00" endTime="2012-10-05T08:41:34.0530636-05:00" testType="13cdc9d9-ddb5-4fa4-a97d-d965ccfc6d4b" outcome="Passed" testListId="8c84fa94-04c1-424b-9868-57a2d4851a1d" relativeResultsDirectory="4d66dbee-2cc2-4349-95f8-ea80d4e9cc1b">
    </UnitTestResult>
    <UnitTestResult executionId="231554e3-385f-4e94-9b82-ea53ed73a056" testId="a8a322f5-7852-0d39-ef34-d922cd11f707" testName="enableFinanceTest_TrueYears" computerName="ITSM1033954" duration="00:00:00.0059655" startTime="2012-10-05T08:41:34.0550637-05:00" endTime="2012-10-05T08:41:34.0670644-05:00" testType="13cdc9d9-ddb5-4fa4-a97d-d965ccfc6d4b" outcome="Passed" testListId="8c84fa94-04c1-424b-9868-57a2d4851a1d" relativeResultsDirectory="231554e3-385f-4e94-9b82-ea53ed73a056">
    </UnitTestResult>
    <UnitTestResult executionId="804868e8-2d45-4fd4-838d-17edb5c2ebf9" testId="aa3baa45-ea4a-aae1-2cb7-8c1a5b6fbbcf" testName="txtSelectAllCustomerName_EnterTest" computerName="ITSM1033954" duration="00:00:00.0071051" startTime="2012-10-05T08:41:34.0690646-05:00" endTime="2012-10-05T08:41:34.0820653-05:00" testType="13cdc9d9-ddb5-4fa4-a97d-d965ccfc6d4b" outcome="Passed" testListId="8c84fa94-04c1-424b-9868-57a2d4851a1d" relativeResultsDirectory="804868e8-2d45-4fd4-838d-17edb5c2ebf9">
    </UnitTestResult>
    <UnitTestResult executionId="aec5c167-9219-4856-b75c-149208a38955" testId="ab334e8e-f28f-213a-6463-fae243bae4e6" testName="txtChangedOrLeave_NumericEmptyTest" computerName="ITSM1033954" duration="00:00:00.0064876" startTime="2012-10-05T08:41:34.0850655-05:00" endTime="2012-10-05T08:41:34.0960661-05:00" testType="13cdc9d9-ddb5-4fa4-a97d-d965ccfc6d4b" outcome="Passed" testListId="8c84fa94-04c1-424b-9868-57a2d4851a1d" relativeResultsDirectory="aec5c167-9219-4856-b75c-149208a38955">
    </UnitTestResult>
    <UnitTestResult executionId="08eba44b-117b-4947-af95-1e181d13f08e" testId="aec8b30e-86a2-1110-317c-162519fee187" testName="txtSelectAllSalePrice_EnterTest" computerName="ITSM1033954" duration="00:00:00.0058896" startTime="2012-10-05T08:41:34.0970662-05:00" endTime="2012-10-05T08:41:34.1090668-05:00" testType="13cdc9d9-ddb5-4fa4-a97d-d965ccfc6d4b" outcome="Passed" testListId="8c84fa94-04c1-424b-9868-57a2d4851a1d" relativeResultsDirectory="08eba44b-117b-4947-af95-1e181d13f08e">
    </UnitTestResult>
    <UnitTestResult executionId="35678b7c-286a-45f5-af8a-937e9c03b51c" testId="b8e8abfa-5cbf-81ad-8c99-afde5d754357" testName="txtChangedOrLeaveTradeIn_NonNumericTest" computerName="ITSM1033954" duration="00:00:00.0062484" startTime="2012-10-05T08:41:34.1100669-05:00" endTime="2012-10-05T08:41:34.1220676-05:00" testType="13cdc9d9-ddb5-4fa4-a97d-d965ccfc6d4b" outcome="Passed" testListId="8c84fa94-04c1-424b-9868-57a2d4851a1d" relativeResultsDirectory="35678b7c-286a-45f5-af8a-937e9c03b51c">
    </UnitTestResult>
    <UnitTestResult executionId="39e24ad0-b96e-41e5-9c68-d987d38b9759" testId="c59c3d8e-53e2-98e1-00f9-0e1cb81123e2" testName="clearEnabledFalse_Test" computerName="ITSM1033954" duration="00:00:00.0058887" startTime="2012-10-05T08:41:34.1230676-05:00" endTime="2012-10-05T08:41:34.1340683-05:00" testType="13cdc9d9-ddb5-4fa4-a97d-d965ccfc6d4b" outcome="Passed" testListId="8c84fa94-04c1-424b-9868-57a2d4851a1d" relativeResultsDirectory="39e24ad0-b96e-41e5-9c68-d987d38b9759">
    </UnitTestResult>
    <UnitTestResult executionId="ad05bf9c-cb9a-4752-ae55-b4aca1c8ae82" testId="d22b8720-2396-59f9-5495-600f2fe852ef" testName="chkChangedStereoLeather_CheckedChangedTest" computerName="ITSM1033954" duration="00:00:00.0059392" startTime="2012-10-05T08:41:34.1360684-05:00" endTime="2012-10-05T08:41:34.1470690-05:00" testType="13cdc9d9-ddb5-4fa4-a97d-d965ccfc6d4b" outcome="Passed" testListId="8c84fa94-04c1-424b-9868-57a2d4851a1d" relativeResultsDirectory="ad05bf9c-cb9a-4752-ae55-b4aca1c8ae82">
    </UnitTestResult>
    <UnitTestResult executionId="df823379-5a25-4c5d-a346-a25444b55087" testId="d3751965-96b3-454e-9878-5e9c8b111963" testName="calculateTest" computerName="ITSM1033954" duration="00:00:00.0061293" startTime="2012-10-05T08:41:34.1480691-05:00" endTime="2012-10-05T08:41:34.1600698-05:00" testType="13cdc9d9-ddb5-4fa4-a97d-d965ccfc6d4b" outcome="Passed" testListId="8c84fa94-04c1-424b-9868-57a2d4851a1d" relativeResultsDirectory="df823379-5a25-4c5d-a346-a25444b55087">
    </UnitTestResult>
    <UnitTestResult executionId="0eb3110f-7357-4525-8c19-0f19a08e5f78" testId="d5280dcd-6a77-7c8a-8e6a-27b6b0335f02" testName="quoteEnabledFalse_Test" computerName="ITSM1033954" duration="00:00:00.0059365" startTime="2012-10-05T08:41:34.1620699-05:00" endTime="2012-10-05T08:41:34.1780708-05:00" testType="13cdc9d9-ddb5-4fa4-a97d-d965ccfc6d4b" outcome="Passed" testListId="8c84fa94-04c1-424b-9868-57a2d4851a1d" relativeResultsDirectory="0eb3110f-7357-4525-8c19-0f19a08e5f78">
    </UnitTestResult>
    <UnitTestResult executionId="07a990ad-2776-4686-8e7e-ecb5bf44d3f4" testId="dbcb17e9-71e9-a092-ad4c-10c8eb1858d3" testName="calculateTest_noAmountDue" computerName="ITSM1033954" duration="00:00:00.0060422" startTime="2012-10-05T08:41:34.1790708-05:00" endTime="2012-10-05T08:41:34.1910715-05:00" testType="13cdc9d9-ddb5-4fa4-a97d-d965ccfc6d4b" outcome="Passed" testListId="8c84fa94-04c1-424b-9868-57a2d4851a1d" relativeResultsDirectory="07a990ad-2776-4686-8e7e-ecb5bf44d3f4">
    </UnitTestResult>
    <UnitTestResult executionId="364ce728-98fc-4967-b0d0-f81b193bae6e" testId="e4c7774b-a1bb-357f-84d5-37861d25edbf" testName="hsbYearsInterestRate_Rate" computerName="ITSM1033954" duration="00:00:00.0058343" startTime="2012-10-05T08:41:34.1930716-05:00" endTime="2012-10-05T08:41:34.2040723-05:00" testType="13cdc9d9-ddb5-4fa4-a97d-d965ccfc6d4b" outcome="Passed" testListId="8c84fa94-04c1-424b-9868-57a2d4851a1d" relativeResultsDirectory="364ce728-98fc-4967-b0d0-f81b193bae6e">
    </UnitTestResult>
    <UnitTestResult executionId="9b981a24-24c6-42ac-bf72-92c8186ee044" testId="e8bb5cd8-bc3c-2c60-2e53-498c41282682" testName="calculateTest_rateMin" computerName="ITSM1033954" duration="00:00:00.0060436" startTime="2012-10-05T08:41:34.2050723-05:00" endTime="2012-10-05T08:41:34.2180731-05:00" testType="13cdc9d9-ddb5-4fa4-a97d-d965ccfc6d4b" outcome="Passed" testListId="8c84fa94-04c1-424b-9868-57a2d4851a1d" relativeResultsDirectory="9b981a24-24c6-42ac-bf72-92c8186ee044">
    </UnitTestResult>
    <UnitTestResult executionId="dd5db44a-892a-4c93-a28b-c988dc4aad1f" testId="ec7265e3-81b1-17df-a549-5c473eaebdd5" testName="btnClear_ClickTest" computerName="ITSM1033954" duration="00:00:00.0082649" startTime="2012-10-05T08:41:34.2230734-05:00" endTime="2012-10-05T08:41:34.2370742-05:00" testType="13cdc9d9-ddb5-4fa4-a97d-d965ccfc6d4b" outcome="Passed" testListId="8c84fa94-04c1-424b-9868-57a2d4851a1d" relativeResultsDirectory="dd5db44a-892a-4c93-a28b-c988dc4aad1f">
    </UnitTestResult>
    <UnitTestResult executionId="071d3a44-4b4c-46b7-822a-9627e82d0700" testId="f044e7ce-e9b7-f039-4105-5cd881f28baa" testName="txtChangedOrLeaveSalePrice_NonNumericTest" computerName="ITSM1033954" duration="00:00:00.0058700" startTime="2012-10-05T08:41:34.2430745-05:00" endTime="2012-10-05T08:41:34.2560752-05:00" testType="13cdc9d9-ddb5-4fa4-a97d-d965ccfc6d4b" outcome="Passed" testListId="8c84fa94-04c1-424b-9868-57a2d4851a1d" relativeResultsDirectory="071d3a44-4b4c-46b7-822a-9627e82d0700">
    </UnitTestResult>
    <UnitTestResult executionId="3d260cd0-ed36-4b3f-ab97-b45063ec17bb" testId="f3995e10-0f0e-0072-ebba-5cc4aa6e8c6a" testName="hsbYearsInterestRate_Years" computerName="ITSM1033954" duration="00:00:00.0082113" startTime="2012-10-05T08:41:34.2580754-05:00" endTime="2012-10-05T08:41:34.2720762-05:00" testType="13cdc9d9-ddb5-4fa4-a97d-d965ccfc6d4b" outcome="Passed" testListId="8c84fa94-04c1-424b-9868-57a2d4851a1d" relativeResultsDirectory="3d260cd0-ed36-4b3f-ab97-b45063ec17bb">
    </UnitTestResult>
    <UnitTestResult executionId="0a1a42cc-6671-4094-946c-3d8fe4a17056" testId="f5e539bb-191e-2c18-e7c9-abe35728d6a4" testName="txtSelectAllTradeIn_EnterTest" computerName="ITSM1033954" duration="00:00:00.0077847" startTime="2012-10-05T08:41:34.2740763-05:00" endTime="2012-10-05T08:41:34.2900772-05:00" testType="13cdc9d9-ddb5-4fa4-a97d-d965ccfc6d4b" outcome="Passed" testListId="8c84fa94-04c1-424b-9868-57a2d4851a1d" relativeResultsDirectory="0a1a42cc-6671-4094-946c-3d8fe4a17056">
    </UnitTestResult>
    <UnitTestResult executionId="0edb11e9-fad7-439a-8121-b339747d33e4" testId="fa8c2ce7-c1b4-4f04-a1e9-f63fe05d2d18" testName="calculateTest_rateMax" computerName="ITSM1033954" duration="00:00:00.0073019" startTime="2012-10-05T08:41:34.2930774-05:00" endTime="2012-10-05T08:41:34.3070782-05:00" testType="13cdc9d9-ddb5-4fa4-a97d-d965ccfc6d4b" outcome="Passed" testListId="8c84fa94-04c1-424b-9868-57a2d4851a1d" relativeResultsDirectory="0edb11e9-fad7-439a-8121-b339747d33e4">
    </UnitTestResult>
    <UnitTestResult executionId="f6882b83-2d66-4d1e-a012-8c7682bccab6" testId="fb655678-719d-c498-3c6f-d378ca9161c3" testName="txtChangedOrLeave_NumericTest" computerName="ITSM1033954" duration="00:00:00.0080391" startTime="2012-10-05T08:41:34.3100783-05:00" endTime="2012-10-05T08:41:34.3250792-05:00" testType="13cdc9d9-ddb5-4fa4-a97d-d965ccfc6d4b" outcome="Passed" testListId="8c84fa94-04c1-424b-9868-57a2d4851a1d" relativeResultsDirectory="f6882b83-2d66-4d1e-a012-8c7682bccab6">
    </UnitTestResult>
  </Results>
</TestRun>