<?xml version="1.0" encoding="UTF-8"?>
<TestRun id="525d3aa6-46d8-4b1f-b715-0dc9f4f436ef" name="eclorina@ITSM1033954 2012-10-11 22:49:37" runUser="ACADEMIC\eclorina" xmlns="http://microsoft.com/schemas/VisualStudio/TeamTest/2010">
  <TestSettings name="Local" id="f6f5894d-bf36-4e2e-b51c-eaefe52a5be0">
    <Description>These are default test settings for a local test run.</Description>
    <Deployment enabled="false" runDeploymentRoot="eclorina_ITSM1033954 2012-10-11 22_49_37">
      <DeploymentItem filename="C:\Users\eclorina\Dropbox\Public\Term3\.NET Programming\NETEdwardClorina\NETEdwardClorina\bin\Debug\NETEdwardClorina.exe" />
      <DeploymentItem filename="C:\Users\eclorina\Dropbox\Public\Term3\.NET Programming\NETEdwardClorina\BusinessTier\bin\Debug\BusinessTier.dll" />
    </Deployment>
    <Execution>
      <TestTypeSpecific />
      <AgentRule name="Execution Agents">
      </AgentRule>
    </Execution>
  </TestSettings>
  <Times creation="2012-10-11T22:49:37.1730454-05:00" queuing="2012-10-11T22:49:37.2270484-05:00" start="2012-10-11T22:49:37.2340488-05:00" finish="2012-10-11T22:49:37.5350661-05:00" />
  <ResultSummary outcome="Failed">
    <Counters total="1" executed="1" error="0" failed="1" timeout="0" aborted="0" inconclusive="0" passedButRunAborted="0" notRunnable="0" notExecuted="0" disconnected="0" warning="0" passed="0" completed="0" inProgress="0" pending="0" />
    <RunInfos>
      <RunInfo computerName="ITSM1033954" outcome="Warning" timestamp="2012-10-11T22:49:37.2260484-05:00">
        <Text>Deployment is currently disabled. The deployment item 'NETEdwardClorina.exe' on test 'EdwardClorinaTest.frmSummaryTest.frmSummary_LoadTest' was not deployed.</Text>
      </RunInfo>
    </RunInfos>
  </ResultSummary>
  <TestDefinitions>
    <UnitTest name="frmSummary_LoadTest" storage="c:\users\eclorina\dropbox\public\term3\.net programming\netedwardclorina\edwardclorinatest\bin\debug\edwardclorinatest.dll" id="3a87717b-e8ad-1537-8952-ef4932a90a36">
      <DeploymentItems>
        <DeploymentItem filename="NETEdwardClorina.exe" />
      </DeploymentItems>
      <Execution id="555d0b87-14d8-4c6b-9ba5-ba689b1fea2b" />
      <TestMethod codeBase="C:/Users/eclorina/Dropbox/Public/Term3/.NET Programming/NETEdwardClorina/EdwardClorinaTest/bin/Debug/EdwardClorinaTest.DLL" adapterTypeName="Microsoft.VisualStudio.TestTools.TestTypes.Unit.UnitTestAdapter, Microsoft.VisualStudio.QualityTools.Tips.UnitTest.Adapter, Version=10.0.0.0, Culture=neutral, PublicKeyToken=b03f5f7f11d50a3a" className="EdwardClorinaTest.frmSummaryTest, EdwardClorinaTest, Version=1.0.0.0, Culture=neutral, PublicKeyToken=null" name="frmSummary_LoadTest" />
    </UnitTest>
  </TestDefinitions>
  <TestLists>
    <TestList name="Results Not in a List" id="8c84fa94-04c1-424b-9868-57a2d4851a1d" />
    <TestList name="All Loaded Results" id="19431567-8539-422a-85d7-44ee4e166bda" />
  </TestLists>
  <TestEntries>
    <TestEntry testId="3a87717b-e8ad-1537-8952-ef4932a90a36" executionId="555d0b87-14d8-4c6b-9ba5-ba689b1fea2b" testListId="8c84fa94-04c1-424b-9868-57a2d4851a1d" />
  </TestEntries>
  <Results>
    <UnitTestResult executionId="555d0b87-14d8-4c6b-9ba5-ba689b1fea2b" testId="3a87717b-e8ad-1537-8952-ef4932a90a36" testName="frmSummary_LoadTest" computerName="ITSM1033954" duration="00:00:00.0573263" startTime="2012-10-11T22:49:37.2440494-05:00" endTime="2012-10-11T22:49:37.5190651-05:00" testType="13cdc9d9-ddb5-4fa4-a97d-d965ccfc6d4b" outcome="Failed" testListId="8c84fa94-04c1-424b-9868-57a2d4851a1d" relativeResultsDirectory="555d0b87-14d8-4c6b-9ba5-ba689b1fea2b">
      <Output>
        <ErrorInfo>
          <Message>Assert.AreEqual failed. Expected:&lt;1'&gt;. Actual:&lt;1&gt;. No of services not properly set.</Message>
          <StackTrace>   at EdwardClorinaTest.frmSummaryTest.frmSummary_LoadTest() in C:\Users\eclorina\Dropbox\Public\Term3\.NET Programming\NETEdwardClorina\EdwardClorinaTest\frmSummaryTest.vb:line 94
</StackTrace>
        </ErrorInfo>
      </Output>
    </UnitTestResult>
  </Results>
</TestRun>