<?xml version="1.0" encoding="UTF-8"?>
<TestRun id="53b28de0-60ad-419e-bda7-552d7ea0c6a2" name="eclorina@ITSM1033954 2012-10-04 22:49:08" runUser="ACADEMIC\eclorina" xmlns="http://microsoft.com/schemas/VisualStudio/TeamTest/2010">
  <TestSettings name="Local" id="f6f5894d-bf36-4e2e-b51c-eaefe52a5be0">
    <Description>These are default test settings for a local test run.</Description>
    <Deployment enabled="false" runDeploymentRoot="eclorina_ITSM1033954 2012-10-04 22_49_08">
      <DeploymentItem filename="C:\Users\eclorina\Dropbox\Public\Term3\.NET Programming\NETEdwardClorina\NETEdwardClorina\bin\Debug\NETEdwardClorina.exe" />
    </Deployment>
    <Execution>
      <TestTypeSpecific />
      <AgentRule name="Execution Agents">
      </AgentRule>
    </Execution>
  </TestSettings>
  <Times creation="2012-10-04T22:49:08.7142580-05:00" queuing="2012-10-04T22:49:08.7402595-05:00" start="2012-10-04T22:49:08.7772616-05:00" finish="2012-10-04T22:49:09.0712785-05:00" />
  <ResultSummary outcome="Failed">
    <Counters total="1" executed="1" error="0" failed="1" timeout="0" aborted="0" inconclusive="0" passedButRunAborted="0" notRunnable="0" notExecuted="0" disconnected="0" warning="0" passed="0" completed="0" inProgress="0" pending="0" />
    <RunInfos>
      <RunInfo computerName="ITSM1033954" outcome="Warning" timestamp="2012-10-04T22:49:08.7402595-05:00">
        <Text>Deployment is currently disabled. The deployment item 'NETEdwardClorina.exe' on test 'EdwardClorinaTest.frmEstimateTest.calculateTest_rateMax' was not deployed.</Text>
      </RunInfo>
    </RunInfos>
  </ResultSummary>
  <TestDefinitions>
    <UnitTest name="calculateTest_rateMax" storage="c:\users\eclorina\dropbox\public\term3\.net programming\netedwardclorina\edwardclorinatest\bin\debug\edwardclorinatest.dll" id="fa8c2ce7-c1b4-4f04-a1e9-f63fe05d2d18">
      <DeploymentItems>
        <DeploymentItem filename="NETEdwardClorina.exe" />
      </DeploymentItems>
      <Execution id="33715391-52de-4779-9dd4-b0daeb5ca2e3" />
      <TestMethod codeBase="C:/Users/eclorina/Dropbox/Public/Term3/.NET Programming/NETEdwardClorina/EdwardClorinaTest/bin/Debug/EdwardClorinaTest.DLL" adapterTypeName="Microsoft.VisualStudio.TestTools.TestTypes.Unit.UnitTestAdapter, Microsoft.VisualStudio.QualityTools.Tips.UnitTest.Adapter, Version=10.0.0.0, Culture=neutral, PublicKeyToken=b03f5f7f11d50a3a" className="EdwardClorinaTest.frmEstimateTest, EdwardClorinaTest, Version=1.0.0.0, Culture=neutral, PublicKeyToken=null" name="calculateTest_rateMax" />
    </UnitTest>
  </TestDefinitions>
  <TestLists>
    <TestList name="Results Not in a List" id="8c84fa94-04c1-424b-9868-57a2d4851a1d" />
    <TestList name="All Loaded Results" id="19431567-8539-422a-85d7-44ee4e166bda" />
  </TestLists>
  <TestEntries>
    <TestEntry testId="fa8c2ce7-c1b4-4f04-a1e9-f63fe05d2d18" executionId="33715391-52de-4779-9dd4-b0daeb5ca2e3" testListId="8c84fa94-04c1-424b-9868-57a2d4851a1d" />
  </TestEntries>
  <Results>
    <UnitTestResult executionId="33715391-52de-4779-9dd4-b0daeb5ca2e3" testId="fa8c2ce7-c1b4-4f04-a1e9-f63fe05d2d18" testName="calculateTest_rateMax" computerName="ITSM1033954" duration="00:00:00.0705580" startTime="2012-10-04T22:49:08.7772616-05:00" endTime="2012-10-04T22:49:09.0522774-05:00" testType="13cdc9d9-ddb5-4fa4-a97d-d965ccfc6d4b" outcome="Failed" testListId="8c84fa94-04c1-424b-9868-57a2d4851a1d" relativeResultsDirectory="33715391-52de-4779-9dd4-b0daeb5ca2e3">
      <Output>
        <ErrorInfo>
          <Message>Assert.AreEqual failed. Expected:&lt;$355.61&gt;. Actual:&lt;$0.00&gt;. Something went wrong</Message>
          <StackTrace>   at EdwardClorinaTest.frmEstimateTest.calculateTest_rateMax() in C:\Users\eclorina\Dropbox\Public\Term3\.NET Programming\NETEdwardClorina\EdwardClorinaTest\frmEstimateTest.vb:line 831
</StackTrace>
        </ErrorInfo>
      </Output>
    </UnitTestResult>
  </Results>
</TestRun>