<?xml version="1.0" encoding="UTF-8"?>
<TestRun id="e993375b-27d3-42fa-94d4-af469f6deee6" name="eclorina@ITSM1033954 2012-10-11 22:21:40" runUser="ACADEMIC\eclorina" xmlns="http://microsoft.com/schemas/VisualStudio/TeamTest/2010">
  <TestSettings name="Local" id="f6f5894d-bf36-4e2e-b51c-eaefe52a5be0">
    <Description>These are default test settings for a local test run.</Description>
    <Deployment enabled="false" runDeploymentRoot="eclorina_ITSM1033954 2012-10-11 22_21_40">
      <DeploymentItem filename="C:\Users\eclorina\Dropbox\Public\Term3\.NET Programming\NETEdwardClorina\NETEdwardClorina\bin\Debug\NETEdwardClorina.exe" />
      <DeploymentItem filename="C:\Users\eclorina\Dropbox\Public\Term3\.NET Programming\NETEdwardClorina\BusinessTier\bin\Debug\BusinessTier.dll" />
    </Deployment>
    <Execution>
      <TestTypeSpecific />
      <AgentRule name="Execution Agents">
      </AgentRule>
    </Execution>
  </TestSettings>
  <Times creation="2012-10-11T22:21:40.8281639-05:00" queuing="2012-10-11T22:21:40.8791668-05:00" start="2012-10-11T22:21:40.8971679-05:00" finish="2012-10-11T22:21:41.3021910-05:00" />
  <ResultSummary outcome="Failed">
    <Counters total="1" executed="1" error="0" failed="1" timeout="0" aborted="0" inconclusive="0" passedButRunAborted="0" notRunnable="0" notExecuted="0" disconnected="0" warning="0" passed="0" completed="0" inProgress="0" pending="0" />
  </ResultSummary>
  <TestDefinitions>
    <UnitTest name="averageContractTest" storage="c:\users\eclorina\dropbox\public\term3\.net programming\netedwardclorina\edwardclorinatest\bin\debug\edwardclorinatest.dll" id="38009d5c-e88a-4daf-c8c7-d948aca112fa">
      <Execution id="c979345a-0304-45f1-a430-5db5b9e9cdbf" />
      <TestMethod codeBase="C:/Users/eclorina/Dropbox/Public/Term3/.NET Programming/NETEdwardClorina/EdwardClorinaTest/bin/Debug/EdwardClorinaTest.DLL" adapterTypeName="Microsoft.VisualStudio.TestTools.TestTypes.Unit.UnitTestAdapter, Microsoft.VisualStudio.QualityTools.Tips.UnitTest.Adapter, Version=10.0.0.0, Culture=neutral, PublicKeyToken=b03f5f7f11d50a3a" className="EdwardClorinaTest.clsServiceTest, EdwardClorinaTest, Version=1.0.0.0, Culture=neutral, PublicKeyToken=null" name="averageContractTest" />
    </UnitTest>
  </TestDefinitions>
  <TestLists>
    <TestList name="Results Not in a List" id="8c84fa94-04c1-424b-9868-57a2d4851a1d" />
    <TestList name="All Loaded Results" id="19431567-8539-422a-85d7-44ee4e166bda" />
  </TestLists>
  <TestEntries>
    <TestEntry testId="38009d5c-e88a-4daf-c8c7-d948aca112fa" executionId="c979345a-0304-45f1-a430-5db5b9e9cdbf" testListId="8c84fa94-04c1-424b-9868-57a2d4851a1d" />
  </TestEntries>
  <Results>
    <UnitTestResult executionId="c979345a-0304-45f1-a430-5db5b9e9cdbf" testId="38009d5c-e88a-4daf-c8c7-d948aca112fa" testName="averageContractTest" computerName="ITSM1033954" duration="00:00:00.1488021" startTime="2012-10-11T22:21:40.8981679-05:00" endTime="2012-10-11T22:21:41.2821899-05:00" testType="13cdc9d9-ddb5-4fa4-a97d-d965ccfc6d4b" outcome="Failed" testListId="8c84fa94-04c1-424b-9868-57a2d4851a1d" relativeResultsDirectory="c979345a-0304-45f1-a430-5db5b9e9cdbf">
      <Output>
        <ErrorInfo>
          <Message>Assert.AreEqual failed. Expected:&lt;5&gt;. Actual:&lt;16.80&gt;. </Message>
          <StackTrace>   at EdwardClorinaTest.clsServiceTest.averageContractTest() in C:\Users\eclorina\Dropbox\Public\Term3\.NET Programming\NETEdwardClorina\EdwardClorinaTest\clsServiceTest.vb:line 220
</StackTrace>
        </ErrorInfo>
      </Output>
    </UnitTestResult>
  </Results>
</TestRun>