<?xml version="1.0" encoding="UTF-8"?>
<TestRun id="1e20e273-6bac-41ab-b67a-0a9d39493620" name="eclorina@ITSM1033954 2012-09-22 19:04:47" runUser="ACADEMIC\eclorina" xmlns="http://microsoft.com/schemas/VisualStudio/TeamTest/2010">
  <TestSettings name="Local" id="f6f5894d-bf36-4e2e-b51c-eaefe52a5be0">
    <Description>These are default test settings for a local test run.</Description>
    <Deployment enabled="false" runDeploymentRoot="eclorina_ITSM1033954 2012-09-22 19_04_47">
      <DeploymentItem filename="C:\Users\eclorina\Documents\Classes\Term 3\Programming (.NET 1)\projects\NETEdwardClorina\NETEdwardClorina\bin\Debug\NETEdwardClorina.exe" />
    </Deployment>
    <Execution>
      <TestTypeSpecific />
      <AgentRule name="Execution Agents">
      </AgentRule>
    </Execution>
  </TestSettings>
  <Times creation="2012-09-22T19:04:47.0747098-05:00" queuing="2012-09-22T19:04:47.0917108-05:00" start="2012-09-22T19:04:47.1077117-05:00" finish="2012-09-22T19:04:47.5757385-05:00" />
  <ResultSummary outcome="Failed">
    <Counters total="4" executed="4" passed="3" error="0" failed="1" timeout="0" aborted="0" inconclusive="0" passedButRunAborted="0" notRunnable="0" notExecuted="0" disconnected="0" warning="0" completed="0" inProgress="0" pending="0" />
    <RunInfos>
      <RunInfo computerName="ITSM1033954" outcome="Warning" timestamp="2012-09-22T19:04:47.0907107-05:00">
        <Text>Deployment is currently disabled. The deployment item 'NETEdwardClorina.exe' on test 'EdwardClorinaTest.frmEstimateTest.radChangedCustomDetail_CheckedChangedTest' was not deployed.</Text>
      </RunInfo>
    </RunInfos>
  </ResultSummary>
  <TestDefinitions>
    <UnitTest name="radChangedCustomDetail_CheckedChangedTest" storage="c:\users\eclorina\documents\classes\term 3\programming (.net 1)\projects\netedwardclorina\edwardclorinatest\bin\debug\edwardclorinatest.dll" id="9222fecf-4f1e-8c35-74ae-f7b601608fd1">
      <DeploymentItems>
        <DeploymentItem filename="NETEdwardClorina.exe" />
      </DeploymentItems>
      <Execution id="3c8a1d25-f457-429b-946c-23bbbbfb6f6e" />
      <TestMethod codeBase="C:/Users/eclorina/Documents/Classes/Term 3/Programming (.NET 1)/projects/NETEdwardClorina/EdwardClorinaTest/bin/Debug/EdwardClorinaTest.DLL" adapterTypeName="Microsoft.VisualStudio.TestTools.TestTypes.Unit.UnitTestAdapter, Microsoft.VisualStudio.QualityTools.Tips.UnitTest.Adapter, Version=10.0.0.0, Culture=neutral, PublicKeyToken=b03f5f7f11d50a3a" className="EdwardClorinaTest.frmEstimateTest, EdwardClorinaTest, Version=1.0.0.0, Culture=neutral, PublicKeyToken=null" name="radChangedCustomDetail_CheckedChangedTest" />
    </UnitTest>
    <UnitTest name="chkChanged_CheckedChangedTest" storage="c:\users\eclorina\documents\classes\term 3\programming (.net 1)\projects\netedwardclorina\edwardclorinatest\bin\debug\edwardclorinatest.dll" id="22fb74a9-f28e-1f6d-0efc-d50d30d55f44">
      <DeploymentItems>
        <DeploymentItem filename="NETEdwardClorina.exe" />
      </DeploymentItems>
      <Execution id="088876fa-699c-42be-b708-73e65fe14ed7" />
      <TestMethod codeBase="C:/Users/eclorina/Documents/Classes/Term 3/Programming (.NET 1)/projects/NETEdwardClorina/EdwardClorinaTest/bin/Debug/EdwardClorinaTest.DLL" adapterTypeName="Microsoft.VisualStudio.TestTools.TestTypes.Unit.UnitTestAdapter, Microsoft.VisualStudio.QualityTools.Tips.UnitTest.Adapter, Version=10.0.0.0, Culture=neutral, PublicKeyToken=b03f5f7f11d50a3a" className="EdwardClorinaTest.frmEstimateTest, EdwardClorinaTest, Version=1.0.0.0, Culture=neutral, PublicKeyToken=null" name="chkChanged_CheckedChangedTest" />
    </UnitTest>
    <UnitTest name="radChangedStandard_CheckedChangedTest" storage="c:\users\eclorina\documents\classes\term 3\programming (.net 1)\projects\netedwardclorina\edwardclorinatest\bin\debug\edwardclorinatest.dll" id="45a8c117-d6a9-1d87-84b9-04e419370e4a">
      <DeploymentItems>
        <DeploymentItem filename="NETEdwardClorina.exe" />
      </DeploymentItems>
      <Execution id="36608426-c029-441f-982d-41bf7e66acf0" />
      <TestMethod codeBase="C:/Users/eclorina/Documents/Classes/Term 3/Programming (.NET 1)/projects/NETEdwardClorina/EdwardClorinaTest/bin/Debug/EdwardClorinaTest.DLL" adapterTypeName="Microsoft.VisualStudio.TestTools.TestTypes.Unit.UnitTestAdapter, Microsoft.VisualStudio.QualityTools.Tips.UnitTest.Adapter, Version=10.0.0.0, Culture=neutral, PublicKeyToken=b03f5f7f11d50a3a" className="EdwardClorinaTest.frmEstimateTest, EdwardClorinaTest, Version=1.0.0.0, Culture=neutral, PublicKeyToken=null" name="radChangedStandard_CheckedChangedTest" />
    </UnitTest>
    <UnitTest name="radChangedPearlized_CheckedChangedTest" storage="c:\users\eclorina\documents\classes\term 3\programming (.net 1)\projects\netedwardclorina\edwardclorinatest\bin\debug\edwardclorinatest.dll" id="93e7a9d2-7f5d-6f59-bcd8-4a5a6ea7b55a">
      <DeploymentItems>
        <DeploymentItem filename="NETEdwardClorina.exe" />
      </DeploymentItems>
      <Execution id="7a0fe46f-8058-4ad2-bdba-7d80990632d2" />
      <TestMethod codeBase="C:/Users/eclorina/Documents/Classes/Term 3/Programming (.NET 1)/projects/NETEdwardClorina/EdwardClorinaTest/bin/Debug/EdwardClorinaTest.DLL" adapterTypeName="Microsoft.VisualStudio.TestTools.TestTypes.Unit.UnitTestAdapter, Microsoft.VisualStudio.QualityTools.Tips.UnitTest.Adapter, Version=10.0.0.0, Culture=neutral, PublicKeyToken=b03f5f7f11d50a3a" className="EdwardClorinaTest.frmEstimateTest, EdwardClorinaTest, Version=1.0.0.0, Culture=neutral, PublicKeyToken=null" name="radChangedPearlized_CheckedChangedTest" />
    </UnitTest>
  </TestDefinitions>
  <TestLists>
    <TestList name="Results Not in a List" id="8c84fa94-04c1-424b-9868-57a2d4851a1d" />
    <TestList name="All Loaded Results" id="19431567-8539-422a-85d7-44ee4e166bda" />
  </TestLists>
  <TestEntries>
    <TestEntry testId="22fb74a9-f28e-1f6d-0efc-d50d30d55f44" executionId="088876fa-699c-42be-b708-73e65fe14ed7" testListId="8c84fa94-04c1-424b-9868-57a2d4851a1d" />
    <TestEntry testId="45a8c117-d6a9-1d87-84b9-04e419370e4a" executionId="36608426-c029-441f-982d-41bf7e66acf0" testListId="8c84fa94-04c1-424b-9868-57a2d4851a1d" />
    <TestEntry testId="9222fecf-4f1e-8c35-74ae-f7b601608fd1" executionId="3c8a1d25-f457-429b-946c-23bbbbfb6f6e" testListId="8c84fa94-04c1-424b-9868-57a2d4851a1d" />
    <TestEntry testId="93e7a9d2-7f5d-6f59-bcd8-4a5a6ea7b55a" executionId="7a0fe46f-8058-4ad2-bdba-7d80990632d2" testListId="8c84fa94-04c1-424b-9868-57a2d4851a1d" />
  </TestEntries>
  <Results>
    <UnitTestResult executionId="088876fa-699c-42be-b708-73e65fe14ed7" testId="22fb74a9-f28e-1f6d-0efc-d50d30d55f44" testName="chkChanged_CheckedChangedTest" computerName="ITSM1033954" duration="00:00:00.0608319" startTime="2012-09-22T19:04:47.1397135-05:00" endTime="2012-09-22T19:04:47.4857333-05:00" testType="13cdc9d9-ddb5-4fa4-a97d-d965ccfc6d4b" outcome="Failed" testListId="8c84fa94-04c1-424b-9868-57a2d4851a1d" relativeResultsDirectory="088876fa-699c-42be-b708-73e65fe14ed7">
      <Output>
        <ErrorInfo>
          <Message>Assert.AreEqual failed. Expected:&lt;5&gt;. Actual:&lt;0&gt;. </Message>
          <StackTrace>   at EdwardClorinaTest.frmEstimateTest.chkChanged_CheckedChangedTest() in C:\Users\eclorina\Documents\Classes\Term 3\Programming (.NET 1)\projects\NETEdwardClorina\EdwardClorinaTest\frmEstimateTest.vb:line 152
</StackTrace>
        </ErrorInfo>
      </Output>
    </UnitTestResult>
    <UnitTestResult executionId="36608426-c029-441f-982d-41bf7e66acf0" testId="45a8c117-d6a9-1d87-84b9-04e419370e4a" testName="radChangedStandard_CheckedChangedTest" computerName="ITSM1033954" duration="00:00:00.0072220" startTime="2012-09-22T19:04:47.4877334-05:00" endTime="2012-09-22T19:04:47.5127349-05:00" testType="13cdc9d9-ddb5-4fa4-a97d-d965ccfc6d4b" outcome="Passed" testListId="8c84fa94-04c1-424b-9868-57a2d4851a1d" relativeResultsDirectory="36608426-c029-441f-982d-41bf7e66acf0">
    </UnitTestResult>
    <UnitTestResult executionId="3c8a1d25-f457-429b-946c-23bbbbfb6f6e" testId="9222fecf-4f1e-8c35-74ae-f7b601608fd1" testName="radChangedCustomDetail_CheckedChangedTest" computerName="ITSM1033954" duration="00:00:00.0054711" startTime="2012-09-22T19:04:47.5267357-05:00" endTime="2012-09-22T19:04:47.5437366-05:00" testType="13cdc9d9-ddb5-4fa4-a97d-d965ccfc6d4b" outcome="Passed" testListId="8c84fa94-04c1-424b-9868-57a2d4851a1d" relativeResultsDirectory="3c8a1d25-f457-429b-946c-23bbbbfb6f6e">
    </UnitTestResult>
    <UnitTestResult executionId="7a0fe46f-8058-4ad2-bdba-7d80990632d2" testId="93e7a9d2-7f5d-6f59-bcd8-4a5a6ea7b55a" testName="radChangedPearlized_CheckedChangedTest" computerName="ITSM1033954" duration="00:00:00.0048754" startTime="2012-09-22T19:04:47.5457367-05:00" endTime="2012-09-22T19:04:47.5577374-05:00" testType="13cdc9d9-ddb5-4fa4-a97d-d965ccfc6d4b" outcome="Passed" testListId="8c84fa94-04c1-424b-9868-57a2d4851a1d" relativeResultsDirectory="7a0fe46f-8058-4ad2-bdba-7d80990632d2">
    </UnitTestResult>
  </Results>
</TestRun>