<?xml version="1.0" encoding="UTF-8"?>
<TestRun id="0cce8152-e8e5-487c-baa0-7c5b6dbf8395" name="eclorina@ITSM1033954 2012-10-09 13:38:57" runUser="ACADEMIC\eclorina" xmlns="http://microsoft.com/schemas/VisualStudio/TeamTest/2010">
  <TestSettings name="Local" id="f6f5894d-bf36-4e2e-b51c-eaefe52a5be0">
    <Description>These are default test settings for a local test run.</Description>
    <Deployment enabled="false" runDeploymentRoot="eclorina_ITSM1033954 2012-10-09 13_38_57">
      <DeploymentItem filename="C:\Users\eclorina\Dropbox\Public\Term3\.NET Programming\NETEdwardClorina\NETEdwardClorina\bin\Debug\NETEdwardClorina.exe" />
      <DeploymentItem filename="C:\Users\eclorina\Dropbox\Public\Term3\.NET Programming\NETEdwardClorina\BusinessTier\bin\Debug\BusinessTier.dll" />
    </Deployment>
    <Execution>
      <TestTypeSpecific />
      <AgentRule name="Execution Agents">
      </AgentRule>
    </Execution>
  </TestSettings>
  <Times creation="2012-10-09T13:38:57.7398241-05:00" queuing="2012-10-09T13:38:57.7738241-05:00" start="2012-10-09T13:38:57.7928241-05:00" finish="2012-10-09T13:38:58.0578241-05:00" />
  <ResultSummary outcome="Completed">
    <Counters total="1" executed="1" passed="1" error="0" failed="0" timeout="0" aborted="0" inconclusive="0" passedButRunAborted="0" notRunnable="0" notExecuted="0" disconnected="0" warning="0" completed="0" inProgress="0" pending="0" />
  </ResultSummary>
  <TestDefinitions>
    <UnitTest name="clsServiceConstructorTest_Parameterized" storage="c:\users\eclorina\dropbox\public\term3\.net programming\netedwardclorina\edwardclorinatest\bin\debug\edwardclorinatest.dll" id="d80dad86-99ae-aa29-b46c-a4768048d274">
      <Execution id="8fa26013-b918-4b5b-9855-a68ffade8e2d" />
      <TestMethod codeBase="C:/Users/eclorina/Dropbox/Public/Term3/.NET Programming/NETEdwardClorina/EdwardClorinaTest/bin/Debug/EdwardClorinaTest.DLL" adapterTypeName="Microsoft.VisualStudio.TestTools.TestTypes.Unit.UnitTestAdapter, Microsoft.VisualStudio.QualityTools.Tips.UnitTest.Adapter, Version=10.0.0.0, Culture=neutral, PublicKeyToken=b03f5f7f11d50a3a" className="EdwardClorinaTest.clsServiceTest, EdwardClorinaTest, Version=1.0.0.0, Culture=neutral, PublicKeyToken=null" name="clsServiceConstructorTest_Parameterized" />
    </UnitTest>
  </TestDefinitions>
  <TestLists>
    <TestList name="Results Not in a List" id="8c84fa94-04c1-424b-9868-57a2d4851a1d" />
    <TestList name="All Loaded Results" id="19431567-8539-422a-85d7-44ee4e166bda" />
  </TestLists>
  <TestEntries>
    <TestEntry testId="d80dad86-99ae-aa29-b46c-a4768048d274" executionId="8fa26013-b918-4b5b-9855-a68ffade8e2d" testListId="8c84fa94-04c1-424b-9868-57a2d4851a1d" />
  </TestEntries>
  <Results>
    <UnitTestResult executionId="8fa26013-b918-4b5b-9855-a68ffade8e2d" testId="d80dad86-99ae-aa29-b46c-a4768048d274" testName="clsServiceConstructorTest_Parameterized" computerName="ITSM1033954" duration="00:00:00.0220579" startTime="2012-10-09T13:38:57.8098241-05:00" endTime="2012-10-09T13:38:58.0418241-05:00" testType="13cdc9d9-ddb5-4fa4-a97d-d965ccfc6d4b" outcome="Passed" testListId="8c84fa94-04c1-424b-9868-57a2d4851a1d" relativeResultsDirectory="8fa26013-b918-4b5b-9855-a68ffade8e2d">
    </UnitTestResult>
  </Results>
</TestRun>