<?xml version="1.0" encoding="UTF-8"?>
<TestRun id="260a775e-9e2c-4be5-9acf-24d6883bd355" name="eclorina@ITSM1033954 2012-11-09 07:41:10" runUser="ACADEMIC\eclorina" xmlns="http://microsoft.com/schemas/VisualStudio/TeamTest/2010">
  <TestSettings name="Local" id="f6f5894d-bf36-4e2e-b51c-eaefe52a5be0">
    <Description>These are default test settings for a local test run.</Description>
    <Deployment enabled="false" runDeploymentRoot="eclorina_ITSM1033954 2012-11-09 07_41_10">
      <DeploymentItem filename="C:\Users\eclorina\Dropbox\Public\Term3\.NET Programming\NETEdwardClorina\NETEdwardClorina\bin\Debug\NETEdwardClorina.exe" />
      <DeploymentItem filename="C:\Users\eclorina\Dropbox\Public\Term3\.NET Programming\NETEdwardClorina\BusinessTier\bin\Debug\BusinessTier.dll" />
    </Deployment>
    <Execution>
      <TestTypeSpecific />
      <AgentRule name="Execution Agents">
      </AgentRule>
    </Execution>
  </TestSettings>
  <Times creation="2012-11-09T07:41:10.1993731-06:00" queuing="2012-11-09T07:41:10.2383770-06:00" start="2012-11-09T07:41:10.2523784-06:00" finish="2012-11-09T07:41:10.6724204-06:00" />
  <ResultSummary outcome="Completed">
    <Counters total="1" executed="1" passed="1" error="0" failed="0" timeout="0" aborted="0" inconclusive="0" passedButRunAborted="0" notRunnable="0" notExecuted="0" disconnected="0" warning="0" completed="0" inProgress="0" pending="0" />
  </ResultSummary>
  <TestDefinitions>
    <UnitTest name="clsChargesConstructor_Parameterized" storage="c:\users\eclorina\dropbox\public\term3\.net programming\netedwardclorina\edwardclorinatest\bin\debug\edwardclorinatest.dll" id="d7c710e5-cc08-ac5c-c802-8f1c80d3c021">
      <Execution id="c6f27695-bcc4-4ca3-b4a5-3a2209b3f40a" />
      <TestMethod codeBase="C:/Users/eclorina/Dropbox/Public/Term3/.NET Programming/NETEdwardClorina/EdwardClorinaTest/bin/Debug/EdwardClorinaTest.DLL" adapterTypeName="Microsoft.VisualStudio.TestTools.TestTypes.Unit.UnitTestAdapter, Microsoft.VisualStudio.QualityTools.Tips.UnitTest.Adapter, Version=10.0.0.0, Culture=neutral, PublicKeyToken=b03f5f7f11d50a3a" className="EdwardClorinaTest.clsChargesTest, EdwardClorinaTest, Version=1.0.0.0, Culture=neutral, PublicKeyToken=null" name="clsChargesConstructor_Parameterized" />
    </UnitTest>
  </TestDefinitions>
  <TestLists>
    <TestList name="Results Not in a List" id="8c84fa94-04c1-424b-9868-57a2d4851a1d" />
    <TestList name="All Loaded Results" id="19431567-8539-422a-85d7-44ee4e166bda" />
  </TestLists>
  <TestEntries>
    <TestEntry testId="d7c710e5-cc08-ac5c-c802-8f1c80d3c021" executionId="c6f27695-bcc4-4ca3-b4a5-3a2209b3f40a" testListId="8c84fa94-04c1-424b-9868-57a2d4851a1d" />
  </TestEntries>
  <Results>
    <UnitTestResult executionId="c6f27695-bcc4-4ca3-b4a5-3a2209b3f40a" testId="d7c710e5-cc08-ac5c-c802-8f1c80d3c021" testName="clsChargesConstructor_Parameterized" computerName="ITSM1033954" duration="00:00:00.0216218" startTime="2012-11-09T07:41:10.2973829-06:00" endTime="2012-11-09T07:41:10.6594191-06:00" testType="13cdc9d9-ddb5-4fa4-a97d-d965ccfc6d4b" outcome="Passed" testListId="8c84fa94-04c1-424b-9868-57a2d4851a1d" relativeResultsDirectory="c6f27695-bcc4-4ca3-b4a5-3a2209b3f40a">
    </UnitTestResult>
  </Results>
</TestRun>