<?xml version="1.0" encoding="UTF-8"?>
<TestRun id="2c6be665-3421-46ed-bd7e-bb2932c3b557" name="eclorina@ITSM1033954 2012-11-09 08:30:09" runUser="ACADEMIC\eclorina" xmlns="http://microsoft.com/schemas/VisualStudio/TeamTest/2010">
  <TestSettings name="Local" id="f6f5894d-bf36-4e2e-b51c-eaefe52a5be0">
    <Description>These are default test settings for a local test run.</Description>
    <Deployment enabled="false" runDeploymentRoot="eclorina_ITSM1033954 2012-11-09 08_30_09">
      <DeploymentItem filename="C:\Users\eclorina\Dropbox\Public\Term3\.NET Programming\NETEdwardClorina\NETEdwardClorina\bin\Debug\NETEdwardClorina.exe" />
      <DeploymentItem filename="C:\Users\eclorina\Dropbox\Public\Term3\.NET Programming\NETEdwardClorina\BusinessTier\bin\Debug\BusinessTier.dll" />
    </Deployment>
    <Execution>
      <TestTypeSpecific />
      <AgentRule name="Execution Agents">
      </AgentRule>
    </Execution>
  </TestSettings>
  <Times creation="2012-11-09T08:30:09.3042683-06:00" queuing="2012-11-09T08:30:09.3492728-06:00" start="2012-11-09T08:30:09.3562735-06:00" finish="2012-11-09T08:30:09.8993278-06:00" />
  <ResultSummary outcome="Completed">
    <Counters total="1" executed="1" passed="1" error="0" failed="0" timeout="0" aborted="0" inconclusive="0" passedButRunAborted="0" notRunnable="0" notExecuted="0" disconnected="0" warning="0" completed="0" inProgress="0" pending="0" />
  </ResultSummary>
  <TestDefinitions>
    <UnitTest name="readFiles_Exterior" storage="c:\users\eclorina\dropbox\public\term3\.net programming\netedwardclorina\edwardclorinatest\bin\debug\edwardclorinatest.dll" id="5b71a64d-9c2e-2947-fa57-e52621ef55a7">
      <Execution id="a9e632f5-4820-4a91-99c6-abb436683848" />
      <TestMethod codeBase="C:/Users/eclorina/Dropbox/Public/Term3/.NET Programming/NETEdwardClorina/EdwardClorinaTest/bin/Debug/EdwardClorinaTest.DLL" adapterTypeName="Microsoft.VisualStudio.TestTools.TestTypes.Unit.UnitTestAdapter, Microsoft.VisualStudio.QualityTools.Tips.UnitTest.Adapter, Version=10.0.0.0, Culture=neutral, PublicKeyToken=b03f5f7f11d50a3a" className="EdwardClorinaTest.frmCarWashTest, EdwardClorinaTest, Version=1.0.0.0, Culture=neutral, PublicKeyToken=null" name="readFiles_Exterior" />
    </UnitTest>
  </TestDefinitions>
  <TestLists>
    <TestList name="Results Not in a List" id="8c84fa94-04c1-424b-9868-57a2d4851a1d" />
    <TestList name="All Loaded Results" id="19431567-8539-422a-85d7-44ee4e166bda" />
  </TestLists>
  <TestEntries>
    <TestEntry testId="5b71a64d-9c2e-2947-fa57-e52621ef55a7" executionId="a9e632f5-4820-4a91-99c6-abb436683848" testListId="8c84fa94-04c1-424b-9868-57a2d4851a1d" />
  </TestEntries>
  <Results>
    <UnitTestResult executionId="a9e632f5-4820-4a91-99c6-abb436683848" testId="5b71a64d-9c2e-2947-fa57-e52621ef55a7" testName="readFiles_Exterior" computerName="ITSM1033954" duration="00:00:00.0554977" startTime="2012-11-09T08:30:09.3602739-06:00" endTime="2012-11-09T08:30:09.6503029-06:00" testType="13cdc9d9-ddb5-4fa4-a97d-d965ccfc6d4b" outcome="Passed" testListId="8c84fa94-04c1-424b-9868-57a2d4851a1d" relativeResultsDirectory="a9e632f5-4820-4a91-99c6-abb436683848">
    </UnitTestResult>
  </Results>
</TestRun>