<?xml version="1.0" encoding="UTF-8"?>
<TestRun id="fad32368-003b-41f4-ad67-0c64ad77e7fd" name="eclorina@ITSM1033954 2012-09-24 11:33:29" runUser="ACADEMIC\eclorina" xmlns="http://microsoft.com/schemas/VisualStudio/TeamTest/2010">
  <TestSettings name="Local" id="f6f5894d-bf36-4e2e-b51c-eaefe52a5be0">
    <Description>These are default test settings for a local test run.</Description>
    <Deployment enabled="false" runDeploymentRoot="eclorina_ITSM1033954 2012-09-24 11_33_29">
      <DeploymentItem filename="C:\Users\eclorina\Documents\Classes\Term 3\Programming (.NET 1)\projects\NETEdwardClorina\NETEdwardClorina\bin\Debug\NETEdwardClorina.exe" />
    </Deployment>
    <Execution>
      <TestTypeSpecific />
      <AgentRule name="Execution Agents">
      </AgentRule>
    </Execution>
  </TestSettings>
  <Times creation="2012-09-24T11:33:29.5075728-05:00" queuing="2012-09-24T11:33:29.5725793-05:00" start="2012-09-24T11:33:29.5795800-05:00" finish="2012-09-24T11:33:29.9356156-05:00" />
  <ResultSummary outcome="Failed">
    <Counters total="1" executed="1" error="0" failed="1" timeout="0" aborted="0" inconclusive="0" passedButRunAborted="0" notRunnable="0" notExecuted="0" disconnected="0" warning="0" passed="0" completed="0" inProgress="0" pending="0" />
    <RunInfos>
      <RunInfo computerName="ITSM1033954" outcome="Warning" timestamp="2012-09-24T11:33:29.5725793-05:00">
        <Text>Deployment is currently disabled. The deployment item 'NETEdwardClorina.exe' on test 'EdwardClorinaTest.frmEstimateTest.chkChangedNone_CheckedChangedTest' was not deployed.</Text>
      </RunInfo>
    </RunInfos>
  </ResultSummary>
  <TestDefinitions>
    <UnitTest name="chkChangedNone_CheckedChangedTest" storage="c:\users\eclorina\documents\classes\term 3\programming (.net 1)\projects\netedwardclorina\edwardclorinatest\bin\debug\edwardclorinatest.dll" id="617cfebc-4eb5-27fe-13e8-77be2a6a1d90">
      <DeploymentItems>
        <DeploymentItem filename="NETEdwardClorina.exe" />
      </DeploymentItems>
      <Execution id="dd36dff5-be0f-490b-b358-70f771f0bf24" />
      <TestMethod codeBase="C:/Users/eclorina/Documents/Classes/Term 3/Programming (.NET 1)/projects/NETEdwardClorina/EdwardClorinaTest/bin/Debug/EdwardClorinaTest.DLL" adapterTypeName="Microsoft.VisualStudio.TestTools.TestTypes.Unit.UnitTestAdapter, Microsoft.VisualStudio.QualityTools.Tips.UnitTest.Adapter, Version=10.0.0.0, Culture=neutral, PublicKeyToken=b03f5f7f11d50a3a" className="EdwardClorinaTest.frmEstimateTest, EdwardClorinaTest, Version=1.0.0.0, Culture=neutral, PublicKeyToken=null" name="chkChangedNone_CheckedChangedTest" />
    </UnitTest>
  </TestDefinitions>
  <TestLists>
    <TestList name="Results Not in a List" id="8c84fa94-04c1-424b-9868-57a2d4851a1d" />
    <TestList name="All Loaded Results" id="19431567-8539-422a-85d7-44ee4e166bda" />
  </TestLists>
  <TestEntries>
    <TestEntry testId="617cfebc-4eb5-27fe-13e8-77be2a6a1d90" executionId="dd36dff5-be0f-490b-b358-70f771f0bf24" testListId="8c84fa94-04c1-424b-9868-57a2d4851a1d" />
  </TestEntries>
  <Results>
    <UnitTestResult executionId="dd36dff5-be0f-490b-b358-70f771f0bf24" testId="617cfebc-4eb5-27fe-13e8-77be2a6a1d90" testName="chkChangedNone_CheckedChangedTest" computerName="ITSM1033954" duration="00:00:00.0569007" startTime="2012-09-24T11:33:29.5845805-05:00" endTime="2012-09-24T11:33:29.8316052-05:00" testType="13cdc9d9-ddb5-4fa4-a97d-d965ccfc6d4b" outcome="Failed" testListId="8c84fa94-04c1-424b-9868-57a2d4851a1d" relativeResultsDirectory="dd36dff5-be0f-490b-b358-70f771f0bf24">
      <Output>
        <ErrorInfo>
          <Message>Test method EdwardClorinaTest.frmEstimateTest.chkChangedNone_CheckedChangedTest threw exception: 
System.NullReferenceException: Object reference not set to an instance of an object.</Message>
          <StackTrace>   at NETEdwardClorina.frmEstimate_Accessor.chkChanged_CheckedChanged(Object sender, EventArgs e)
   at EdwardClorinaTest.frmEstimateTest.chkChangedNone_CheckedChangedTest() in C:\Users\eclorina\Documents\Classes\Term 3\Programming (.NET 1)\projects\NETEdwardClorina\EdwardClorinaTest\frmEstimateTest.vb:line 149
</StackTrace>
        </ErrorInfo>
      </Output>
    </UnitTestResult>
  </Results>
</TestRun>