<?xml version="1.0" encoding="UTF-8"?>
<TestRun id="d5b5d066-d880-4c44-b1f0-fd9a4c254e3a" name="eclorina@ITSM1033954 2012-09-22 20:57:53" runUser="ACADEMIC\eclorina" xmlns="http://microsoft.com/schemas/VisualStudio/TeamTest/2010">
  <TestSettings name="Local" id="f6f5894d-bf36-4e2e-b51c-eaefe52a5be0">
    <Description>These are default test settings for a local test run.</Description>
    <Deployment enabled="false" runDeploymentRoot="eclorina_ITSM1033954 2012-09-22 20_57_53">
      <DeploymentItem filename="C:\Users\eclorina\Documents\Classes\Term 3\Programming (.NET 1)\projects\NETEdwardClorina\NETEdwardClorina\bin\Debug\NETEdwardClorina.exe" />
    </Deployment>
    <Execution>
      <TestTypeSpecific />
      <AgentRule name="Execution Agents">
      </AgentRule>
    </Execution>
  </TestSettings>
  <Times creation="2012-09-22T20:57:53.2268555-05:00" queuing="2012-09-22T20:57:53.2418564-05:00" start="2012-09-22T20:57:53.2628576-05:00" finish="2012-09-22T20:57:53.5768755-05:00" />
  <ResultSummary outcome="Failed">
    <Counters total="1" executed="1" error="0" failed="1" timeout="0" aborted="0" inconclusive="0" passedButRunAborted="0" notRunnable="0" notExecuted="0" disconnected="0" warning="0" passed="0" completed="0" inProgress="0" pending="0" />
    <RunInfos>
      <RunInfo computerName="ITSM1033954" outcome="Warning" timestamp="2012-09-22T20:57:53.2408563-05:00">
        <Text>Deployment is currently disabled. The deployment item 'NETEdwardClorina.exe' on test 'EdwardClorinaTest.frmEstimateTest.txtSelectAllCustomerName_EnterTest' was not deployed.</Text>
      </RunInfo>
    </RunInfos>
  </ResultSummary>
  <TestDefinitions>
    <UnitTest name="txtSelectAllCustomerName_EnterTest" storage="c:\users\eclorina\documents\classes\term 3\programming (.net 1)\projects\netedwardclorina\edwardclorinatest\bin\debug\edwardclorinatest.dll" id="aa3baa45-ea4a-aae1-2cb7-8c1a5b6fbbcf">
      <DeploymentItems>
        <DeploymentItem filename="NETEdwardClorina.exe" />
      </DeploymentItems>
      <Execution id="e39d0499-b8d6-4499-afef-9a11c3a73596" />
      <TestMethod codeBase="C:/Users/eclorina/Documents/Classes/Term 3/Programming (.NET 1)/projects/NETEdwardClorina/EdwardClorinaTest/bin/Debug/EdwardClorinaTest.DLL" adapterTypeName="Microsoft.VisualStudio.TestTools.TestTypes.Unit.UnitTestAdapter, Microsoft.VisualStudio.QualityTools.Tips.UnitTest.Adapter, Version=10.0.0.0, Culture=neutral, PublicKeyToken=b03f5f7f11d50a3a" className="EdwardClorinaTest.frmEstimateTest, EdwardClorinaTest, Version=1.0.0.0, Culture=neutral, PublicKeyToken=null" name="txtSelectAllCustomerName_EnterTest" />
    </UnitTest>
  </TestDefinitions>
  <TestLists>
    <TestList name="Results Not in a List" id="8c84fa94-04c1-424b-9868-57a2d4851a1d" />
    <TestList name="All Loaded Results" id="19431567-8539-422a-85d7-44ee4e166bda" />
  </TestLists>
  <TestEntries>
    <TestEntry testId="aa3baa45-ea4a-aae1-2cb7-8c1a5b6fbbcf" executionId="e39d0499-b8d6-4499-afef-9a11c3a73596" testListId="8c84fa94-04c1-424b-9868-57a2d4851a1d" />
  </TestEntries>
  <Results>
    <UnitTestResult executionId="e39d0499-b8d6-4499-afef-9a11c3a73596" testId="aa3baa45-ea4a-aae1-2cb7-8c1a5b6fbbcf" testName="txtSelectAllCustomerName_EnterTest" computerName="ITSM1033954" duration="00:00:00.0653655" startTime="2012-09-22T20:57:53.2668578-05:00" endTime="2012-09-22T20:57:53.5548743-05:00" testType="13cdc9d9-ddb5-4fa4-a97d-d965ccfc6d4b" outcome="Failed" testListId="8c84fa94-04c1-424b-9868-57a2d4851a1d" relativeResultsDirectory="e39d0499-b8d6-4499-afef-9a11c3a73596">
      <Output>
        <ErrorInfo>
          <Message>Test method EdwardClorinaTest.frmEstimateTest.txtSelectAllCustomerName_EnterTest threw exception: 
System.NullReferenceException: Object reference not set to an instance of an object.</Message>
          <StackTrace>   at NETEdwardClorina.frmEstimate_Accessor.txtSelectAll_Enter(Object sender, EventArgs e)
   at EdwardClorinaTest.frmEstimateTest.txtSelectAllCustomerName_EnterTest() in C:\Users\eclorina\Documents\Classes\Term 3\Programming (.NET 1)\projects\NETEdwardClorina\EdwardClorinaTest\frmEstimateTest.vb:line 350
</StackTrace>
        </ErrorInfo>
      </Output>
    </UnitTestResult>
  </Results>
</TestRun>