<?xml version="1.0" encoding="UTF-8"?>
<TestRun id="97926c3a-7887-4170-9cc4-a0c6f3c13de8" name="eclorina@ITSM1033954 2012-10-11 22:44:13" runUser="ACADEMIC\eclorina" xmlns="http://microsoft.com/schemas/VisualStudio/TeamTest/2010">
  <TestSettings name="Local" id="f6f5894d-bf36-4e2e-b51c-eaefe52a5be0">
    <Description>These are default test settings for a local test run.</Description>
    <Deployment userDeploymentRoot="C:\Users\eclorina\Dropbox\Public\Term3\.NET Programming\NETEdwardClorina\TestResults" useDefaultDeploymentRoot="false" enabled="false" runDeploymentRoot="eclorina_ITSM1033954 2012-10-11 22_44_13">
      <DeploymentItem filename="C:\Users\eclorina\Dropbox\Public\Term3\.NET Programming\NETEdwardClorina\NETEdwardClorina\bin\Debug\NETEdwardClorina.exe" />
      <DeploymentItem filename="C:\Users\eclorina\Dropbox\Public\Term3\.NET Programming\NETEdwardClorina\BusinessTier\bin\Debug\BusinessTier.dll" />
    </Deployment>
    <Execution>
      <TestTypeSpecific />
      <AgentRule name="Execution Agents">
      </AgentRule>
    </Execution>
  </TestSettings>
  <Times creation="2012-10-11T22:44:13.7905489-05:00" queuing="2012-10-11T22:44:14.6455978-05:00" start="2012-10-11T22:44:14.7676048-05:00" finish="2012-10-11T22:44:53.0137924-05:00" />
  <ResultSummary outcome="Error">
    <Counters total="1" executed="1" error="0" failed="0" timeout="0" aborted="1" inconclusive="0" passedButRunAborted="0" notRunnable="0" notExecuted="0" disconnected="0" warning="0" passed="0" completed="0" inProgress="0" pending="0" />
    <RunInfos>
      <RunInfo computerName="ITSM1033954" outcome="Warning" timestamp="2012-10-11T22:44:13.8385517-05:00">
        <Text>Deployment is currently disabled. The deployment item 'NETEdwardClorina.exe' on test 'EdwardClorinaTest.frmSummaryTest.frmSummary_LoadTest' was not deployed.</Text>
      </RunInfo>
      <RunInfo computerName="ITSM1033954" outcome="Error" timestamp="2012-10-11T22:44:53.0117923-05:00">
        <Text>Test host process exited unexpectedly.</Text>
      </RunInfo>
    </RunInfos>
  </ResultSummary>
  <TestDefinitions>
    <UnitTest name="frmSummary_LoadTest" storage="c:\users\eclorina\dropbox\public\term3\.net programming\netedwardclorina\edwardclorinatest\bin\debug\edwardclorinatest.dll" id="3a87717b-e8ad-1537-8952-ef4932a90a36">
      <DeploymentItems>
        <DeploymentItem filename="NETEdwardClorina.exe" />
      </DeploymentItems>
      <Execution id="54addd0f-f7b3-4ace-83f5-c091479e912b" />
      <TestMethod codeBase="C:/Users/eclorina/Dropbox/Public/Term3/.NET Programming/NETEdwardClorina/EdwardClorinaTest/bin/Debug/EdwardClorinaTest.DLL" adapterTypeName="Microsoft.VisualStudio.TestTools.TestTypes.Unit.UnitTestAdapter, Microsoft.VisualStudio.QualityTools.Tips.UnitTest.Adapter, Version=10.0.0.0, Culture=neutral, PublicKeyToken=b03f5f7f11d50a3a" className="EdwardClorinaTest.frmSummaryTest, EdwardClorinaTest, Version=1.0.0.0, Culture=neutral, PublicKeyToken=null" name="frmSummary_LoadTest" />
    </UnitTest>
  </TestDefinitions>
  <TestLists>
    <TestList name="Results Not in a List" id="8c84fa94-04c1-424b-9868-57a2d4851a1d" />
    <TestList name="All Loaded Results" id="19431567-8539-422a-85d7-44ee4e166bda" />
  </TestLists>
  <TestEntries>
    <TestEntry testId="3a87717b-e8ad-1537-8952-ef4932a90a36" executionId="54addd0f-f7b3-4ace-83f5-c091479e912b" testListId="8c84fa94-04c1-424b-9868-57a2d4851a1d" />
  </TestEntries>
  <Results>
    <UnitTestResult executionId="54addd0f-f7b3-4ace-83f5-c091479e912b" testId="3a87717b-e8ad-1537-8952-ef4932a90a36" testName="frmSummary_LoadTest" computerName="ITSM1033954" duration="00:00:38.1251806" startTime="2012-10-11T22:44:14.8876117-05:00" endTime="2012-10-11T22:44:53.0127923-05:00" testType="13cdc9d9-ddb5-4fa4-a97d-d965ccfc6d4b" outcome="Aborted" testListId="8c84fa94-04c1-424b-9868-57a2d4851a1d" relativeResultsDirectory="54addd0f-f7b3-4ace-83f5-c091479e912b">
    </UnitTestResult>
  </Results>
</TestRun>