<?xml version="1.0" encoding="UTF-8"?>
<TestRun id="c0052583-19a2-4bca-8b98-0125b7bd1010" name="eclorina@ITSM1033954 2012-10-05 11:19:11" runUser="ACADEMIC\eclorina" xmlns="http://microsoft.com/schemas/VisualStudio/TeamTest/2010">
  <TestSettings name="Local" id="f6f5894d-bf36-4e2e-b51c-eaefe52a5be0">
    <Description>These are default test settings for a local test run.</Description>
    <Deployment enabled="false" runDeploymentRoot="eclorina_ITSM1033954 2012-10-05 11_19_11">
      <DeploymentItem filename="C:\Users\eclorina\Dropbox\Public\Term3\.NET Programming\NETEdwardClorina\NETEdwardClorina\bin\Debug\NETEdwardClorina.exe" />
    </Deployment>
    <Execution>
      <TestTypeSpecific />
      <AgentRule name="Execution Agents">
      </AgentRule>
    </Execution>
  </TestSettings>
  <Times creation="2012-10-05T11:19:11.9131244-05:00" queuing="2012-10-05T11:19:11.9691412-05:00" start="2012-10-05T11:19:11.9751430-05:00" finish="2012-10-05T11:19:15.0840754-05:00" />
  <ResultSummary outcome="Failed">
    <Counters total="1" executed="1" error="0" failed="1" timeout="0" aborted="0" inconclusive="0" passedButRunAborted="0" notRunnable="0" notExecuted="0" disconnected="0" warning="0" passed="0" completed="0" inProgress="0" pending="0" />
    <RunInfos>
      <RunInfo computerName="ITSM1033954" outcome="Warning" timestamp="2012-10-05T11:19:11.9681409-05:00">
        <Text>Deployment is currently disabled. The deployment item 'NETEdwardClorina.exe' on test 'EdwardClorinaTest.frmEstimateTest.SummaryToolStripMenuItem_Test' was not deployed.</Text>
      </RunInfo>
    </RunInfos>
  </ResultSummary>
  <TestDefinitions>
    <UnitTest name="SummaryToolStripMenuItem_Test" storage="c:\users\eclorina\dropbox\public\term3\.net programming\netedwardclorina\edwardclorinatest\bin\debug\edwardclorinatest.dll" id="3363da85-f5a5-fa49-9945-e59f6abd009f">
      <DeploymentItems>
        <DeploymentItem filename="NETEdwardClorina.exe" />
      </DeploymentItems>
      <Execution id="628a0c02-789b-43c4-a2b5-295a4d57e92e" />
      <TestMethod codeBase="C:/Users/eclorina/Dropbox/Public/Term3/.NET Programming/NETEdwardClorina/EdwardClorinaTest/bin/Debug/EdwardClorinaTest.DLL" adapterTypeName="Microsoft.VisualStudio.TestTools.TestTypes.Unit.UnitTestAdapter, Microsoft.VisualStudio.QualityTools.Tips.UnitTest.Adapter, Version=10.0.0.0, Culture=neutral, PublicKeyToken=b03f5f7f11d50a3a" className="EdwardClorinaTest.frmEstimateTest, EdwardClorinaTest, Version=1.0.0.0, Culture=neutral, PublicKeyToken=null" name="SummaryToolStripMenuItem_Test" />
    </UnitTest>
  </TestDefinitions>
  <TestLists>
    <TestList name="Results Not in a List" id="8c84fa94-04c1-424b-9868-57a2d4851a1d" />
    <TestList name="All Loaded Results" id="19431567-8539-422a-85d7-44ee4e166bda" />
  </TestLists>
  <TestEntries>
    <TestEntry testId="3363da85-f5a5-fa49-9945-e59f6abd009f" executionId="628a0c02-789b-43c4-a2b5-295a4d57e92e" testListId="8c84fa94-04c1-424b-9868-57a2d4851a1d" />
  </TestEntries>
  <Results>
    <UnitTestResult executionId="628a0c02-789b-43c4-a2b5-295a4d57e92e" testId="3363da85-f5a5-fa49-9945-e59f6abd009f" testName="SummaryToolStripMenuItem_Test" computerName="ITSM1033954" duration="00:00:02.8007826" startTime="2012-10-05T11:19:12.0041517-05:00" endTime="2012-10-05T11:19:15.0620688-05:00" testType="13cdc9d9-ddb5-4fa4-a97d-d965ccfc6d4b" outcome="Failed" testListId="8c84fa94-04c1-424b-9868-57a2d4851a1d" relativeResultsDirectory="628a0c02-789b-43c4-a2b5-295a4d57e92e">
      <Output>
        <ErrorInfo>
          <Message>Assert.AreEqual failed. Expected:&lt;8943.94&gt;. Actual:&lt;9396.4608&gt;. Total amount due, not properly set.</Message>
          <StackTrace>   at EdwardClorinaTest.frmEstimateTest.SummaryToolStripMenuItem_Test() in C:\Users\eclorina\Dropbox\Public\Term3\.NET Programming\NETEdwardClorina\EdwardClorinaTest\frmEstimateTest.vb:line 1199
</StackTrace>
        </ErrorInfo>
      </Output>
    </UnitTestResult>
  </Results>
</TestRun>