<?xml version="1.0" encoding="UTF-8"?>
<TestRun id="b8f561ec-3a3e-48ec-836f-f8dc5f6e903d" name="eclorina@ITSM1033954 2012-09-22 18:28:36" runUser="ACADEMIC\eclorina" xmlns="http://microsoft.com/schemas/VisualStudio/TeamTest/2010">
  <TestSettings name="Local" id="f6f5894d-bf36-4e2e-b51c-eaefe52a5be0">
    <Description>These are default test settings for a local test run.</Description>
    <Deployment enabled="false" runDeploymentRoot="eclorina_ITSM1033954 2012-09-22 18_28_36">
      <DeploymentItem filename="C:\Users\eclorina\Documents\Classes\Term 3\Programming (.NET 1)\projects\NETEdwardClorina\NETEdwardClorina\bin\Debug\NETEdwardClorina.exe" />
    </Deployment>
    <Execution>
      <TestTypeSpecific />
      <AgentRule name="Execution Agents">
      </AgentRule>
    </Execution>
  </TestSettings>
  <Times creation="2012-09-22T18:28:36.8105778-05:00" queuing="2012-09-22T18:28:36.8225785-05:00" start="2012-09-22T18:28:36.8275788-05:00" finish="2012-09-22T18:28:37.1195955-05:00" />
  <ResultSummary outcome="Warning">
    <Counters total="3" executed="3" passed="3" error="0" failed="0" timeout="0" aborted="0" inconclusive="0" passedButRunAborted="0" notRunnable="0" notExecuted="0" disconnected="0" warning="0" completed="0" inProgress="0" pending="0" />
    <RunInfos>
      <RunInfo computerName="ITSM1033954" outcome="Warning" timestamp="2012-09-22T18:28:36.8215784-05:00">
        <Text>Deployment is currently disabled. The deployment item 'NETEdwardClorina.exe' on test 'EdwardClorinaTest.frmEstimateTest.radChangedCustomDetail_CheckedChangedTest' was not deployed.</Text>
      </RunInfo>
    </RunInfos>
  </ResultSummary>
  <TestDefinitions>
    <UnitTest name="radChangedCustomDetail_CheckedChangedTest" storage="c:\users\eclorina\documents\classes\term 3\programming (.net 1)\projects\netedwardclorina\edwardclorinatest\bin\debug\edwardclorinatest.dll" id="9222fecf-4f1e-8c35-74ae-f7b601608fd1">
      <DeploymentItems>
        <DeploymentItem filename="NETEdwardClorina.exe" />
      </DeploymentItems>
      <Execution id="5e451a4c-2036-41a2-975d-b9d42b0ca976" />
      <TestMethod codeBase="C:/Users/eclorina/Documents/Classes/Term 3/Programming (.NET 1)/projects/NETEdwardClorina/EdwardClorinaTest/bin/Debug/EdwardClorinaTest.DLL" adapterTypeName="Microsoft.VisualStudio.TestTools.TestTypes.Unit.UnitTestAdapter, Microsoft.VisualStudio.QualityTools.Tips.UnitTest.Adapter, Version=10.0.0.0, Culture=neutral, PublicKeyToken=b03f5f7f11d50a3a" className="EdwardClorinaTest.frmEstimateTest, EdwardClorinaTest, Version=1.0.0.0, Culture=neutral, PublicKeyToken=null" name="radChangedCustomDetail_CheckedChangedTest" />
    </UnitTest>
    <UnitTest name="radChangedPearlized_CheckedChangedTest" storage="c:\users\eclorina\documents\classes\term 3\programming (.net 1)\projects\netedwardclorina\edwardclorinatest\bin\debug\edwardclorinatest.dll" id="93e7a9d2-7f5d-6f59-bcd8-4a5a6ea7b55a">
      <DeploymentItems>
        <DeploymentItem filename="NETEdwardClorina.exe" />
      </DeploymentItems>
      <Execution id="24a965ed-e9ee-458a-bbbb-b817783bb792" />
      <TestMethod codeBase="C:/Users/eclorina/Documents/Classes/Term 3/Programming (.NET 1)/projects/NETEdwardClorina/EdwardClorinaTest/bin/Debug/EdwardClorinaTest.DLL" adapterTypeName="Microsoft.VisualStudio.TestTools.TestTypes.Unit.UnitTestAdapter, Microsoft.VisualStudio.QualityTools.Tips.UnitTest.Adapter, Version=10.0.0.0, Culture=neutral, PublicKeyToken=b03f5f7f11d50a3a" className="EdwardClorinaTest.frmEstimateTest, EdwardClorinaTest, Version=1.0.0.0, Culture=neutral, PublicKeyToken=null" name="radChangedPearlized_CheckedChangedTest" />
    </UnitTest>
    <UnitTest name="radChangedStandard_CheckedChangedTest" storage="c:\users\eclorina\documents\classes\term 3\programming (.net 1)\projects\netedwardclorina\edwardclorinatest\bin\debug\edwardclorinatest.dll" id="45a8c117-d6a9-1d87-84b9-04e419370e4a">
      <DeploymentItems>
        <DeploymentItem filename="NETEdwardClorina.exe" />
      </DeploymentItems>
      <Execution id="7d3713cd-f99a-4b57-afc1-bc550529ec43" />
      <TestMethod codeBase="C:/Users/eclorina/Documents/Classes/Term 3/Programming (.NET 1)/projects/NETEdwardClorina/EdwardClorinaTest/bin/Debug/EdwardClorinaTest.DLL" adapterTypeName="Microsoft.VisualStudio.TestTools.TestTypes.Unit.UnitTestAdapter, Microsoft.VisualStudio.QualityTools.Tips.UnitTest.Adapter, Version=10.0.0.0, Culture=neutral, PublicKeyToken=b03f5f7f11d50a3a" className="EdwardClorinaTest.frmEstimateTest, EdwardClorinaTest, Version=1.0.0.0, Culture=neutral, PublicKeyToken=null" name="radChangedStandard_CheckedChangedTest" />
    </UnitTest>
  </TestDefinitions>
  <TestLists>
    <TestList name="Results Not in a List" id="8c84fa94-04c1-424b-9868-57a2d4851a1d" />
    <TestList name="All Loaded Results" id="19431567-8539-422a-85d7-44ee4e166bda" />
  </TestLists>
  <TestEntries>
    <TestEntry testId="45a8c117-d6a9-1d87-84b9-04e419370e4a" executionId="7d3713cd-f99a-4b57-afc1-bc550529ec43" testListId="8c84fa94-04c1-424b-9868-57a2d4851a1d" />
    <TestEntry testId="9222fecf-4f1e-8c35-74ae-f7b601608fd1" executionId="5e451a4c-2036-41a2-975d-b9d42b0ca976" testListId="8c84fa94-04c1-424b-9868-57a2d4851a1d" />
    <TestEntry testId="93e7a9d2-7f5d-6f59-bcd8-4a5a6ea7b55a" executionId="24a965ed-e9ee-458a-bbbb-b817783bb792" testListId="8c84fa94-04c1-424b-9868-57a2d4851a1d" />
  </TestEntries>
  <Results>
    <UnitTestResult executionId="7d3713cd-f99a-4b57-afc1-bc550529ec43" testId="45a8c117-d6a9-1d87-84b9-04e419370e4a" testName="radChangedStandard_CheckedChangedTest" computerName="ITSM1033954" duration="00:00:00.0469330" startTime="2012-09-22T18:28:36.8335791-05:00" endTime="2012-09-22T18:28:37.0775931-05:00" testType="13cdc9d9-ddb5-4fa4-a97d-d965ccfc6d4b" outcome="Passed" testListId="8c84fa94-04c1-424b-9868-57a2d4851a1d" relativeResultsDirectory="7d3713cd-f99a-4b57-afc1-bc550529ec43">
    </UnitTestResult>
    <UnitTestResult executionId="5e451a4c-2036-41a2-975d-b9d42b0ca976" testId="9222fecf-4f1e-8c35-74ae-f7b601608fd1" testName="radChangedCustomDetail_CheckedChangedTest" computerName="ITSM1033954" duration="00:00:00.0040347" startTime="2012-09-22T18:28:37.0835934-05:00" endTime="2012-09-22T18:28:37.0925939-05:00" testType="13cdc9d9-ddb5-4fa4-a97d-d965ccfc6d4b" outcome="Passed" testListId="8c84fa94-04c1-424b-9868-57a2d4851a1d" relativeResultsDirectory="5e451a4c-2036-41a2-975d-b9d42b0ca976">
    </UnitTestResult>
    <UnitTestResult executionId="24a965ed-e9ee-458a-bbbb-b817783bb792" testId="93e7a9d2-7f5d-6f59-bcd8-4a5a6ea7b55a" testName="radChangedPearlized_CheckedChangedTest" computerName="ITSM1033954" duration="00:00:00.0031445" startTime="2012-09-22T18:28:37.0945940-05:00" endTime="2012-09-22T18:28:37.1025945-05:00" testType="13cdc9d9-ddb5-4fa4-a97d-d965ccfc6d4b" outcome="Passed" testListId="8c84fa94-04c1-424b-9868-57a2d4851a1d" relativeResultsDirectory="24a965ed-e9ee-458a-bbbb-b817783bb792">
    </UnitTestResult>
  </Results>
</TestRun>