<?xml version="1.0" encoding="UTF-8"?>
<TestRun id="399810a2-744d-4d7f-bca5-38e40be8d17d" name="eclorina@ITSM1033954 2012-09-24 11:32:17" runUser="ACADEMIC\eclorina" xmlns="http://microsoft.com/schemas/VisualStudio/TeamTest/2010">
  <TestSettings name="Local" id="f6f5894d-bf36-4e2e-b51c-eaefe52a5be0">
    <Description>These are default test settings for a local test run.</Description>
    <Deployment enabled="false" runDeploymentRoot="eclorina_ITSM1033954 2012-09-24 11_32_17">
      <DeploymentItem filename="C:\Users\eclorina\Documents\Classes\Term 3\Programming (.NET 1)\projects\NETEdwardClorina\NETEdwardClorina\bin\Debug\NETEdwardClorina.exe" />
    </Deployment>
    <Execution>
      <TestTypeSpecific />
      <AgentRule name="Execution Agents">
      </AgentRule>
    </Execution>
  </TestSettings>
  <Times creation="2012-09-24T11:32:17.0863314-05:00" queuing="2012-09-24T11:32:17.1073335-05:00" start="2012-09-24T11:32:17.1223350-05:00" finish="2012-09-24T11:32:17.8874115-05:00" />
  <ResultSummary outcome="Failed">
    <Counters total="1" executed="1" error="0" failed="1" timeout="0" aborted="0" inconclusive="0" passedButRunAborted="0" notRunnable="0" notExecuted="0" disconnected="0" warning="0" passed="0" completed="0" inProgress="0" pending="0" />
    <RunInfos>
      <RunInfo computerName="ITSM1033954" outcome="Warning" timestamp="2012-09-24T11:32:17.1073335-05:00">
        <Text>Deployment is currently disabled. The deployment item 'NETEdwardClorina.exe' on test 'EdwardClorinaTest.frmEstimateTest.radChangedPearlized_CheckedChangedTest' was not deployed.</Text>
      </RunInfo>
    </RunInfos>
  </ResultSummary>
  <TestDefinitions>
    <UnitTest name="radChangedPearlized_CheckedChangedTest" storage="c:\users\eclorina\documents\classes\term 3\programming (.net 1)\projects\netedwardclorina\edwardclorinatest\bin\debug\edwardclorinatest.dll" id="93e7a9d2-7f5d-6f59-bcd8-4a5a6ea7b55a">
      <DeploymentItems>
        <DeploymentItem filename="NETEdwardClorina.exe" />
      </DeploymentItems>
      <Execution id="03acbea9-44cc-4eb6-925a-279c234ab726" />
      <TestMethod codeBase="C:/Users/eclorina/Documents/Classes/Term 3/Programming (.NET 1)/projects/NETEdwardClorina/EdwardClorinaTest/bin/Debug/EdwardClorinaTest.DLL" adapterTypeName="Microsoft.VisualStudio.TestTools.TestTypes.Unit.UnitTestAdapter, Microsoft.VisualStudio.QualityTools.Tips.UnitTest.Adapter, Version=10.0.0.0, Culture=neutral, PublicKeyToken=b03f5f7f11d50a3a" className="EdwardClorinaTest.frmEstimateTest, EdwardClorinaTest, Version=1.0.0.0, Culture=neutral, PublicKeyToken=null" name="radChangedPearlized_CheckedChangedTest" />
    </UnitTest>
  </TestDefinitions>
  <TestLists>
    <TestList name="Results Not in a List" id="8c84fa94-04c1-424b-9868-57a2d4851a1d" />
    <TestList name="All Loaded Results" id="19431567-8539-422a-85d7-44ee4e166bda" />
  </TestLists>
  <TestEntries>
    <TestEntry testId="93e7a9d2-7f5d-6f59-bcd8-4a5a6ea7b55a" executionId="03acbea9-44cc-4eb6-925a-279c234ab726" testListId="8c84fa94-04c1-424b-9868-57a2d4851a1d" />
  </TestEntries>
  <Results>
    <UnitTestResult executionId="03acbea9-44cc-4eb6-925a-279c234ab726" testId="93e7a9d2-7f5d-6f59-bcd8-4a5a6ea7b55a" testName="radChangedPearlized_CheckedChangedTest" computerName="ITSM1033954" duration="00:00:00.0638952" startTime="2012-09-24T11:32:17.1253353-05:00" endTime="2012-09-24T11:32:17.4023630-05:00" testType="13cdc9d9-ddb5-4fa4-a97d-d965ccfc6d4b" outcome="Failed" testListId="8c84fa94-04c1-424b-9868-57a2d4851a1d" relativeResultsDirectory="03acbea9-44cc-4eb6-925a-279c234ab726">
      <Output>
        <ErrorInfo>
          <Message>Test method EdwardClorinaTest.frmEstimateTest.radChangedPearlized_CheckedChangedTest threw exception: 
System.NullReferenceException: Object reference not set to an instance of an object.</Message>
          <StackTrace>   at NETEdwardClorina.frmEstimate_Accessor.radChanged_CheckedChanged(Object sender, EventArgs e)
   at EdwardClorinaTest.frmEstimateTest.radChangedPearlized_CheckedChangedTest() in C:\Users\eclorina\Documents\Classes\Term 3\Programming (.NET 1)\projects\NETEdwardClorina\EdwardClorinaTest\frmEstimateTest.vb:line 76
</StackTrace>
        </ErrorInfo>
      </Output>
    </UnitTestResult>
  </Results>
</TestRun>