<?xml version="1.0" encoding="UTF-8"?>
<TestRun id="fe7ecb28-23ab-47d2-a332-106f651f9517" name="eclorina@ITSM1033954 2012-10-04 22:58:58" runUser="ACADEMIC\eclorina" xmlns="http://microsoft.com/schemas/VisualStudio/TeamTest/2010">
  <TestSettings name="Local" id="f6f5894d-bf36-4e2e-b51c-eaefe52a5be0">
    <Description>These are default test settings for a local test run.</Description>
    <Deployment enabled="false" runDeploymentRoot="eclorina_ITSM1033954 2012-10-04 22_58_58">
      <DeploymentItem filename="C:\Users\eclorina\Dropbox\Public\Term3\.NET Programming\NETEdwardClorina\NETEdwardClorina\bin\Debug\NETEdwardClorina.exe" />
    </Deployment>
    <Execution>
      <TestTypeSpecific />
      <AgentRule name="Execution Agents">
      </AgentRule>
    </Execution>
  </TestSettings>
  <Times creation="2012-10-04T22:58:58.0959687-05:00" queuing="2012-10-04T22:58:58.1359710-05:00" start="2012-10-04T22:58:58.1559722-05:00" finish="2012-10-04T22:58:59.0600239-05:00" />
  <ResultSummary outcome="Warning">
    <Counters total="39" executed="39" passed="39" error="0" failed="0" timeout="0" aborted="0" inconclusive="0" passedButRunAborted="0" notRunnable="0" notExecuted="0" disconnected="0" warning="0" completed="0" inProgress="0" pending="0" />
    <RunInfos>
      <RunInfo computerName="ITSM1033954" outcome="Warning" timestamp="2012-10-04T22:58:58.1359710-05:00">
        <Text>Deployment is currently disabled. The deployment item 'NETEdwardClorina.exe' on test 'EdwardClorinaTest.frmEstimateTest.calculateTest_yearsMax' was not deployed.</Text>
      </RunInfo>
    </RunInfos>
  </ResultSummary>
  <TestDefinitions>
    <UnitTest name="calculateTest_yearsMax" storage="c:\users\eclorina\dropbox\public\term3\.net programming\netedwardclorina\edwardclorinatest\bin\debug\edwardclorinatest.dll" id="52dd2c69-511c-e3c3-9151-3221a6eb0905">
      <DeploymentItems>
        <DeploymentItem filename="NETEdwardClorina.exe" />
      </DeploymentItems>
      <Execution id="80d9f93f-2004-4647-839b-23457034a219" />
      <TestMethod codeBase="C:/Users/eclorina/Dropbox/Public/Term3/.NET Programming/NETEdwardClorina/EdwardClorinaTest/bin/Debug/EdwardClorinaTest.DLL" adapterTypeName="Microsoft.VisualStudio.TestTools.TestTypes.Unit.UnitTestAdapter, Microsoft.VisualStudio.QualityTools.Tips.UnitTest.Adapter, Version=10.0.0.0, Culture=neutral, PublicKeyToken=b03f5f7f11d50a3a" className="EdwardClorinaTest.frmEstimateTest, EdwardClorinaTest, Version=1.0.0.0, Culture=neutral, PublicKeyToken=null" name="calculateTest_yearsMax" />
    </UnitTest>
    <UnitTest name="btnCalculate_NoTradeInTest" storage="c:\users\eclorina\dropbox\public\term3\.net programming\netedwardclorina\edwardclorinatest\bin\debug\edwardclorinatest.dll" id="13f17089-26b6-adac-d056-369110824fa8">
      <DeploymentItems>
        <DeploymentItem filename="NETEdwardClorina.exe" />
      </DeploymentItems>
      <Execution id="bb92bfd2-1f47-413f-8fb5-f897cc4ed605" />
      <TestMethod codeBase="C:/Users/eclorina/Dropbox/Public/Term3/.NET Programming/NETEdwardClorina/EdwardClorinaTest/bin/Debug/EdwardClorinaTest.DLL" adapterTypeName="Microsoft.VisualStudio.TestTools.TestTypes.Unit.UnitTestAdapter, Microsoft.VisualStudio.QualityTools.Tips.UnitTest.Adapter, Version=10.0.0.0, Culture=neutral, PublicKeyToken=b03f5f7f11d50a3a" className="EdwardClorinaTest.frmEstimateTest, EdwardClorinaTest, Version=1.0.0.0, Culture=neutral, PublicKeyToken=null" name="btnCalculate_NoTradeInTest" />
    </UnitTest>
    <UnitTest name="txtSelectAllTradeIn_EnterTest" storage="c:\users\eclorina\dropbox\public\term3\.net programming\netedwardclorina\edwardclorinatest\bin\debug\edwardclorinatest.dll" id="f5e539bb-191e-2c18-e7c9-abe35728d6a4">
      <DeploymentItems>
        <DeploymentItem filename="NETEdwardClorina.exe" />
      </DeploymentItems>
      <Execution id="06f7c26e-7769-4a20-8402-c8ae7d10d483" />
      <TestMethod codeBase="C:/Users/eclorina/Dropbox/Public/Term3/.NET Programming/NETEdwardClorina/EdwardClorinaTest/bin/Debug/EdwardClorinaTest.DLL" adapterTypeName="Microsoft.VisualStudio.TestTools.TestTypes.Unit.UnitTestAdapter, Microsoft.VisualStudio.QualityTools.Tips.UnitTest.Adapter, Version=10.0.0.0, Culture=neutral, PublicKeyToken=b03f5f7f11d50a3a" className="EdwardClorinaTest.frmEstimateTest, EdwardClorinaTest, Version=1.0.0.0, Culture=neutral, PublicKeyToken=null" name="txtSelectAllTradeIn_EnterTest" />
    </UnitTest>
    <UnitTest name="btnCalculate_MultipleTest" storage="c:\users\eclorina\dropbox\public\term3\.net programming\netedwardclorina\edwardclorinatest\bin\debug\edwardclorinatest.dll" id="6ca4807f-540d-c6a8-7b1c-625d17427524">
      <DeploymentItems>
        <DeploymentItem filename="NETEdwardClorina.exe" />
      </DeploymentItems>
      <Execution id="f5072e54-5c60-4d6c-ac33-e5c40019ad53" />
      <TestMethod codeBase="C:/Users/eclorina/Dropbox/Public/Term3/.NET Programming/NETEdwardClorina/EdwardClorinaTest/bin/Debug/EdwardClorinaTest.DLL" adapterTypeName="Microsoft.VisualStudio.TestTools.TestTypes.Unit.UnitTestAdapter, Microsoft.VisualStudio.QualityTools.Tips.UnitTest.Adapter, Version=10.0.0.0, Culture=neutral, PublicKeyToken=b03f5f7f11d50a3a" className="EdwardClorinaTest.frmEstimateTest, EdwardClorinaTest, Version=1.0.0.0, Culture=neutral, PublicKeyToken=null" name="btnCalculate_MultipleTest" />
    </UnitTest>
    <UnitTest name="radChangedCustomDetail_CheckedChangedTest" storage="c:\users\eclorina\dropbox\public\term3\.net programming\netedwardclorina\edwardclorinatest\bin\debug\edwardclorinatest.dll" id="9222fecf-4f1e-8c35-74ae-f7b601608fd1">
      <DeploymentItems>
        <DeploymentItem filename="NETEdwardClorina.exe" />
      </DeploymentItems>
      <Execution id="ad5e9a80-ba3c-4867-89d6-46850e3599e6" />
      <TestMethod codeBase="C:/Users/eclorina/Dropbox/Public/Term3/.NET Programming/NETEdwardClorina/EdwardClorinaTest/bin/Debug/EdwardClorinaTest.DLL" adapterTypeName="Microsoft.VisualStudio.TestTools.TestTypes.Unit.UnitTestAdapter, Microsoft.VisualStudio.QualityTools.Tips.UnitTest.Adapter, Version=10.0.0.0, Culture=neutral, PublicKeyToken=b03f5f7f11d50a3a" className="EdwardClorinaTest.frmEstimateTest, EdwardClorinaTest, Version=1.0.0.0, Culture=neutral, PublicKeyToken=null" name="radChangedCustomDetail_CheckedChangedTest" />
    </UnitTest>
    <UnitTest name="calculateTest" storage="c:\users\eclorina\dropbox\public\term3\.net programming\netedwardclorina\edwardclorinatest\bin\debug\edwardclorinatest.dll" id="d3751965-96b3-454e-9878-5e9c8b111963">
      <DeploymentItems>
        <DeploymentItem filename="NETEdwardClorina.exe" />
      </DeploymentItems>
      <Execution id="9a21a8f3-63da-4d2b-8d58-d5d5c015ec09" />
      <TestMethod codeBase="C:/Users/eclorina/Dropbox/Public/Term3/.NET Programming/NETEdwardClorina/EdwardClorinaTest/bin/Debug/EdwardClorinaTest.DLL" adapterTypeName="Microsoft.VisualStudio.TestTools.TestTypes.Unit.UnitTestAdapter, Microsoft.VisualStudio.QualityTools.Tips.UnitTest.Adapter, Version=10.0.0.0, Culture=neutral, PublicKeyToken=b03f5f7f11d50a3a" className="EdwardClorinaTest.frmEstimateTest, EdwardClorinaTest, Version=1.0.0.0, Culture=neutral, PublicKeyToken=null" name="calculateTest" />
    </UnitTest>
    <UnitTest name="enableFinanceTest_False" storage="c:\users\eclorina\dropbox\public\term3\.net programming\netedwardclorina\edwardclorinatest\bin\debug\edwardclorinatest.dll" id="4b548cbb-f070-3eab-57a1-27b52b5758f9">
      <DeploymentItems>
        <DeploymentItem filename="NETEdwardClorina.exe" />
      </DeploymentItems>
      <Execution id="d227995e-f14c-4a77-bf66-e8cdca64ea26" />
      <TestMethod codeBase="C:/Users/eclorina/Dropbox/Public/Term3/.NET Programming/NETEdwardClorina/EdwardClorinaTest/bin/Debug/EdwardClorinaTest.DLL" adapterTypeName="Microsoft.VisualStudio.TestTools.TestTypes.Unit.UnitTestAdapter, Microsoft.VisualStudio.QualityTools.Tips.UnitTest.Adapter, Version=10.0.0.0, Culture=neutral, PublicKeyToken=b03f5f7f11d50a3a" className="EdwardClorinaTest.frmEstimateTest, EdwardClorinaTest, Version=1.0.0.0, Culture=neutral, PublicKeyToken=null" name="enableFinanceTest_False" />
    </UnitTest>
    <UnitTest name="chkChangedNone_CheckedChangedTest" storage="c:\users\eclorina\dropbox\public\term3\.net programming\netedwardclorina\edwardclorinatest\bin\debug\edwardclorinatest.dll" id="617cfebc-4eb5-27fe-13e8-77be2a6a1d90">
      <DeploymentItems>
        <DeploymentItem filename="NETEdwardClorina.exe" />
      </DeploymentItems>
      <Execution id="34b94bdf-4d81-45cd-9549-6438c4419937" />
      <TestMethod codeBase="C:/Users/eclorina/Dropbox/Public/Term3/.NET Programming/NETEdwardClorina/EdwardClorinaTest/bin/Debug/EdwardClorinaTest.DLL" adapterTypeName="Microsoft.VisualStudio.TestTools.TestTypes.Unit.UnitTestAdapter, Microsoft.VisualStudio.QualityTools.Tips.UnitTest.Adapter, Version=10.0.0.0, Culture=neutral, PublicKeyToken=b03f5f7f11d50a3a" className="EdwardClorinaTest.frmEstimateTest, EdwardClorinaTest, Version=1.0.0.0, Culture=neutral, PublicKeyToken=null" name="chkChangedNone_CheckedChangedTest" />
    </UnitTest>
    <UnitTest name="quoteEnabledTrue_Test" storage="c:\users\eclorina\dropbox\public\term3\.net programming\netedwardclorina\edwardclorinatest\bin\debug\edwardclorinatest.dll" id="9488ef8e-9ae3-80b4-8035-92743c3f0ce1">
      <DeploymentItems>
        <DeploymentItem filename="NETEdwardClorina.exe" />
      </DeploymentItems>
      <Execution id="f76f91e6-842c-4c68-a762-278732d8d3ab" />
      <TestMethod codeBase="C:/Users/eclorina/Dropbox/Public/Term3/.NET Programming/NETEdwardClorina/EdwardClorinaTest/bin/Debug/EdwardClorinaTest.DLL" adapterTypeName="Microsoft.VisualStudio.TestTools.TestTypes.Unit.UnitTestAdapter, Microsoft.VisualStudio.QualityTools.Tips.UnitTest.Adapter, Version=10.0.0.0, Culture=neutral, PublicKeyToken=b03f5f7f11d50a3a" className="EdwardClorinaTest.frmEstimateTest, EdwardClorinaTest, Version=1.0.0.0, Culture=neutral, PublicKeyToken=null" name="quoteEnabledTrue_Test" />
    </UnitTest>
    <UnitTest name="chkChangedStereo_CheckedChangedTest" storage="c:\users\eclorina\dropbox\public\term3\.net programming\netedwardclorina\edwardclorinatest\bin\debug\edwardclorinatest.dll" id="70d6e0ce-7904-51f5-973e-2b44a102aeb7">
      <DeploymentItems>
        <DeploymentItem filename="NETEdwardClorina.exe" />
      </DeploymentItems>
      <Execution id="d9f37d3c-4712-454e-a4fd-43b94a2832ea" />
      <TestMethod codeBase="C:/Users/eclorina/Dropbox/Public/Term3/.NET Programming/NETEdwardClorina/EdwardClorinaTest/bin/Debug/EdwardClorinaTest.DLL" adapterTypeName="Microsoft.VisualStudio.TestTools.TestTypes.Unit.UnitTestAdapter, Microsoft.VisualStudio.QualityTools.Tips.UnitTest.Adapter, Version=10.0.0.0, Culture=neutral, PublicKeyToken=b03f5f7f11d50a3a" className="EdwardClorinaTest.frmEstimateTest, EdwardClorinaTest, Version=1.0.0.0, Culture=neutral, PublicKeyToken=null" name="chkChangedStereo_CheckedChangedTest" />
    </UnitTest>
    <UnitTest name="txtChangedOrLeaveSalePrice_NonNumericTest" storage="c:\users\eclorina\dropbox\public\term3\.net programming\netedwardclorina\edwardclorinatest\bin\debug\edwardclorinatest.dll" id="f044e7ce-e9b7-f039-4105-5cd881f28baa">
      <DeploymentItems>
        <DeploymentItem filename="NETEdwardClorina.exe" />
      </DeploymentItems>
      <Execution id="7a799cd7-86f4-46e6-94a7-3d13650b4b22" />
      <TestMethod codeBase="C:/Users/eclorina/Dropbox/Public/Term3/.NET Programming/NETEdwardClorina/EdwardClorinaTest/bin/Debug/EdwardClorinaTest.DLL" adapterTypeName="Microsoft.VisualStudio.TestTools.TestTypes.Unit.UnitTestAdapter, Microsoft.VisualStudio.QualityTools.Tips.UnitTest.Adapter, Version=10.0.0.0, Culture=neutral, PublicKeyToken=b03f5f7f11d50a3a" className="EdwardClorinaTest.frmEstimateTest, EdwardClorinaTest, Version=1.0.0.0, Culture=neutral, PublicKeyToken=null" name="txtChangedOrLeaveSalePrice_NonNumericTest" />
    </UnitTest>
    <UnitTest name="chkChangedStereoCompNav_CheckedChangedTest" storage="c:\users\eclorina\dropbox\public\term3\.net programming\netedwardclorina\edwardclorinatest\bin\debug\edwardclorinatest.dll" id="2f816674-c6d9-d0be-6071-220f254803ac">
      <DeploymentItems>
        <DeploymentItem filename="NETEdwardClorina.exe" />
      </DeploymentItems>
      <Execution id="745fc254-604a-4140-a9c9-596f29c8c4ea" />
      <TestMethod codeBase="C:/Users/eclorina/Dropbox/Public/Term3/.NET Programming/NETEdwardClorina/EdwardClorinaTest/bin/Debug/EdwardClorinaTest.DLL" adapterTypeName="Microsoft.VisualStudio.TestTools.TestTypes.Unit.UnitTestAdapter, Microsoft.VisualStudio.QualityTools.Tips.UnitTest.Adapter, Version=10.0.0.0, Culture=neutral, PublicKeyToken=b03f5f7f11d50a3a" className="EdwardClorinaTest.frmEstimateTest, EdwardClorinaTest, Version=1.0.0.0, Culture=neutral, PublicKeyToken=null" name="chkChangedStereoCompNav_CheckedChangedTest" />
    </UnitTest>
    <UnitTest name="radChangedStandard_CheckedChangedTest" storage="c:\users\eclorina\dropbox\public\term3\.net programming\netedwardclorina\edwardclorinatest\bin\debug\edwardclorinatest.dll" id="45a8c117-d6a9-1d87-84b9-04e419370e4a">
      <DeploymentItems>
        <DeploymentItem filename="NETEdwardClorina.exe" />
      </DeploymentItems>
      <Execution id="ae60a169-17d2-45c3-b224-11fa43e9794d" />
      <TestMethod codeBase="C:/Users/eclorina/Dropbox/Public/Term3/.NET Programming/NETEdwardClorina/EdwardClorinaTest/bin/Debug/EdwardClorinaTest.DLL" adapterTypeName="Microsoft.VisualStudio.TestTools.TestTypes.Unit.UnitTestAdapter, Microsoft.VisualStudio.QualityTools.Tips.UnitTest.Adapter, Version=10.0.0.0, Culture=neutral, PublicKeyToken=b03f5f7f11d50a3a" className="EdwardClorinaTest.frmEstimateTest, EdwardClorinaTest, Version=1.0.0.0, Culture=neutral, PublicKeyToken=null" name="radChangedStandard_CheckedChangedTest" />
    </UnitTest>
    <UnitTest name="clearEnabledFalse_Test" storage="c:\users\eclorina\dropbox\public\term3\.net programming\netedwardclorina\edwardclorinatest\bin\debug\edwardclorinatest.dll" id="c59c3d8e-53e2-98e1-00f9-0e1cb81123e2">
      <DeploymentItems>
        <DeploymentItem filename="NETEdwardClorina.exe" />
      </DeploymentItems>
      <Execution id="b0498c9d-7e50-4df2-8c87-78c05de0b978" />
      <TestMethod codeBase="C:/Users/eclorina/Dropbox/Public/Term3/.NET Programming/NETEdwardClorina/EdwardClorinaTest/bin/Debug/EdwardClorinaTest.DLL" adapterTypeName="Microsoft.VisualStudio.TestTools.TestTypes.Unit.UnitTestAdapter, Microsoft.VisualStudio.QualityTools.Tips.UnitTest.Adapter, Version=10.0.0.0, Culture=neutral, PublicKeyToken=b03f5f7f11d50a3a" className="EdwardClorinaTest.frmEstimateTest, EdwardClorinaTest, Version=1.0.0.0, Culture=neutral, PublicKeyToken=null" name="clearEnabledFalse_Test" />
    </UnitTest>
    <UnitTest name="btnCalculate_HigherTradeInTest" storage="c:\users\eclorina\dropbox\public\term3\.net programming\netedwardclorina\edwardclorinatest\bin\debug\edwardclorinatest.dll" id="5565d732-dad7-4a06-da1f-b46e76896158">
      <DeploymentItems>
        <DeploymentItem filename="NETEdwardClorina.exe" />
      </DeploymentItems>
      <Execution id="94925654-3d42-4b84-9c4d-90d6b10f989d" />
      <TestMethod codeBase="C:/Users/eclorina/Dropbox/Public/Term3/.NET Programming/NETEdwardClorina/EdwardClorinaTest/bin/Debug/EdwardClorinaTest.DLL" adapterTypeName="Microsoft.VisualStudio.TestTools.TestTypes.Unit.UnitTestAdapter, Microsoft.VisualStudio.QualityTools.Tips.UnitTest.Adapter, Version=10.0.0.0, Culture=neutral, PublicKeyToken=b03f5f7f11d50a3a" className="EdwardClorinaTest.frmEstimateTest, EdwardClorinaTest, Version=1.0.0.0, Culture=neutral, PublicKeyToken=null" name="btnCalculate_HigherTradeInTest" />
    </UnitTest>
    <UnitTest name="chkChangedLeather_CheckedChangedTest" storage="c:\users\eclorina\dropbox\public\term3\.net programming\netedwardclorina\edwardclorinatest\bin\debug\edwardclorinatest.dll" id="651ee12c-eead-caed-365a-cef57fe49640">
      <DeploymentItems>
        <DeploymentItem filename="NETEdwardClorina.exe" />
      </DeploymentItems>
      <Execution id="6a83326f-92ce-4a15-b22e-676b04f05572" />
      <TestMethod codeBase="C:/Users/eclorina/Dropbox/Public/Term3/.NET Programming/NETEdwardClorina/EdwardClorinaTest/bin/Debug/EdwardClorinaTest.DLL" adapterTypeName="Microsoft.VisualStudio.TestTools.TestTypes.Unit.UnitTestAdapter, Microsoft.VisualStudio.QualityTools.Tips.UnitTest.Adapter, Version=10.0.0.0, Culture=neutral, PublicKeyToken=b03f5f7f11d50a3a" className="EdwardClorinaTest.frmEstimateTest, EdwardClorinaTest, Version=1.0.0.0, Culture=neutral, PublicKeyToken=null" name="chkChangedLeather_CheckedChangedTest" />
    </UnitTest>
    <UnitTest name="chkChangedAll_CheckedChangedTest" storage="c:\users\eclorina\dropbox\public\term3\.net programming\netedwardclorina\edwardclorinatest\bin\debug\edwardclorinatest.dll" id="a2ae5d1a-bef5-cd1a-fd2f-d198f86dae11">
      <DeploymentItems>
        <DeploymentItem filename="NETEdwardClorina.exe" />
      </DeploymentItems>
      <Execution id="94a030ca-5fe0-4de9-8eaa-4eba342e9001" />
      <TestMethod codeBase="C:/Users/eclorina/Dropbox/Public/Term3/.NET Programming/NETEdwardClorina/EdwardClorinaTest/bin/Debug/EdwardClorinaTest.DLL" adapterTypeName="Microsoft.VisualStudio.TestTools.TestTypes.Unit.UnitTestAdapter, Microsoft.VisualStudio.QualityTools.Tips.UnitTest.Adapter, Version=10.0.0.0, Culture=neutral, PublicKeyToken=b03f5f7f11d50a3a" className="EdwardClorinaTest.frmEstimateTest, EdwardClorinaTest, Version=1.0.0.0, Culture=neutral, PublicKeyToken=null" name="chkChangedAll_CheckedChangedTest" />
    </UnitTest>
    <UnitTest name="chkChangedStereoLeather_CheckedChangedTest" storage="c:\users\eclorina\dropbox\public\term3\.net programming\netedwardclorina\edwardclorinatest\bin\debug\edwardclorinatest.dll" id="d22b8720-2396-59f9-5495-600f2fe852ef">
      <DeploymentItems>
        <DeploymentItem filename="NETEdwardClorina.exe" />
      </DeploymentItems>
      <Execution id="660e6f81-623a-40d6-9bab-714aa556f608" />
      <TestMethod codeBase="C:/Users/eclorina/Dropbox/Public/Term3/.NET Programming/NETEdwardClorina/EdwardClorinaTest/bin/Debug/EdwardClorinaTest.DLL" adapterTypeName="Microsoft.VisualStudio.TestTools.TestTypes.Unit.UnitTestAdapter, Microsoft.VisualStudio.QualityTools.Tips.UnitTest.Adapter, Version=10.0.0.0, Culture=neutral, PublicKeyToken=b03f5f7f11d50a3a" className="EdwardClorinaTest.frmEstimateTest, EdwardClorinaTest, Version=1.0.0.0, Culture=neutral, PublicKeyToken=null" name="chkChangedStereoLeather_CheckedChangedTest" />
    </UnitTest>
    <UnitTest name="clearEnabledTrue_Test" storage="c:\users\eclorina\dropbox\public\term3\.net programming\netedwardclorina\edwardclorinatest\bin\debug\edwardclorinatest.dll" id="9c124bcf-e619-5c77-498a-2ac79e8694f1">
      <DeploymentItems>
        <DeploymentItem filename="NETEdwardClorina.exe" />
      </DeploymentItems>
      <Execution id="18ea6443-59c0-418c-9742-df1f9812b10f" />
      <TestMethod codeBase="C:/Users/eclorina/Dropbox/Public/Term3/.NET Programming/NETEdwardClorina/EdwardClorinaTest/bin/Debug/EdwardClorinaTest.DLL" adapterTypeName="Microsoft.VisualStudio.TestTools.TestTypes.Unit.UnitTestAdapter, Microsoft.VisualStudio.QualityTools.Tips.UnitTest.Adapter, Version=10.0.0.0, Culture=neutral, PublicKeyToken=b03f5f7f11d50a3a" className="EdwardClorinaTest.frmEstimateTest, EdwardClorinaTest, Version=1.0.0.0, Culture=neutral, PublicKeyToken=null" name="clearEnabledTrue_Test" />
    </UnitTest>
    <UnitTest name="txtChangedOrLeave_NumericTest" storage="c:\users\eclorina\dropbox\public\term3\.net programming\netedwardclorina\edwardclorinatest\bin\debug\edwardclorinatest.dll" id="fb655678-719d-c498-3c6f-d378ca9161c3">
      <DeploymentItems>
        <DeploymentItem filename="NETEdwardClorina.exe" />
      </DeploymentItems>
      <Execution id="21fc403e-60eb-4ae5-b869-c595b2fcf7b2" />
      <TestMethod codeBase="C:/Users/eclorina/Dropbox/Public/Term3/.NET Programming/NETEdwardClorina/EdwardClorinaTest/bin/Debug/EdwardClorinaTest.DLL" adapterTypeName="Microsoft.VisualStudio.TestTools.TestTypes.Unit.UnitTestAdapter, Microsoft.VisualStudio.QualityTools.Tips.UnitTest.Adapter, Version=10.0.0.0, Culture=neutral, PublicKeyToken=b03f5f7f11d50a3a" className="EdwardClorinaTest.frmEstimateTest, EdwardClorinaTest, Version=1.0.0.0, Culture=neutral, PublicKeyToken=null" name="txtChangedOrLeave_NumericTest" />
    </UnitTest>
    <UnitTest name="AcceptQuoteToolStripMenuItem_Test" storage="c:\users\eclorina\dropbox\public\term3\.net programming\netedwardclorina\edwardclorinatest\bin\debug\edwardclorinatest.dll" id="6648b852-8b96-323d-69bc-7e6c3f8c5422">
      <DeploymentItems>
        <DeploymentItem filename="NETEdwardClorina.exe" />
      </DeploymentItems>
      <Execution id="4b6d4779-63f3-4bf7-96a4-11e935b89f15" />
      <TestMethod codeBase="C:/Users/eclorina/Dropbox/Public/Term3/.NET Programming/NETEdwardClorina/EdwardClorinaTest/bin/Debug/EdwardClorinaTest.DLL" adapterTypeName="Microsoft.VisualStudio.TestTools.TestTypes.Unit.UnitTestAdapter, Microsoft.VisualStudio.QualityTools.Tips.UnitTest.Adapter, Version=10.0.0.0, Culture=neutral, PublicKeyToken=b03f5f7f11d50a3a" className="EdwardClorinaTest.frmEstimateTest, EdwardClorinaTest, Version=1.0.0.0, Culture=neutral, PublicKeyToken=null" name="AcceptQuoteToolStripMenuItem_Test" />
    </UnitTest>
    <UnitTest name="calculateTest_yearsMin" storage="c:\users\eclorina\dropbox\public\term3\.net programming\netedwardclorina\edwardclorinatest\bin\debug\edwardclorinatest.dll" id="002a1621-eddc-ca64-2bf0-0344f5ea638f">
      <DeploymentItems>
        <DeploymentItem filename="NETEdwardClorina.exe" />
      </DeploymentItems>
      <Execution id="ffdbce8d-99f9-45bc-b925-072f4a8aa5fb" />
      <TestMethod codeBase="C:/Users/eclorina/Dropbox/Public/Term3/.NET Programming/NETEdwardClorina/EdwardClorinaTest/bin/Debug/EdwardClorinaTest.DLL" adapterTypeName="Microsoft.VisualStudio.TestTools.TestTypes.Unit.UnitTestAdapter, Microsoft.VisualStudio.QualityTools.Tips.UnitTest.Adapter, Version=10.0.0.0, Culture=neutral, PublicKeyToken=b03f5f7f11d50a3a" className="EdwardClorinaTest.frmEstimateTest, EdwardClorinaTest, Version=1.0.0.0, Culture=neutral, PublicKeyToken=null" name="calculateTest_yearsMin" />
    </UnitTest>
    <UnitTest name="radChangedPearlized_CheckedChangedTest" storage="c:\users\eclorina\dropbox\public\term3\.net programming\netedwardclorina\edwardclorinatest\bin\debug\edwardclorinatest.dll" id="93e7a9d2-7f5d-6f59-bcd8-4a5a6ea7b55a">
      <DeploymentItems>
        <DeploymentItem filename="NETEdwardClorina.exe" />
      </DeploymentItems>
      <Execution id="1d938029-fdc7-4763-a169-35ba24fac263" />
      <TestMethod codeBase="C:/Users/eclorina/Dropbox/Public/Term3/.NET Programming/NETEdwardClorina/EdwardClorinaTest/bin/Debug/EdwardClorinaTest.DLL" adapterTypeName="Microsoft.VisualStudio.TestTools.TestTypes.Unit.UnitTestAdapter, Microsoft.VisualStudio.QualityTools.Tips.UnitTest.Adapter, Version=10.0.0.0, Culture=neutral, PublicKeyToken=b03f5f7f11d50a3a" className="EdwardClorinaTest.frmEstimateTest, EdwardClorinaTest, Version=1.0.0.0, Culture=neutral, PublicKeyToken=null" name="radChangedPearlized_CheckedChangedTest" />
    </UnitTest>
    <UnitTest name="enableFinanceTest_True" storage="c:\users\eclorina\dropbox\public\term3\.net programming\netedwardclorina\edwardclorinatest\bin\debug\edwardclorinatest.dll" id="051e3353-d069-cbc3-a3b9-088a6b8b5ef2">
      <DeploymentItems>
        <DeploymentItem filename="NETEdwardClorina.exe" />
      </DeploymentItems>
      <Execution id="4528e59c-822a-44a6-b13e-74d3663bfb05" />
      <TestMethod codeBase="C:/Users/eclorina/Dropbox/Public/Term3/.NET Programming/NETEdwardClorina/EdwardClorinaTest/bin/Debug/EdwardClorinaTest.DLL" adapterTypeName="Microsoft.VisualStudio.TestTools.TestTypes.Unit.UnitTestAdapter, Microsoft.VisualStudio.QualityTools.Tips.UnitTest.Adapter, Version=10.0.0.0, Culture=neutral, PublicKeyToken=b03f5f7f11d50a3a" className="EdwardClorinaTest.frmEstimateTest, EdwardClorinaTest, Version=1.0.0.0, Culture=neutral, PublicKeyToken=null" name="enableFinanceTest_True" />
    </UnitTest>
    <UnitTest name="calculateTest_rateMin" storage="c:\users\eclorina\dropbox\public\term3\.net programming\netedwardclorina\edwardclorinatest\bin\debug\edwardclorinatest.dll" id="e8bb5cd8-bc3c-2c60-2e53-498c41282682">
      <DeploymentItems>
        <DeploymentItem filename="NETEdwardClorina.exe" />
      </DeploymentItems>
      <Execution id="daaa18af-66e6-46a6-837b-f0c29951c7ce" />
      <TestMethod codeBase="C:/Users/eclorina/Dropbox/Public/Term3/.NET Programming/NETEdwardClorina/EdwardClorinaTest/bin/Debug/EdwardClorinaTest.DLL" adapterTypeName="Microsoft.VisualStudio.TestTools.TestTypes.Unit.UnitTestAdapter, Microsoft.VisualStudio.QualityTools.Tips.UnitTest.Adapter, Version=10.0.0.0, Culture=neutral, PublicKeyToken=b03f5f7f11d50a3a" className="EdwardClorinaTest.frmEstimateTest, EdwardClorinaTest, Version=1.0.0.0, Culture=neutral, PublicKeyToken=null" name="calculateTest_rateMin" />
    </UnitTest>
    <UnitTest name="txtChangedOrLeaveTradeIn_NonNumericTest" storage="c:\users\eclorina\dropbox\public\term3\.net programming\netedwardclorina\edwardclorinatest\bin\debug\edwardclorinatest.dll" id="b8e8abfa-5cbf-81ad-8c99-afde5d754357">
      <DeploymentItems>
        <DeploymentItem filename="NETEdwardClorina.exe" />
      </DeploymentItems>
      <Execution id="077f8fa0-93ff-49e4-81b3-e199362e29dc" />
      <TestMethod codeBase="C:/Users/eclorina/Dropbox/Public/Term3/.NET Programming/NETEdwardClorina/EdwardClorinaTest/bin/Debug/EdwardClorinaTest.DLL" adapterTypeName="Microsoft.VisualStudio.TestTools.TestTypes.Unit.UnitTestAdapter, Microsoft.VisualStudio.QualityTools.Tips.UnitTest.Adapter, Version=10.0.0.0, Culture=neutral, PublicKeyToken=b03f5f7f11d50a3a" className="EdwardClorinaTest.frmEstimateTest, EdwardClorinaTest, Version=1.0.0.0, Culture=neutral, PublicKeyToken=null" name="txtChangedOrLeaveTradeIn_NonNumericTest" />
    </UnitTest>
    <UnitTest name="txtChangedOrLeave_NumericEmptyTest" storage="c:\users\eclorina\dropbox\public\term3\.net programming\netedwardclorina\edwardclorinatest\bin\debug\edwardclorinatest.dll" id="ab334e8e-f28f-213a-6463-fae243bae4e6">
      <DeploymentItems>
        <DeploymentItem filename="NETEdwardClorina.exe" />
      </DeploymentItems>
      <Execution id="be429153-7f4a-4445-a534-0818b76c06d5" />
      <TestMethod codeBase="C:/Users/eclorina/Dropbox/Public/Term3/.NET Programming/NETEdwardClorina/EdwardClorinaTest/bin/Debug/EdwardClorinaTest.DLL" adapterTypeName="Microsoft.VisualStudio.TestTools.TestTypes.Unit.UnitTestAdapter, Microsoft.VisualStudio.QualityTools.Tips.UnitTest.Adapter, Version=10.0.0.0, Culture=neutral, PublicKeyToken=b03f5f7f11d50a3a" className="EdwardClorinaTest.frmEstimateTest, EdwardClorinaTest, Version=1.0.0.0, Culture=neutral, PublicKeyToken=null" name="txtChangedOrLeave_NumericEmptyTest" />
    </UnitTest>
    <UnitTest name="chkChangedCompNav_CheckedChangedTest" storage="c:\users\eclorina\dropbox\public\term3\.net programming\netedwardclorina\edwardclorinatest\bin\debug\edwardclorinatest.dll" id="a6211a8f-d89b-fdcf-9a15-1658106b675d">
      <DeploymentItems>
        <DeploymentItem filename="NETEdwardClorina.exe" />
      </DeploymentItems>
      <Execution id="dd326fdb-fe4e-4baa-94c9-a6e7e05ef6ec" />
      <TestMethod codeBase="C:/Users/eclorina/Dropbox/Public/Term3/.NET Programming/NETEdwardClorina/EdwardClorinaTest/bin/Debug/EdwardClorinaTest.DLL" adapterTypeName="Microsoft.VisualStudio.TestTools.TestTypes.Unit.UnitTestAdapter, Microsoft.VisualStudio.QualityTools.Tips.UnitTest.Adapter, Version=10.0.0.0, Culture=neutral, PublicKeyToken=b03f5f7f11d50a3a" className="EdwardClorinaTest.frmEstimateTest, EdwardClorinaTest, Version=1.0.0.0, Culture=neutral, PublicKeyToken=null" name="chkChangedCompNav_CheckedChangedTest" />
    </UnitTest>
    <UnitTest name="btnClear_ClickTest" storage="c:\users\eclorina\dropbox\public\term3\.net programming\netedwardclorina\edwardclorinatest\bin\debug\edwardclorinatest.dll" id="ec7265e3-81b1-17df-a549-5c473eaebdd5">
      <DeploymentItems>
        <DeploymentItem filename="NETEdwardClorina.exe" />
      </DeploymentItems>
      <Execution id="baf0d251-3cd6-4637-84db-89dfef22a2b4" />
      <TestMethod codeBase="C:/Users/eclorina/Dropbox/Public/Term3/.NET Programming/NETEdwardClorina/EdwardClorinaTest/bin/Debug/EdwardClorinaTest.DLL" adapterTypeName="Microsoft.VisualStudio.TestTools.TestTypes.Unit.UnitTestAdapter, Microsoft.VisualStudio.QualityTools.Tips.UnitTest.Adapter, Version=10.0.0.0, Culture=neutral, PublicKeyToken=b03f5f7f11d50a3a" className="EdwardClorinaTest.frmEstimateTest, EdwardClorinaTest, Version=1.0.0.0, Culture=neutral, PublicKeyToken=null" name="btnClear_ClickTest" />
    </UnitTest>
    <UnitTest name="hsbYearsInterestRate_Rate" storage="c:\users\eclorina\dropbox\public\term3\.net programming\netedwardclorina\edwardclorinatest\bin\debug\edwardclorinatest.dll" id="e4c7774b-a1bb-357f-84d5-37861d25edbf">
      <DeploymentItems>
        <DeploymentItem filename="NETEdwardClorina.exe" />
      </DeploymentItems>
      <Execution id="7e5f7973-c033-4cea-822c-0797067a1607" />
      <TestMethod codeBase="C:/Users/eclorina/Dropbox/Public/Term3/.NET Programming/NETEdwardClorina/EdwardClorinaTest/bin/Debug/EdwardClorinaTest.DLL" adapterTypeName="Microsoft.VisualStudio.TestTools.TestTypes.Unit.UnitTestAdapter, Microsoft.VisualStudio.QualityTools.Tips.UnitTest.Adapter, Version=10.0.0.0, Culture=neutral, PublicKeyToken=b03f5f7f11d50a3a" className="EdwardClorinaTest.frmEstimateTest, EdwardClorinaTest, Version=1.0.0.0, Culture=neutral, PublicKeyToken=null" name="hsbYearsInterestRate_Rate" />
    </UnitTest>
    <UnitTest name="txtSelectAllCustomerName_EnterTest" storage="c:\users\eclorina\dropbox\public\term3\.net programming\netedwardclorina\edwardclorinatest\bin\debug\edwardclorinatest.dll" id="aa3baa45-ea4a-aae1-2cb7-8c1a5b6fbbcf">
      <DeploymentItems>
        <DeploymentItem filename="NETEdwardClorina.exe" />
      </DeploymentItems>
      <Execution id="448dbe97-b60a-4064-8fba-e9edae81ec0d" />
      <TestMethod codeBase="C:/Users/eclorina/Dropbox/Public/Term3/.NET Programming/NETEdwardClorina/EdwardClorinaTest/bin/Debug/EdwardClorinaTest.DLL" adapterTypeName="Microsoft.VisualStudio.TestTools.TestTypes.Unit.UnitTestAdapter, Microsoft.VisualStudio.QualityTools.Tips.UnitTest.Adapter, Version=10.0.0.0, Culture=neutral, PublicKeyToken=b03f5f7f11d50a3a" className="EdwardClorinaTest.frmEstimateTest, EdwardClorinaTest, Version=1.0.0.0, Culture=neutral, PublicKeyToken=null" name="txtSelectAllCustomerName_EnterTest" />
    </UnitTest>
    <UnitTest name="hsbYearsInterestRate_Years" storage="c:\users\eclorina\dropbox\public\term3\.net programming\netedwardclorina\edwardclorinatest\bin\debug\edwardclorinatest.dll" id="f3995e10-0f0e-0072-ebba-5cc4aa6e8c6a">
      <DeploymentItems>
        <DeploymentItem filename="NETEdwardClorina.exe" />
      </DeploymentItems>
      <Execution id="69d9c3f1-5677-43b7-b46f-477dca7e776b" />
      <TestMethod codeBase="C:/Users/eclorina/Dropbox/Public/Term3/.NET Programming/NETEdwardClorina/EdwardClorinaTest/bin/Debug/EdwardClorinaTest.DLL" adapterTypeName="Microsoft.VisualStudio.TestTools.TestTypes.Unit.UnitTestAdapter, Microsoft.VisualStudio.QualityTools.Tips.UnitTest.Adapter, Version=10.0.0.0, Culture=neutral, PublicKeyToken=b03f5f7f11d50a3a" className="EdwardClorinaTest.frmEstimateTest, EdwardClorinaTest, Version=1.0.0.0, Culture=neutral, PublicKeyToken=null" name="hsbYearsInterestRate_Years" />
    </UnitTest>
    <UnitTest name="calculateTest_rateMax" storage="c:\users\eclorina\dropbox\public\term3\.net programming\netedwardclorina\edwardclorinatest\bin\debug\edwardclorinatest.dll" id="fa8c2ce7-c1b4-4f04-a1e9-f63fe05d2d18">
      <DeploymentItems>
        <DeploymentItem filename="NETEdwardClorina.exe" />
      </DeploymentItems>
      <Execution id="248d964a-8d6b-4c92-80e5-189fa5bd23c1" />
      <TestMethod codeBase="C:/Users/eclorina/Dropbox/Public/Term3/.NET Programming/NETEdwardClorina/EdwardClorinaTest/bin/Debug/EdwardClorinaTest.DLL" adapterTypeName="Microsoft.VisualStudio.TestTools.TestTypes.Unit.UnitTestAdapter, Microsoft.VisualStudio.QualityTools.Tips.UnitTest.Adapter, Version=10.0.0.0, Culture=neutral, PublicKeyToken=b03f5f7f11d50a3a" className="EdwardClorinaTest.frmEstimateTest, EdwardClorinaTest, Version=1.0.0.0, Culture=neutral, PublicKeyToken=null" name="calculateTest_rateMax" />
    </UnitTest>
    <UnitTest name="btnCalculate_NoAccessoriesTest" storage="c:\users\eclorina\dropbox\public\term3\.net programming\netedwardclorina\edwardclorinatest\bin\debug\edwardclorinatest.dll" id="69d8cdff-358e-e0a2-86a1-f09ba854ef17">
      <DeploymentItems>
        <DeploymentItem filename="NETEdwardClorina.exe" />
      </DeploymentItems>
      <Execution id="bd41862b-9550-4c70-867b-f79eb8479927" />
      <TestMethod codeBase="C:/Users/eclorina/Dropbox/Public/Term3/.NET Programming/NETEdwardClorina/EdwardClorinaTest/bin/Debug/EdwardClorinaTest.DLL" adapterTypeName="Microsoft.VisualStudio.TestTools.TestTypes.Unit.UnitTestAdapter, Microsoft.VisualStudio.QualityTools.Tips.UnitTest.Adapter, Version=10.0.0.0, Culture=neutral, PublicKeyToken=b03f5f7f11d50a3a" className="EdwardClorinaTest.frmEstimateTest, EdwardClorinaTest, Version=1.0.0.0, Culture=neutral, PublicKeyToken=null" name="btnCalculate_NoAccessoriesTest" />
    </UnitTest>
    <UnitTest name="chkChangedLeatherCompNav_CheckedChangedTest" storage="c:\users\eclorina\dropbox\public\term3\.net programming\netedwardclorina\edwardclorinatest\bin\debug\edwardclorinatest.dll" id="3a4e6860-488c-74df-4062-971e5320d6a6">
      <DeploymentItems>
        <DeploymentItem filename="NETEdwardClorina.exe" />
      </DeploymentItems>
      <Execution id="687b0e8d-6e53-4433-a5a6-04dbb4cc1208" />
      <TestMethod codeBase="C:/Users/eclorina/Dropbox/Public/Term3/.NET Programming/NETEdwardClorina/EdwardClorinaTest/bin/Debug/EdwardClorinaTest.DLL" adapterTypeName="Microsoft.VisualStudio.TestTools.TestTypes.Unit.UnitTestAdapter, Microsoft.VisualStudio.QualityTools.Tips.UnitTest.Adapter, Version=10.0.0.0, Culture=neutral, PublicKeyToken=b03f5f7f11d50a3a" className="EdwardClorinaTest.frmEstimateTest, EdwardClorinaTest, Version=1.0.0.0, Culture=neutral, PublicKeyToken=null" name="chkChangedLeatherCompNav_CheckedChangedTest" />
    </UnitTest>
    <UnitTest name="calculateTest_noAmountDue" storage="c:\users\eclorina\dropbox\public\term3\.net programming\netedwardclorina\edwardclorinatest\bin\debug\edwardclorinatest.dll" id="dbcb17e9-71e9-a092-ad4c-10c8eb1858d3">
      <DeploymentItems>
        <DeploymentItem filename="NETEdwardClorina.exe" />
      </DeploymentItems>
      <Execution id="5e2b82d9-dace-4991-814c-6bf3cbc8a312" />
      <TestMethod codeBase="C:/Users/eclorina/Dropbox/Public/Term3/.NET Programming/NETEdwardClorina/EdwardClorinaTest/bin/Debug/EdwardClorinaTest.DLL" adapterTypeName="Microsoft.VisualStudio.TestTools.TestTypes.Unit.UnitTestAdapter, Microsoft.VisualStudio.QualityTools.Tips.UnitTest.Adapter, Version=10.0.0.0, Culture=neutral, PublicKeyToken=b03f5f7f11d50a3a" className="EdwardClorinaTest.frmEstimateTest, EdwardClorinaTest, Version=1.0.0.0, Culture=neutral, PublicKeyToken=null" name="calculateTest_noAmountDue" />
    </UnitTest>
    <UnitTest name="quoteEnabledFalse_Test" storage="c:\users\eclorina\dropbox\public\term3\.net programming\netedwardclorina\edwardclorinatest\bin\debug\edwardclorinatest.dll" id="d5280dcd-6a77-7c8a-8e6a-27b6b0335f02">
      <DeploymentItems>
        <DeploymentItem filename="NETEdwardClorina.exe" />
      </DeploymentItems>
      <Execution id="feac1418-9023-4d72-b28e-283a8a0a0ad2" />
      <TestMethod codeBase="C:/Users/eclorina/Dropbox/Public/Term3/.NET Programming/NETEdwardClorina/EdwardClorinaTest/bin/Debug/EdwardClorinaTest.DLL" adapterTypeName="Microsoft.VisualStudio.TestTools.TestTypes.Unit.UnitTestAdapter, Microsoft.VisualStudio.QualityTools.Tips.UnitTest.Adapter, Version=10.0.0.0, Culture=neutral, PublicKeyToken=b03f5f7f11d50a3a" className="EdwardClorinaTest.frmEstimateTest, EdwardClorinaTest, Version=1.0.0.0, Culture=neutral, PublicKeyToken=null" name="quoteEnabledFalse_Test" />
    </UnitTest>
    <UnitTest name="btnCalculate_AllTest" storage="c:\users\eclorina\dropbox\public\term3\.net programming\netedwardclorina\edwardclorinatest\bin\debug\edwardclorinatest.dll" id="1c39960a-2e3b-95aa-d587-38a5239ff5b5">
      <DeploymentItems>
        <DeploymentItem filename="NETEdwardClorina.exe" />
      </DeploymentItems>
      <Execution id="a17b9a6a-4e37-4803-9e29-b324653ab65e" />
      <TestMethod codeBase="C:/Users/eclorina/Dropbox/Public/Term3/.NET Programming/NETEdwardClorina/EdwardClorinaTest/bin/Debug/EdwardClorinaTest.DLL" adapterTypeName="Microsoft.VisualStudio.TestTools.TestTypes.Unit.UnitTestAdapter, Microsoft.VisualStudio.QualityTools.Tips.UnitTest.Adapter, Version=10.0.0.0, Culture=neutral, PublicKeyToken=b03f5f7f11d50a3a" className="EdwardClorinaTest.frmEstimateTest, EdwardClorinaTest, Version=1.0.0.0, Culture=neutral, PublicKeyToken=null" name="btnCalculate_AllTest" />
    </UnitTest>
    <UnitTest name="txtSelectAllSalePrice_EnterTest" storage="c:\users\eclorina\dropbox\public\term3\.net programming\netedwardclorina\edwardclorinatest\bin\debug\edwardclorinatest.dll" id="aec8b30e-86a2-1110-317c-162519fee187">
      <DeploymentItems>
        <DeploymentItem filename="NETEdwardClorina.exe" />
      </DeploymentItems>
      <Execution id="369287a7-8cd6-4425-b970-ce0ff22a342b" />
      <TestMethod codeBase="C:/Users/eclorina/Dropbox/Public/Term3/.NET Programming/NETEdwardClorina/EdwardClorinaTest/bin/Debug/EdwardClorinaTest.DLL" adapterTypeName="Microsoft.VisualStudio.TestTools.TestTypes.Unit.UnitTestAdapter, Microsoft.VisualStudio.QualityTools.Tips.UnitTest.Adapter, Version=10.0.0.0, Culture=neutral, PublicKeyToken=b03f5f7f11d50a3a" className="EdwardClorinaTest.frmEstimateTest, EdwardClorinaTest, Version=1.0.0.0, Culture=neutral, PublicKeyToken=null" name="txtSelectAllSalePrice_EnterTest" />
    </UnitTest>
  </TestDefinitions>
  <TestLists>
    <TestList name="Results Not in a List" id="8c84fa94-04c1-424b-9868-57a2d4851a1d" />
    <TestList name="All Loaded Results" id="19431567-8539-422a-85d7-44ee4e166bda" />
  </TestLists>
  <TestEntries>
    <TestEntry testId="002a1621-eddc-ca64-2bf0-0344f5ea638f" executionId="ffdbce8d-99f9-45bc-b925-072f4a8aa5fb" testListId="8c84fa94-04c1-424b-9868-57a2d4851a1d" />
    <TestEntry testId="051e3353-d069-cbc3-a3b9-088a6b8b5ef2" executionId="4528e59c-822a-44a6-b13e-74d3663bfb05" testListId="8c84fa94-04c1-424b-9868-57a2d4851a1d" />
    <TestEntry testId="13f17089-26b6-adac-d056-369110824fa8" executionId="bb92bfd2-1f47-413f-8fb5-f897cc4ed605" testListId="8c84fa94-04c1-424b-9868-57a2d4851a1d" />
    <TestEntry testId="1c39960a-2e3b-95aa-d587-38a5239ff5b5" executionId="a17b9a6a-4e37-4803-9e29-b324653ab65e" testListId="8c84fa94-04c1-424b-9868-57a2d4851a1d" />
    <TestEntry testId="2f816674-c6d9-d0be-6071-220f254803ac" executionId="745fc254-604a-4140-a9c9-596f29c8c4ea" testListId="8c84fa94-04c1-424b-9868-57a2d4851a1d" />
    <TestEntry testId="3a4e6860-488c-74df-4062-971e5320d6a6" executionId="687b0e8d-6e53-4433-a5a6-04dbb4cc1208" testListId="8c84fa94-04c1-424b-9868-57a2d4851a1d" />
    <TestEntry testId="45a8c117-d6a9-1d87-84b9-04e419370e4a" executionId="ae60a169-17d2-45c3-b224-11fa43e9794d" testListId="8c84fa94-04c1-424b-9868-57a2d4851a1d" />
    <TestEntry testId="4b548cbb-f070-3eab-57a1-27b52b5758f9" executionId="d227995e-f14c-4a77-bf66-e8cdca64ea26" testListId="8c84fa94-04c1-424b-9868-57a2d4851a1d" />
    <TestEntry testId="52dd2c69-511c-e3c3-9151-3221a6eb0905" executionId="80d9f93f-2004-4647-839b-23457034a219" testListId="8c84fa94-04c1-424b-9868-57a2d4851a1d" />
    <TestEntry testId="5565d732-dad7-4a06-da1f-b46e76896158" executionId="94925654-3d42-4b84-9c4d-90d6b10f989d" testListId="8c84fa94-04c1-424b-9868-57a2d4851a1d" />
    <TestEntry testId="617cfebc-4eb5-27fe-13e8-77be2a6a1d90" executionId="34b94bdf-4d81-45cd-9549-6438c4419937" testListId="8c84fa94-04c1-424b-9868-57a2d4851a1d" />
    <TestEntry testId="651ee12c-eead-caed-365a-cef57fe49640" executionId="6a83326f-92ce-4a15-b22e-676b04f05572" testListId="8c84fa94-04c1-424b-9868-57a2d4851a1d" />
    <TestEntry testId="6648b852-8b96-323d-69bc-7e6c3f8c5422" executionId="4b6d4779-63f3-4bf7-96a4-11e935b89f15" testListId="8c84fa94-04c1-424b-9868-57a2d4851a1d" />
    <TestEntry testId="69d8cdff-358e-e0a2-86a1-f09ba854ef17" executionId="bd41862b-9550-4c70-867b-f79eb8479927" testListId="8c84fa94-04c1-424b-9868-57a2d4851a1d" />
    <TestEntry testId="6ca4807f-540d-c6a8-7b1c-625d17427524" executionId="f5072e54-5c60-4d6c-ac33-e5c40019ad53" testListId="8c84fa94-04c1-424b-9868-57a2d4851a1d" />
    <TestEntry testId="70d6e0ce-7904-51f5-973e-2b44a102aeb7" executionId="d9f37d3c-4712-454e-a4fd-43b94a2832ea" testListId="8c84fa94-04c1-424b-9868-57a2d4851a1d" />
    <TestEntry testId="9222fecf-4f1e-8c35-74ae-f7b601608fd1" executionId="ad5e9a80-ba3c-4867-89d6-46850e3599e6" testListId="8c84fa94-04c1-424b-9868-57a2d4851a1d" />
    <TestEntry testId="93e7a9d2-7f5d-6f59-bcd8-4a5a6ea7b55a" executionId="1d938029-fdc7-4763-a169-35ba24fac263" testListId="8c84fa94-04c1-424b-9868-57a2d4851a1d" />
    <TestEntry testId="9488ef8e-9ae3-80b4-8035-92743c3f0ce1" executionId="f76f91e6-842c-4c68-a762-278732d8d3ab" testListId="8c84fa94-04c1-424b-9868-57a2d4851a1d" />
    <TestEntry testId="9c124bcf-e619-5c77-498a-2ac79e8694f1" executionId="18ea6443-59c0-418c-9742-df1f9812b10f" testListId="8c84fa94-04c1-424b-9868-57a2d4851a1d" />
    <TestEntry testId="a2ae5d1a-bef5-cd1a-fd2f-d198f86dae11" executionId="94a030ca-5fe0-4de9-8eaa-4eba342e9001" testListId="8c84fa94-04c1-424b-9868-57a2d4851a1d" />
    <TestEntry testId="a6211a8f-d89b-fdcf-9a15-1658106b675d" executionId="dd326fdb-fe4e-4baa-94c9-a6e7e05ef6ec" testListId="8c84fa94-04c1-424b-9868-57a2d4851a1d" />
    <TestEntry testId="aa3baa45-ea4a-aae1-2cb7-8c1a5b6fbbcf" executionId="448dbe97-b60a-4064-8fba-e9edae81ec0d" testListId="8c84fa94-04c1-424b-9868-57a2d4851a1d" />
    <TestEntry testId="ab334e8e-f28f-213a-6463-fae243bae4e6" executionId="be429153-7f4a-4445-a534-0818b76c06d5" testListId="8c84fa94-04c1-424b-9868-57a2d4851a1d" />
    <TestEntry testId="aec8b30e-86a2-1110-317c-162519fee187" executionId="369287a7-8cd6-4425-b970-ce0ff22a342b" testListId="8c84fa94-04c1-424b-9868-57a2d4851a1d" />
    <TestEntry testId="b8e8abfa-5cbf-81ad-8c99-afde5d754357" executionId="077f8fa0-93ff-49e4-81b3-e199362e29dc" testListId="8c84fa94-04c1-424b-9868-57a2d4851a1d" />
    <TestEntry testId="c59c3d8e-53e2-98e1-00f9-0e1cb81123e2" executionId="b0498c9d-7e50-4df2-8c87-78c05de0b978" testListId="8c84fa94-04c1-424b-9868-57a2d4851a1d" />
    <TestEntry testId="d22b8720-2396-59f9-5495-600f2fe852ef" executionId="660e6f81-623a-40d6-9bab-714aa556f608" testListId="8c84fa94-04c1-424b-9868-57a2d4851a1d" />
    <TestEntry testId="d3751965-96b3-454e-9878-5e9c8b111963" executionId="9a21a8f3-63da-4d2b-8d58-d5d5c015ec09" testListId="8c84fa94-04c1-424b-9868-57a2d4851a1d" />
    <TestEntry testId="d5280dcd-6a77-7c8a-8e6a-27b6b0335f02" executionId="feac1418-9023-4d72-b28e-283a8a0a0ad2" testListId="8c84fa94-04c1-424b-9868-57a2d4851a1d" />
    <TestEntry testId="dbcb17e9-71e9-a092-ad4c-10c8eb1858d3" executionId="5e2b82d9-dace-4991-814c-6bf3cbc8a312" testListId="8c84fa94-04c1-424b-9868-57a2d4851a1d" />
    <TestEntry testId="e4c7774b-a1bb-357f-84d5-37861d25edbf" executionId="7e5f7973-c033-4cea-822c-0797067a1607" testListId="8c84fa94-04c1-424b-9868-57a2d4851a1d" />
    <TestEntry testId="e8bb5cd8-bc3c-2c60-2e53-498c41282682" executionId="daaa18af-66e6-46a6-837b-f0c29951c7ce" testListId="8c84fa94-04c1-424b-9868-57a2d4851a1d" />
    <TestEntry testId="ec7265e3-81b1-17df-a549-5c473eaebdd5" executionId="baf0d251-3cd6-4637-84db-89dfef22a2b4" testListId="8c84fa94-04c1-424b-9868-57a2d4851a1d" />
    <TestEntry testId="f044e7ce-e9b7-f039-4105-5cd881f28baa" executionId="7a799cd7-86f4-46e6-94a7-3d13650b4b22" testListId="8c84fa94-04c1-424b-9868-57a2d4851a1d" />
    <TestEntry testId="f3995e10-0f0e-0072-ebba-5cc4aa6e8c6a" executionId="69d9c3f1-5677-43b7-b46f-477dca7e776b" testListId="8c84fa94-04c1-424b-9868-57a2d4851a1d" />
    <TestEntry testId="f5e539bb-191e-2c18-e7c9-abe35728d6a4" executionId="06f7c26e-7769-4a20-8402-c8ae7d10d483" testListId="8c84fa94-04c1-424b-9868-57a2d4851a1d" />
    <TestEntry testId="fa8c2ce7-c1b4-4f04-a1e9-f63fe05d2d18" executionId="248d964a-8d6b-4c92-80e5-189fa5bd23c1" testListId="8c84fa94-04c1-424b-9868-57a2d4851a1d" />
    <TestEntry testId="fb655678-719d-c498-3c6f-d378ca9161c3" executionId="21fc403e-60eb-4ae5-b869-c595b2fcf7b2" testListId="8c84fa94-04c1-424b-9868-57a2d4851a1d" />
  </TestEntries>
  <Results>
    <UnitTestResult executionId="ffdbce8d-99f9-45bc-b925-072f4a8aa5fb" testId="002a1621-eddc-ca64-2bf0-0344f5ea638f" testName="calculateTest_yearsMin" computerName="ITSM1033954" duration="00:00:00.0504958" startTime="2012-10-04T22:58:58.1639726-05:00" endTime="2012-10-04T22:58:58.4129869-05:00" testType="13cdc9d9-ddb5-4fa4-a97d-d965ccfc6d4b" outcome="Passed" testListId="8c84fa94-04c1-424b-9868-57a2d4851a1d" relativeResultsDirectory="ffdbce8d-99f9-45bc-b925-072f4a8aa5fb">
    </UnitTestResult>
    <UnitTestResult executionId="4528e59c-822a-44a6-b13e-74d3663bfb05" testId="051e3353-d069-cbc3-a3b9-088a6b8b5ef2" testName="enableFinanceTest_True" computerName="ITSM1033954" duration="00:00:00.0110417" startTime="2012-10-04T22:58:58.4149870-05:00" endTime="2012-10-04T22:58:58.4329880-05:00" testType="13cdc9d9-ddb5-4fa4-a97d-d965ccfc6d4b" outcome="Passed" testListId="8c84fa94-04c1-424b-9868-57a2d4851a1d" relativeResultsDirectory="4528e59c-822a-44a6-b13e-74d3663bfb05">
    </UnitTestResult>
    <UnitTestResult executionId="bb92bfd2-1f47-413f-8fb5-f897cc4ed605" testId="13f17089-26b6-adac-d056-369110824fa8" testName="btnCalculate_NoTradeInTest" computerName="ITSM1033954" duration="00:00:00.0108507" startTime="2012-10-04T22:58:58.4359882-05:00" endTime="2012-10-04T22:58:58.4529892-05:00" testType="13cdc9d9-ddb5-4fa4-a97d-d965ccfc6d4b" outcome="Passed" testListId="8c84fa94-04c1-424b-9868-57a2d4851a1d" relativeResultsDirectory="bb92bfd2-1f47-413f-8fb5-f897cc4ed605">
    </UnitTestResult>
    <UnitTestResult executionId="a17b9a6a-4e37-4803-9e29-b324653ab65e" testId="1c39960a-2e3b-95aa-d587-38a5239ff5b5" testName="btnCalculate_AllTest" computerName="ITSM1033954" duration="00:00:00.0072475" startTime="2012-10-04T22:58:58.4589895-05:00" endTime="2012-10-04T22:58:58.4749904-05:00" testType="13cdc9d9-ddb5-4fa4-a97d-d965ccfc6d4b" outcome="Passed" testListId="8c84fa94-04c1-424b-9868-57a2d4851a1d" relativeResultsDirectory="a17b9a6a-4e37-4803-9e29-b324653ab65e">
    </UnitTestResult>
    <UnitTestResult executionId="745fc254-604a-4140-a9c9-596f29c8c4ea" testId="2f816674-c6d9-d0be-6071-220f254803ac" testName="chkChangedStereoCompNav_CheckedChangedTest" computerName="ITSM1033954" duration="00:00:00.0124522" startTime="2012-10-04T22:58:58.4799907-05:00" endTime="2012-10-04T22:58:58.4999919-05:00" testType="13cdc9d9-ddb5-4fa4-a97d-d965ccfc6d4b" outcome="Passed" testListId="8c84fa94-04c1-424b-9868-57a2d4851a1d" relativeResultsDirectory="745fc254-604a-4140-a9c9-596f29c8c4ea">
    </UnitTestResult>
    <UnitTestResult executionId="687b0e8d-6e53-4433-a5a6-04dbb4cc1208" testId="3a4e6860-488c-74df-4062-971e5320d6a6" testName="chkChangedLeatherCompNav_CheckedChangedTest" computerName="ITSM1033954" duration="00:00:00.0066567" startTime="2012-10-04T22:58:58.5039921-05:00" endTime="2012-10-04T22:58:58.5159928-05:00" testType="13cdc9d9-ddb5-4fa4-a97d-d965ccfc6d4b" outcome="Passed" testListId="8c84fa94-04c1-424b-9868-57a2d4851a1d" relativeResultsDirectory="687b0e8d-6e53-4433-a5a6-04dbb4cc1208">
    </UnitTestResult>
    <UnitTestResult executionId="ae60a169-17d2-45c3-b224-11fa43e9794d" testId="45a8c117-d6a9-1d87-84b9-04e419370e4a" testName="radChangedStandard_CheckedChangedTest" computerName="ITSM1033954" duration="00:00:00.0068776" startTime="2012-10-04T22:58:58.5179929-05:00" endTime="2012-10-04T22:58:58.5299936-05:00" testType="13cdc9d9-ddb5-4fa4-a97d-d965ccfc6d4b" outcome="Passed" testListId="8c84fa94-04c1-424b-9868-57a2d4851a1d" relativeResultsDirectory="ae60a169-17d2-45c3-b224-11fa43e9794d">
    </UnitTestResult>
    <UnitTestResult executionId="d227995e-f14c-4a77-bf66-e8cdca64ea26" testId="4b548cbb-f070-3eab-57a1-27b52b5758f9" testName="enableFinanceTest_False" computerName="ITSM1033954" duration="00:00:00.0058883" startTime="2012-10-04T22:58:58.5319937-05:00" endTime="2012-10-04T22:58:58.5439944-05:00" testType="13cdc9d9-ddb5-4fa4-a97d-d965ccfc6d4b" outcome="Passed" testListId="8c84fa94-04c1-424b-9868-57a2d4851a1d" relativeResultsDirectory="d227995e-f14c-4a77-bf66-e8cdca64ea26">
    </UnitTestResult>
    <UnitTestResult executionId="80d9f93f-2004-4647-839b-23457034a219" testId="52dd2c69-511c-e3c3-9151-3221a6eb0905" testName="calculateTest_yearsMax" computerName="ITSM1033954" duration="00:00:00.0061516" startTime="2012-10-04T22:58:58.5449944-05:00" endTime="2012-10-04T22:58:58.5569951-05:00" testType="13cdc9d9-ddb5-4fa4-a97d-d965ccfc6d4b" outcome="Passed" testListId="8c84fa94-04c1-424b-9868-57a2d4851a1d" relativeResultsDirectory="80d9f93f-2004-4647-839b-23457034a219">
    </UnitTestResult>
    <UnitTestResult executionId="94925654-3d42-4b84-9c4d-90d6b10f989d" testId="5565d732-dad7-4a06-da1f-b46e76896158" testName="btnCalculate_HigherTradeInTest" computerName="ITSM1033954" duration="00:00:00.0063667" startTime="2012-10-04T22:58:58.5589952-05:00" endTime="2012-10-04T22:58:58.5709959-05:00" testType="13cdc9d9-ddb5-4fa4-a97d-d965ccfc6d4b" outcome="Passed" testListId="8c84fa94-04c1-424b-9868-57a2d4851a1d" relativeResultsDirectory="94925654-3d42-4b84-9c4d-90d6b10f989d">
    </UnitTestResult>
    <UnitTestResult executionId="34b94bdf-4d81-45cd-9549-6438c4419937" testId="617cfebc-4eb5-27fe-13e8-77be2a6a1d90" testName="chkChangedNone_CheckedChangedTest" computerName="ITSM1033954" duration="00:00:00.0091221" startTime="2012-10-04T22:58:58.5729960-05:00" endTime="2012-10-04T22:58:58.5909971-05:00" testType="13cdc9d9-ddb5-4fa4-a97d-d965ccfc6d4b" outcome="Passed" testListId="8c84fa94-04c1-424b-9868-57a2d4851a1d" relativeResultsDirectory="34b94bdf-4d81-45cd-9549-6438c4419937">
    </UnitTestResult>
    <UnitTestResult executionId="6a83326f-92ce-4a15-b22e-676b04f05572" testId="651ee12c-eead-caed-365a-cef57fe49640" testName="chkChangedLeather_CheckedChangedTest" computerName="ITSM1033954" duration="00:00:00.0072279" startTime="2012-10-04T22:58:58.5929972-05:00" endTime="2012-10-04T22:58:58.6069980-05:00" testType="13cdc9d9-ddb5-4fa4-a97d-d965ccfc6d4b" outcome="Passed" testListId="8c84fa94-04c1-424b-9868-57a2d4851a1d" relativeResultsDirectory="6a83326f-92ce-4a15-b22e-676b04f05572">
    </UnitTestResult>
    <UnitTestResult executionId="4b6d4779-63f3-4bf7-96a4-11e935b89f15" testId="6648b852-8b96-323d-69bc-7e6c3f8c5422" testName="AcceptQuoteToolStripMenuItem_Test" computerName="ITSM1033954" duration="00:00:00.0088093" startTime="2012-10-04T22:58:58.6089981-05:00" endTime="2012-10-04T22:58:58.6299993-05:00" testType="13cdc9d9-ddb5-4fa4-a97d-d965ccfc6d4b" outcome="Passed" testListId="8c84fa94-04c1-424b-9868-57a2d4851a1d" relativeResultsDirectory="4b6d4779-63f3-4bf7-96a4-11e935b89f15">
    </UnitTestResult>
    <UnitTestResult executionId="bd41862b-9550-4c70-867b-f79eb8479927" testId="69d8cdff-358e-e0a2-86a1-f09ba854ef17" testName="btnCalculate_NoAccessoriesTest" computerName="ITSM1033954" duration="00:00:00.0069124" startTime="2012-10-04T22:58:58.6319994-05:00" endTime="2012-10-04T22:58:58.6440001-05:00" testType="13cdc9d9-ddb5-4fa4-a97d-d965ccfc6d4b" outcome="Passed" testListId="8c84fa94-04c1-424b-9868-57a2d4851a1d" relativeResultsDirectory="bd41862b-9550-4c70-867b-f79eb8479927">
    </UnitTestResult>
    <UnitTestResult executionId="f5072e54-5c60-4d6c-ac33-e5c40019ad53" testId="6ca4807f-540d-c6a8-7b1c-625d17427524" testName="btnCalculate_MultipleTest" computerName="ITSM1033954" duration="00:00:00.0062921" startTime="2012-10-04T22:58:58.6480003-05:00" endTime="2012-10-04T22:58:58.6600010-05:00" testType="13cdc9d9-ddb5-4fa4-a97d-d965ccfc6d4b" outcome="Passed" testListId="8c84fa94-04c1-424b-9868-57a2d4851a1d" relativeResultsDirectory="f5072e54-5c60-4d6c-ac33-e5c40019ad53">
    </UnitTestResult>
    <UnitTestResult executionId="d9f37d3c-4712-454e-a4fd-43b94a2832ea" testId="70d6e0ce-7904-51f5-973e-2b44a102aeb7" testName="chkChangedStereo_CheckedChangedTest" computerName="ITSM1033954" duration="00:00:00.0082078" startTime="2012-10-04T22:58:58.6610011-05:00" endTime="2012-10-04T22:58:58.6770020-05:00" testType="13cdc9d9-ddb5-4fa4-a97d-d965ccfc6d4b" outcome="Passed" testListId="8c84fa94-04c1-424b-9868-57a2d4851a1d" relativeResultsDirectory="d9f37d3c-4712-454e-a4fd-43b94a2832ea">
    </UnitTestResult>
    <UnitTestResult executionId="ad5e9a80-ba3c-4867-89d6-46850e3599e6" testId="9222fecf-4f1e-8c35-74ae-f7b601608fd1" testName="radChangedCustomDetail_CheckedChangedTest" computerName="ITSM1033954" duration="00:00:00.0099913" startTime="2012-10-04T22:58:58.6820023-05:00" endTime="2012-10-04T22:58:58.6980032-05:00" testType="13cdc9d9-ddb5-4fa4-a97d-d965ccfc6d4b" outcome="Passed" testListId="8c84fa94-04c1-424b-9868-57a2d4851a1d" relativeResultsDirectory="ad5e9a80-ba3c-4867-89d6-46850e3599e6">
    </UnitTestResult>
    <UnitTestResult executionId="1d938029-fdc7-4763-a169-35ba24fac263" testId="93e7a9d2-7f5d-6f59-bcd8-4a5a6ea7b55a" testName="radChangedPearlized_CheckedChangedTest" computerName="ITSM1033954" duration="00:00:00.0062738" startTime="2012-10-04T22:58:58.7000033-05:00" endTime="2012-10-04T22:58:58.7120040-05:00" testType="13cdc9d9-ddb5-4fa4-a97d-d965ccfc6d4b" outcome="Passed" testListId="8c84fa94-04c1-424b-9868-57a2d4851a1d" relativeResultsDirectory="1d938029-fdc7-4763-a169-35ba24fac263">
    </UnitTestResult>
    <UnitTestResult executionId="f76f91e6-842c-4c68-a762-278732d8d3ab" testId="9488ef8e-9ae3-80b4-8035-92743c3f0ce1" testName="quoteEnabledTrue_Test" computerName="ITSM1033954" duration="00:00:00.0064608" startTime="2012-10-04T22:58:58.7130040-05:00" endTime="2012-10-04T22:58:58.7250047-05:00" testType="13cdc9d9-ddb5-4fa4-a97d-d965ccfc6d4b" outcome="Passed" testListId="8c84fa94-04c1-424b-9868-57a2d4851a1d" relativeResultsDirectory="f76f91e6-842c-4c68-a762-278732d8d3ab">
    </UnitTestResult>
    <UnitTestResult executionId="18ea6443-59c0-418c-9742-df1f9812b10f" testId="9c124bcf-e619-5c77-498a-2ac79e8694f1" testName="clearEnabledTrue_Test" computerName="ITSM1033954" duration="00:00:00.0066348" startTime="2012-10-04T22:58:58.7270048-05:00" endTime="2012-10-04T22:58:58.7410056-05:00" testType="13cdc9d9-ddb5-4fa4-a97d-d965ccfc6d4b" outcome="Passed" testListId="8c84fa94-04c1-424b-9868-57a2d4851a1d" relativeResultsDirectory="18ea6443-59c0-418c-9742-df1f9812b10f">
    </UnitTestResult>
    <UnitTestResult executionId="94a030ca-5fe0-4de9-8eaa-4eba342e9001" testId="a2ae5d1a-bef5-cd1a-fd2f-d198f86dae11" testName="chkChangedAll_CheckedChangedTest" computerName="ITSM1033954" duration="00:00:00.0062377" startTime="2012-10-04T22:58:58.7430058-05:00" endTime="2012-10-04T22:58:58.7560065-05:00" testType="13cdc9d9-ddb5-4fa4-a97d-d965ccfc6d4b" outcome="Passed" testListId="8c84fa94-04c1-424b-9868-57a2d4851a1d" relativeResultsDirectory="94a030ca-5fe0-4de9-8eaa-4eba342e9001">
    </UnitTestResult>
    <UnitTestResult executionId="dd326fdb-fe4e-4baa-94c9-a6e7e05ef6ec" testId="a6211a8f-d89b-fdcf-9a15-1658106b675d" testName="chkChangedCompNav_CheckedChangedTest" computerName="ITSM1033954" duration="00:00:00.0067187" startTime="2012-10-04T22:58:58.7580066-05:00" endTime="2012-10-04T22:58:58.7700073-05:00" testType="13cdc9d9-ddb5-4fa4-a97d-d965ccfc6d4b" outcome="Passed" testListId="8c84fa94-04c1-424b-9868-57a2d4851a1d" relativeResultsDirectory="dd326fdb-fe4e-4baa-94c9-a6e7e05ef6ec">
    </UnitTestResult>
    <UnitTestResult executionId="448dbe97-b60a-4064-8fba-e9edae81ec0d" testId="aa3baa45-ea4a-aae1-2cb7-8c1a5b6fbbcf" testName="txtSelectAllCustomerName_EnterTest" computerName="ITSM1033954" duration="00:00:00.0067076" startTime="2012-10-04T22:58:58.7710074-05:00" endTime="2012-10-04T22:58:58.7840081-05:00" testType="13cdc9d9-ddb5-4fa4-a97d-d965ccfc6d4b" outcome="Passed" testListId="8c84fa94-04c1-424b-9868-57a2d4851a1d" relativeResultsDirectory="448dbe97-b60a-4064-8fba-e9edae81ec0d">
    </UnitTestResult>
    <UnitTestResult executionId="be429153-7f4a-4445-a534-0818b76c06d5" testId="ab334e8e-f28f-213a-6463-fae243bae4e6" testName="txtChangedOrLeave_NumericEmptyTest" computerName="ITSM1033954" duration="00:00:00.0069570" startTime="2012-10-04T22:58:58.7850082-05:00" endTime="2012-10-04T22:58:58.7980089-05:00" testType="13cdc9d9-ddb5-4fa4-a97d-d965ccfc6d4b" outcome="Passed" testListId="8c84fa94-04c1-424b-9868-57a2d4851a1d" relativeResultsDirectory="be429153-7f4a-4445-a534-0818b76c06d5">
    </UnitTestResult>
    <UnitTestResult executionId="369287a7-8cd6-4425-b970-ce0ff22a342b" testId="aec8b30e-86a2-1110-317c-162519fee187" testName="txtSelectAllSalePrice_EnterTest" computerName="ITSM1033954" duration="00:00:00.0058240" startTime="2012-10-04T22:58:58.8000090-05:00" endTime="2012-10-04T22:58:58.8110096-05:00" testType="13cdc9d9-ddb5-4fa4-a97d-d965ccfc6d4b" outcome="Passed" testListId="8c84fa94-04c1-424b-9868-57a2d4851a1d" relativeResultsDirectory="369287a7-8cd6-4425-b970-ce0ff22a342b">
    </UnitTestResult>
    <UnitTestResult executionId="077f8fa0-93ff-49e4-81b3-e199362e29dc" testId="b8e8abfa-5cbf-81ad-8c99-afde5d754357" testName="txtChangedOrLeaveTradeIn_NonNumericTest" computerName="ITSM1033954" duration="00:00:00.0060681" startTime="2012-10-04T22:58:58.8120097-05:00" endTime="2012-10-04T22:58:58.8240104-05:00" testType="13cdc9d9-ddb5-4fa4-a97d-d965ccfc6d4b" outcome="Passed" testListId="8c84fa94-04c1-424b-9868-57a2d4851a1d" relativeResultsDirectory="077f8fa0-93ff-49e4-81b3-e199362e29dc">
    </UnitTestResult>
    <UnitTestResult executionId="b0498c9d-7e50-4df2-8c87-78c05de0b978" testId="c59c3d8e-53e2-98e1-00f9-0e1cb81123e2" testName="clearEnabledFalse_Test" computerName="ITSM1033954" duration="00:00:00.0054769" startTime="2012-10-04T22:58:58.8250104-05:00" endTime="2012-10-04T22:58:58.8360111-05:00" testType="13cdc9d9-ddb5-4fa4-a97d-d965ccfc6d4b" outcome="Passed" testListId="8c84fa94-04c1-424b-9868-57a2d4851a1d" relativeResultsDirectory="b0498c9d-7e50-4df2-8c87-78c05de0b978">
    </UnitTestResult>
    <UnitTestResult executionId="660e6f81-623a-40d6-9bab-714aa556f608" testId="d22b8720-2396-59f9-5495-600f2fe852ef" testName="chkChangedStereoLeather_CheckedChangedTest" computerName="ITSM1033954" duration="00:00:00.0077250" startTime="2012-10-04T22:58:58.8370111-05:00" endTime="2012-10-04T22:58:58.8580123-05:00" testType="13cdc9d9-ddb5-4fa4-a97d-d965ccfc6d4b" outcome="Passed" testListId="8c84fa94-04c1-424b-9868-57a2d4851a1d" relativeResultsDirectory="660e6f81-623a-40d6-9bab-714aa556f608">
    </UnitTestResult>
    <UnitTestResult executionId="9a21a8f3-63da-4d2b-8d58-d5d5c015ec09" testId="d3751965-96b3-454e-9878-5e9c8b111963" testName="calculateTest" computerName="ITSM1033954" duration="00:00:00.0083006" startTime="2012-10-04T22:58:58.8600124-05:00" endTime="2012-10-04T22:58:58.8740133-05:00" testType="13cdc9d9-ddb5-4fa4-a97d-d965ccfc6d4b" outcome="Passed" testListId="8c84fa94-04c1-424b-9868-57a2d4851a1d" relativeResultsDirectory="9a21a8f3-63da-4d2b-8d58-d5d5c015ec09">
    </UnitTestResult>
    <UnitTestResult executionId="feac1418-9023-4d72-b28e-283a8a0a0ad2" testId="d5280dcd-6a77-7c8a-8e6a-27b6b0335f02" testName="quoteEnabledFalse_Test" computerName="ITSM1033954" duration="00:00:00.0105339" startTime="2012-10-04T22:58:58.8770134-05:00" endTime="2012-10-04T22:58:58.8970146-05:00" testType="13cdc9d9-ddb5-4fa4-a97d-d965ccfc6d4b" outcome="Passed" testListId="8c84fa94-04c1-424b-9868-57a2d4851a1d" relativeResultsDirectory="feac1418-9023-4d72-b28e-283a8a0a0ad2">
    </UnitTestResult>
    <UnitTestResult executionId="5e2b82d9-dace-4991-814c-6bf3cbc8a312" testId="dbcb17e9-71e9-a092-ad4c-10c8eb1858d3" testName="calculateTest_noAmountDue" computerName="ITSM1033954" duration="00:00:00.0085335" startTime="2012-10-04T22:58:58.9010148-05:00" endTime="2012-10-04T22:58:58.9160157-05:00" testType="13cdc9d9-ddb5-4fa4-a97d-d965ccfc6d4b" outcome="Passed" testListId="8c84fa94-04c1-424b-9868-57a2d4851a1d" relativeResultsDirectory="5e2b82d9-dace-4991-814c-6bf3cbc8a312">
    </UnitTestResult>
    <UnitTestResult executionId="7e5f7973-c033-4cea-822c-0797067a1607" testId="e4c7774b-a1bb-357f-84d5-37861d25edbf" testName="hsbYearsInterestRate_Rate" computerName="ITSM1033954" duration="00:00:00.0103800" startTime="2012-10-04T22:58:58.9180158-05:00" endTime="2012-10-04T22:58:58.9340167-05:00" testType="13cdc9d9-ddb5-4fa4-a97d-d965ccfc6d4b" outcome="Passed" testListId="8c84fa94-04c1-424b-9868-57a2d4851a1d" relativeResultsDirectory="7e5f7973-c033-4cea-822c-0797067a1607">
    </UnitTestResult>
    <UnitTestResult executionId="daaa18af-66e6-46a6-837b-f0c29951c7ce" testId="e8bb5cd8-bc3c-2c60-2e53-498c41282682" testName="calculateTest_rateMin" computerName="ITSM1033954" duration="00:00:00.0071832" startTime="2012-10-04T22:58:58.9350167-05:00" endTime="2012-10-04T22:58:58.9490175-05:00" testType="13cdc9d9-ddb5-4fa4-a97d-d965ccfc6d4b" outcome="Passed" testListId="8c84fa94-04c1-424b-9868-57a2d4851a1d" relativeResultsDirectory="daaa18af-66e6-46a6-837b-f0c29951c7ce">
    </UnitTestResult>
    <UnitTestResult executionId="baf0d251-3cd6-4637-84db-89dfef22a2b4" testId="ec7265e3-81b1-17df-a549-5c473eaebdd5" testName="btnClear_ClickTest" computerName="ITSM1033954" duration="00:00:00.0112327" startTime="2012-10-04T22:58:58.9500176-05:00" endTime="2012-10-04T22:58:58.9670186-05:00" testType="13cdc9d9-ddb5-4fa4-a97d-d965ccfc6d4b" outcome="Passed" testListId="8c84fa94-04c1-424b-9868-57a2d4851a1d" relativeResultsDirectory="baf0d251-3cd6-4637-84db-89dfef22a2b4">
    </UnitTestResult>
    <UnitTestResult executionId="7a799cd7-86f4-46e6-94a7-3d13650b4b22" testId="f044e7ce-e9b7-f039-4105-5cd881f28baa" testName="txtChangedOrLeaveSalePrice_NonNumericTest" computerName="ITSM1033954" duration="00:00:00.0068584" startTime="2012-10-04T22:58:58.9680186-05:00" endTime="2012-10-04T22:58:58.9810194-05:00" testType="13cdc9d9-ddb5-4fa4-a97d-d965ccfc6d4b" outcome="Passed" testListId="8c84fa94-04c1-424b-9868-57a2d4851a1d" relativeResultsDirectory="7a799cd7-86f4-46e6-94a7-3d13650b4b22">
    </UnitTestResult>
    <UnitTestResult executionId="69d9c3f1-5677-43b7-b46f-477dca7e776b" testId="f3995e10-0f0e-0072-ebba-5cc4aa6e8c6a" testName="hsbYearsInterestRate_Years" computerName="ITSM1033954" duration="00:00:00.0067285" startTime="2012-10-04T22:58:58.9820194-05:00" endTime="2012-10-04T22:58:58.9950202-05:00" testType="13cdc9d9-ddb5-4fa4-a97d-d965ccfc6d4b" outcome="Passed" testListId="8c84fa94-04c1-424b-9868-57a2d4851a1d" relativeResultsDirectory="69d9c3f1-5677-43b7-b46f-477dca7e776b">
    </UnitTestResult>
    <UnitTestResult executionId="06f7c26e-7769-4a20-8402-c8ae7d10d483" testId="f5e539bb-191e-2c18-e7c9-abe35728d6a4" testName="txtSelectAllTradeIn_EnterTest" computerName="ITSM1033954" duration="00:00:00.0063550" startTime="2012-10-04T22:58:58.9970203-05:00" endTime="2012-10-04T22:58:59.0100210-05:00" testType="13cdc9d9-ddb5-4fa4-a97d-d965ccfc6d4b" outcome="Passed" testListId="8c84fa94-04c1-424b-9868-57a2d4851a1d" relativeResultsDirectory="06f7c26e-7769-4a20-8402-c8ae7d10d483">
    </UnitTestResult>
    <UnitTestResult executionId="248d964a-8d6b-4c92-80e5-189fa5bd23c1" testId="fa8c2ce7-c1b4-4f04-a1e9-f63fe05d2d18" testName="calculateTest_rateMax" computerName="ITSM1033954" duration="00:00:00.0070364" startTime="2012-10-04T22:58:59.0110211-05:00" endTime="2012-10-04T22:58:59.0250219-05:00" testType="13cdc9d9-ddb5-4fa4-a97d-d965ccfc6d4b" outcome="Passed" testListId="8c84fa94-04c1-424b-9868-57a2d4851a1d" relativeResultsDirectory="248d964a-8d6b-4c92-80e5-189fa5bd23c1">
    </UnitTestResult>
    <UnitTestResult executionId="21fc403e-60eb-4ae5-b869-c595b2fcf7b2" testId="fb655678-719d-c498-3c6f-d378ca9161c3" testName="txtChangedOrLeave_NumericTest" computerName="ITSM1033954" duration="00:00:00.0067803" startTime="2012-10-04T22:58:59.0260219-05:00" endTime="2012-10-04T22:58:59.0410228-05:00" testType="13cdc9d9-ddb5-4fa4-a97d-d965ccfc6d4b" outcome="Passed" testListId="8c84fa94-04c1-424b-9868-57a2d4851a1d" relativeResultsDirectory="21fc403e-60eb-4ae5-b869-c595b2fcf7b2">
    </UnitTestResult>
  </Results>
</TestRun>